<?xml version="1.0" encoding="UTF-8"?>
<testsuite name="com.naiofy.albums_shop.UserListRunner" tests="0" skipped="0" failures="0" errors="0" timestamp="1970-01-01T00:00:00" hostname="PSOFKA0172" time="0.0">
  <properties/>
  <system-out><![CDATA[REGISTER BASE STEP LISTENER net.thucydides.core.steps.BaseStepListener@56eaa995
22:54:13.829 [Test worker] INFO  n.t.c.steps.ConsoleLoggingListener - Test Suite Started: User list
22:54:15.336 [Test worker] WARN  n.t.core.steps.BaseStepListener - testFinished: Consult the user list with regular user access token:Given I have an access Token of a regular user to search users [Login an user into the platform [Login user [POST https://nodejs-qa-training.herokuapp.com/users/sessions]]], When I consume the web service to see the user list on the platform [See the users into the platform [GET https://nodejs-qa-training.herokuapp.com/users]], Then the web service responses with the list of users [Verify that API response is 200], And the schema should match with the specification defined in "user_list.json" [Verify response schema with user_list.json]
22:54:15.337 [Test worker] WARN  n.t.core.steps.BaseStepListener - TestOutcomes: [Consult the user list with regular user access token:Given I have an access Token of a regular user to search users [Login an user into the platform [Login user [POST https://nodejs-qa-training.herokuapp.com/users/sessions]]], When I consume the web service to see the user list on the platform [See the users into the platform [GET https://nodejs-qa-training.herokuapp.com/users]], Then the web service responses with the list of users [Verify that API response is 200], And the schema should match with the specification defined in "user_list.json" [Verify response schema with user_list.json]]
22:54:15.339 [Test worker] WARN  n.t.core.steps.BaseStepListener - Final testOutcomes: [Consult the user list with regular user access token:Given I have an access Token of a regular user to search users [Login an user into the platform [Login user [POST https://nodejs-qa-training.herokuapp.com/users/sessions]]], When I consume the web service to see the user list on the platform [See the users into the platform [GET https://nodejs-qa-training.herokuapp.com/users]], Then the web service responses with the list of users [Verify that API response is 200], And the schema should match with the specification defined in "user_list.json" [Verify response schema with user_list.json]]
22:54:15.340 [Test worker] ERROR n.t.c.steps.ConsoleLoggingListener - 
           __  _____ _____ ____ _____   _____ _    ___ _     _____ ____  
  _       / / |_   _| ____/ ___|_   _| |  ___/ \  |_ _| |   | ____|  _ \ 
 (_)_____| |    | | |  _| \___ \ | |   | |_ / _ \  | || |   |  _| | | | |
  _|_____| |    | | | |___ ___) || |   |  _/ ___ \ | || |___| |___| |_| |
 (_)     | |    |_| |_____|____/ |_|   |_|/_/   \_\___|_____|_____|____/ 
          \_\                                                            

TEST FAILED: Consult the user list with regular user access token
--------------------------------------------------------------------------
22:54:15.340 [Test worker] ERROR n.t.c.steps.ConsoleLoggingListener - TEST FAILED AT STEP Verify response schema with user_list.json
22:54:15.342 [Test worker] ERROR n.t.c.steps.ConsoleLoggingListener - 1 expectation failed.Response body doesn't match expectation.Expected: The content to match the given JSON schema.error: instance type (null) does not match any allowed primitive type (allowed: ["integer","number"])    level: "error"    schema: {"loadingURI":"file:/D:/Documentos/Personal/Wolox/restassured-serenitybdd-junit-cucumber/build/resources/test/schema/user_list.json#","pointer":"/properties/previous_page"}    instance: {"pointer":"/previous_page"}    domain: "validation"    keyword: "type"    found: "null"    expected: ["integer","number"]  Actual: {"total_count":546,"count":10,"total_pages":55,"limit":10,"offset":0,"current_page":1,"page":[{"first_name":"Hernan","last_name":"Garcia98","email":"hernan003@wolox.com.ar","role":"regular"},{"first_name":"Hernan","last_name":"Garcia","email":"hernan000@wolox.com.ar","role":"regular"},{"first_name":"Ricardo","last_name":"Pantoja","email":"emilia.nava@wolox.com.ar","role":"regular"},{"first_name":"Hernan","last_name":"Garcia","email":"h6@wolox.com.ar","role":"regular"},{"first_name":"5","last_name":"4","email":"alfredo.cedillo@wolox.com.ar","role":"regular"},{"first_name":"Tomás","last_name":"Griego","email":"mayte.aguilera@wolox.com.ar","role":"regular"},{"first_name":"Jose Antonio","last_name":"Bermudez","email":"jose.beruda@wolox.com.ar","role":"regular"},{"first_name":"Juan","last_name":"Perez","email":"jperez@wolox.com.ar","role":"regular"},{"first_name":"Hernan","last_name":"Garcia","email":"h7@wolox.com.ar","role":"regular"},{"first_name":"1","last_name":"4","email":"miguel.contreras@wolox.com.ar","role":"regular"}],"previous_page":null,"next_page":2}
22:54:17.228 [Test worker] WARN  n.t.core.steps.BaseStepListener - testFinished: Consult the user list with admin user access token:Given I have an access Token of an admin user to search users [Login an user into the platform [Login user [POST https://nodejs-qa-training.herokuapp.com/users/sessions]]], When I consume the web service to see the user list on the platform [See the users into the platform [GET https://nodejs-qa-training.herokuapp.com/users]], Then the web service responses with the list of users [Verify that API response is 200], And the schema should match with the specification defined in "user_list.json" [Verify response schema with user_list.json], And the total number of users on the platform will be greater than the result for a regular user
22:54:17.228 [Test worker] WARN  n.t.core.steps.BaseStepListener - TestOutcomes: [Consult the user list with regular user access token:Given I have an access Token of a regular user to search users [Login an user into the platform [Login user [POST https://nodejs-qa-training.herokuapp.com/users/sessions]]], When I consume the web service to see the user list on the platform [See the users into the platform [GET https://nodejs-qa-training.herokuapp.com/users]], Then the web service responses with the list of users [Verify that API response is 200], And the schema should match with the specification defined in "user_list.json" [Verify response schema with user_list.json], Consult the user list with admin user access token:Given I have an access Token of an admin user to search users [Login an user into the platform [Login user [POST https://nodejs-qa-training.herokuapp.com/users/sessions]]], When I consume the web service to see the user list on the platform [See the users into the platform [GET https://nodejs-qa-training.herokuapp.com/users]], Then the web service responses with the list of users [Verify that API response is 200], And the schema should match with the specification defined in "user_list.json" [Verify response schema with user_list.json], And the total number of users on the platform will be greater than the result for a regular user]
22:54:17.229 [Test worker] WARN  n.t.core.steps.BaseStepListener - Final testOutcomes: [Consult the user list with regular user access token:Given I have an access Token of a regular user to search users [Login an user into the platform [Login user [POST https://nodejs-qa-training.herokuapp.com/users/sessions]]], When I consume the web service to see the user list on the platform [See the users into the platform [GET https://nodejs-qa-training.herokuapp.com/users]], Then the web service responses with the list of users [Verify that API response is 200], And the schema should match with the specification defined in "user_list.json" [Verify response schema with user_list.json], Consult the user list with admin user access token:Given I have an access Token of an admin user to search users [Login an user into the platform [Login user [POST https://nodejs-qa-training.herokuapp.com/users/sessions]]], When I consume the web service to see the user list on the platform [See the users into the platform [GET https://nodejs-qa-training.herokuapp.com/users]], Then the web service responses with the list of users [Verify that API response is 200], And the schema should match with the specification defined in "user_list.json" [Verify response schema with user_list.json], And the total number of users on the platform will be greater than the result for a regular user]
22:54:17.229 [Test worker] ERROR n.t.c.steps.ConsoleLoggingListener - 
           __  _____ _____ ____ _____   _____ _    ___ _     _____ ____  
  _       / / |_   _| ____/ ___|_   _| |  ___/ \  |_ _| |   | ____|  _ \ 
 (_)_____| |    | | |  _| \___ \ | |   | |_ / _ \  | || |   |  _| | | | |
  _|_____| |    | | | |___ ___) || |   |  _/ ___ \ | || |___| |___| |_| |
 (_)     | |    |_| |_____|____/ |_|   |_|/_/   \_\___|_____|_____|____/ 
          \_\                                                            

TEST FAILED: Consult the user list with admin user access token
--------------------------------------------------------------------------
22:54:17.230 [Test worker] ERROR n.t.c.steps.ConsoleLoggingListener - TEST FAILED AT STEP Verify response schema with user_list.json
22:54:17.231 [Test worker] ERROR n.t.c.steps.ConsoleLoggingListener - 1 expectation failed.Response body doesn't match expectation.Expected: The content to match the given JSON schema.error: instance type (null) does not match any allowed primitive type (allowed: ["integer","number"])    level: "error"    schema: {"loadingURI":"file:/D:/Documentos/Personal/Wolox/restassured-serenitybdd-junit-cucumber/build/resources/test/schema/user_list.json#","pointer":"/properties/previous_page"}    instance: {"pointer":"/previous_page"}    domain: "validation"    keyword: "type"    found: "null"    expected: ["integer","number"]  Actual: {"total_count":548,"count":10,"total_pages":55,"limit":10,"offset":0,"current_page":1,"page":[{"first_name":"Hernan","last_name":"Garcia98","email":"hernan003@wolox.com.ar","role":"regular"},{"first_name":"Hernan","last_name":"Garcia","email":"hernan000@wolox.com.ar","role":"regular"},{"first_name":"Ricardo","last_name":"Pantoja","email":"emilia.nava@wolox.com.ar","role":"regular"},{"first_name":"Hernan","last_name":"Garcia","email":"h6@wolox.com.ar","role":"regular"},{"first_name":"5","last_name":"4","email":"alfredo.cedillo@wolox.com.ar","role":"regular"},{"first_name":"Tomás","last_name":"Griego","email":"mayte.aguilera@wolox.com.ar","role":"regular"},{"first_name":"Jose Antonio","last_name":"Bermudez","email":"jose.beruda@wolox.com.ar","role":"regular"},{"first_name":"Juan","last_name":"Perez","email":"jperez@wolox.com.ar","role":"regular"},{"first_name":"Hernan","last_name":"Garcia","email":"h7@wolox.com.ar","role":"regular"},{"first_name":"1","last_name":"4","email":"miguel.contreras@wolox.com.ar","role":"regular"}],"previous_page":null,"next_page":2}
22:54:18.234 [Test worker] WARN  n.t.core.steps.BaseStepListener - testFinished: Consult the user list without access token:When I consume the web service to see the user list on the platform without access token [See the users into the platform [GET https://nodejs-qa-training.herokuapp.com/users]], Then the web service will respond with a validation error of invalid token [Verify that API response not is 200], And the schema should match with the specification defined in "errors.json" [Verify response schema with errors.json]
22:54:18.234 [Test worker] WARN  n.t.core.steps.BaseStepListener - TestOutcomes: [Consult the user list with regular user access token:Given I have an access Token of a regular user to search users [Login an user into the platform [Login user [POST https://nodejs-qa-training.herokuapp.com/users/sessions]]], When I consume the web service to see the user list on the platform [See the users into the platform [GET https://nodejs-qa-training.herokuapp.com/users]], Then the web service responses with the list of users [Verify that API response is 200], And the schema should match with the specification defined in "user_list.json" [Verify response schema with user_list.json], Consult the user list with admin user access token:Given I have an access Token of an admin user to search users [Login an user into the platform [Login user [POST https://nodejs-qa-training.herokuapp.com/users/sessions]]], When I consume the web service to see the user list on the platform [See the users into the platform [GET https://nodejs-qa-training.herokuapp.com/users]], Then the web service responses with the list of users [Verify that API response is 200], And the schema should match with the specification defined in "user_list.json" [Verify response schema with user_list.json], And the total number of users on the platform will be greater than the result for a regular user, Consult the user list without access token:When I consume the web service to see the user list on the platform without access token [See the users into the platform [GET https://nodejs-qa-training.herokuapp.com/users]], Then the web service will respond with a validation error of invalid token [Verify that API response not is 200], And the schema should match with the specification defined in "errors.json" [Verify response schema with errors.json]]
22:54:18.235 [Test worker] WARN  n.t.core.steps.BaseStepListener - Final testOutcomes: [Consult the user list with regular user access token:Given I have an access Token of a regular user to search users [Login an user into the platform [Login user [POST https://nodejs-qa-training.herokuapp.com/users/sessions]]], When I consume the web service to see the user list on the platform [See the users into the platform [GET https://nodejs-qa-training.herokuapp.com/users]], Then the web service responses with the list of users [Verify that API response is 200], And the schema should match with the specification defined in "user_list.json" [Verify response schema with user_list.json], Consult the user list with admin user access token:Given I have an access Token of an admin user to search users [Login an user into the platform [Login user [POST https://nodejs-qa-training.herokuapp.com/users/sessions]]], When I consume the web service to see the user list on the platform [See the users into the platform [GET https://nodejs-qa-training.herokuapp.com/users]], Then the web service responses with the list of users [Verify that API response is 200], And the schema should match with the specification defined in "user_list.json" [Verify response schema with user_list.json], And the total number of users on the platform will be greater than the result for a regular user, Consult the user list without access token:When I consume the web service to see the user list on the platform without access token [See the users into the platform [GET https://nodejs-qa-training.herokuapp.com/users]], Then the web service will respond with a validation error of invalid token [Verify that API response not is 200], And the schema should match with the specification defined in "errors.json" [Verify response schema with errors.json]]
22:54:18.235 [Test worker] INFO  n.t.c.steps.ConsoleLoggingListener - 
        __    _____ _____ ____ _____   ____   _    ____  ____  _____ ____  
  _     \ \  |_   _| ____/ ___|_   _| |  _ \ / \  / ___|/ ___|| ____|  _ \ 
 (_)_____| |   | | |  _| \___ \ | |   | |_) / _ \ \___ \\___ \|  _| | | | |
  _|_____| |   | | | |___ ___) || |   |  __/ ___ \ ___) |___) | |___| |_| |
 (_)     | |   |_| |_____|____/ |_|   |_| /_/   \_\____/|____/|_____|____/ 
        /_/                                                                

TEST PASSED: Consult the user list without access token
----------------------------------------------------------------------------
22:54:19.554 [Test worker] WARN  n.t.core.steps.BaseStepListener - testFinished: Consult the user list with invalid access token:When I consume the web service to see the user list on the platform with an invalid access Token [See the users into the platform [GET https://nodejs-qa-training.herokuapp.com/users]], Then the web service will respond with a validation error of invalid token [Verify that API response not is 200], And the schema should match with the specification defined in "errors.json" [Verify response schema with errors.json]
22:54:19.554 [Test worker] WARN  n.t.core.steps.BaseStepListener - TestOutcomes: [Consult the user list with regular user access token:Given I have an access Token of a regular user to search users [Login an user into the platform [Login user [POST https://nodejs-qa-training.herokuapp.com/users/sessions]]], When I consume the web service to see the user list on the platform [See the users into the platform [GET https://nodejs-qa-training.herokuapp.com/users]], Then the web service responses with the list of users [Verify that API response is 200], And the schema should match with the specification defined in "user_list.json" [Verify response schema with user_list.json], Consult the user list with admin user access token:Given I have an access Token of an admin user to search users [Login an user into the platform [Login user [POST https://nodejs-qa-training.herokuapp.com/users/sessions]]], When I consume the web service to see the user list on the platform [See the users into the platform [GET https://nodejs-qa-training.herokuapp.com/users]], Then the web service responses with the list of users [Verify that API response is 200], And the schema should match with the specification defined in "user_list.json" [Verify response schema with user_list.json], And the total number of users on the platform will be greater than the result for a regular user, Consult the user list without access token:When I consume the web service to see the user list on the platform without access token [See the users into the platform [GET https://nodejs-qa-training.herokuapp.com/users]], Then the web service will respond with a validation error of invalid token [Verify that API response not is 200], And the schema should match with the specification defined in "errors.json" [Verify response schema with errors.json], Consult the user list with invalid access token:When I consume the web service to see the user list on the platform with an invalid access Token [See the users into the platform [GET https://nodejs-qa-training.herokuapp.com/users]], Then the web service will respond with a validation error of invalid token [Verify that API response not is 200], And the schema should match with the specification defined in "errors.json" [Verify response schema with errors.json]]
22:54:19.555 [Test worker] WARN  n.t.core.steps.BaseStepListener - Final testOutcomes: [Consult the user list with regular user access token:Given I have an access Token of a regular user to search users [Login an user into the platform [Login user [POST https://nodejs-qa-training.herokuapp.com/users/sessions]]], When I consume the web service to see the user list on the platform [See the users into the platform [GET https://nodejs-qa-training.herokuapp.com/users]], Then the web service responses with the list of users [Verify that API response is 200], And the schema should match with the specification defined in "user_list.json" [Verify response schema with user_list.json], Consult the user list with admin user access token:Given I have an access Token of an admin user to search users [Login an user into the platform [Login user [POST https://nodejs-qa-training.herokuapp.com/users/sessions]]], When I consume the web service to see the user list on the platform [See the users into the platform [GET https://nodejs-qa-training.herokuapp.com/users]], Then the web service responses with the list of users [Verify that API response is 200], And the schema should match with the specification defined in "user_list.json" [Verify response schema with user_list.json], And the total number of users on the platform will be greater than the result for a regular user, Consult the user list without access token:When I consume the web service to see the user list on the platform without access token [See the users into the platform [GET https://nodejs-qa-training.herokuapp.com/users]], Then the web service will respond with a validation error of invalid token [Verify that API response not is 200], And the schema should match with the specification defined in "errors.json" [Verify response schema with errors.json], Consult the user list with invalid access token:When I consume the web service to see the user list on the platform with an invalid access Token [See the users into the platform [GET https://nodejs-qa-training.herokuapp.com/users]], Then the web service will respond with a validation error of invalid token [Verify that API response not is 200], And the schema should match with the specification defined in "errors.json" [Verify response schema with errors.json]]
22:54:19.555 [Test worker] INFO  n.t.c.steps.ConsoleLoggingListener - 
        __    _____ _____ ____ _____   ____   _    ____  ____  _____ ____  
  _     \ \  |_   _| ____/ ___|_   _| |  _ \ / \  / ___|/ ___|| ____|  _ \ 
 (_)_____| |   | | |  _| \___ \ | |   | |_) / _ \ \___ \\___ \|  _| | | | |
  _|_____| |   | | | |___ ___) || |   |  __/ ___ \ ___) |___) | |___| |_| |
 (_)     | |   |_| |_____|____/ |_|   |_| /_/   \_\____/|____/|_____|____/ 
        /_/                                                                

TEST PASSED: Consult the user list with invalid access token
----------------------------------------------------------------------------
22:54:23.098 [Test worker] WARN  n.t.core.steps.BaseStepListener - testFinished: Consult the user list for a specific regular user:Given I have an access Token of a regular user to search users [Login an user into the platform [Login user [POST https://nodejs-qa-training.herokuapp.com/users/sessions]]], When I consume the web service to search a specific user on the platform [Search a specific user into the platform [GET https://nodejs-qa-training.herokuapp.com/users/147]], Then the web service responses with the information of the regular user [Validate the result of search an user]
22:54:23.098 [Test worker] WARN  n.t.core.steps.BaseStepListener - TestOutcomes: [Consult the user list with regular user access token:Given I have an access Token of a regular user to search users [Login an user into the platform [Login user [POST https://nodejs-qa-training.herokuapp.com/users/sessions]]], When I consume the web service to see the user list on the platform [See the users into the platform [GET https://nodejs-qa-training.herokuapp.com/users]], Then the web service responses with the list of users [Verify that API response is 200], And the schema should match with the specification defined in "user_list.json" [Verify response schema with user_list.json], Consult the user list with admin user access token:Given I have an access Token of an admin user to search users [Login an user into the platform [Login user [POST https://nodejs-qa-training.herokuapp.com/users/sessions]]], When I consume the web service to see the user list on the platform [See the users into the platform [GET https://nodejs-qa-training.herokuapp.com/users]], Then the web service responses with the list of users [Verify that API response is 200], And the schema should match with the specification defined in "user_list.json" [Verify response schema with user_list.json], And the total number of users on the platform will be greater than the result for a regular user, Consult the user list without access token:When I consume the web service to see the user list on the platform without access token [See the users into the platform [GET https://nodejs-qa-training.herokuapp.com/users]], Then the web service will respond with a validation error of invalid token [Verify that API response not is 200], And the schema should match with the specification defined in "errors.json" [Verify response schema with errors.json], Consult the user list with invalid access token:When I consume the web service to see the user list on the platform with an invalid access Token [See the users into the platform [GET https://nodejs-qa-training.herokuapp.com/users]], Then the web service will respond with a validation error of invalid token [Verify that API response not is 200], And the schema should match with the specification defined in "errors.json" [Verify response schema with errors.json], Consult the user list for a specific regular user:Given I have an access Token of a regular user to search users [Login an user into the platform [Login user [POST https://nodejs-qa-training.herokuapp.com/users/sessions]]], When I consume the web service to search a specific user on the platform [Search a specific user into the platform [GET https://nodejs-qa-training.herokuapp.com/users/147]], Then the web service responses with the information of the regular user [Validate the result of search an user]]
22:54:23.103 [Test worker] WARN  n.t.core.steps.BaseStepListener - Final testOutcomes: [Consult the user list with regular user access token:Given I have an access Token of a regular user to search users [Login an user into the platform [Login user [POST https://nodejs-qa-training.herokuapp.com/users/sessions]]], When I consume the web service to see the user list on the platform [See the users into the platform [GET https://nodejs-qa-training.herokuapp.com/users]], Then the web service responses with the list of users [Verify that API response is 200], And the schema should match with the specification defined in "user_list.json" [Verify response schema with user_list.json], Consult the user list with admin user access token:Given I have an access Token of an admin user to search users [Login an user into the platform [Login user [POST https://nodejs-qa-training.herokuapp.com/users/sessions]]], When I consume the web service to see the user list on the platform [See the users into the platform [GET https://nodejs-qa-training.herokuapp.com/users]], Then the web service responses with the list of users [Verify that API response is 200], And the schema should match with the specification defined in "user_list.json" [Verify response schema with user_list.json], And the total number of users on the platform will be greater than the result for a regular user, Consult the user list without access token:When I consume the web service to see the user list on the platform without access token [See the users into the platform [GET https://nodejs-qa-training.herokuapp.com/users]], Then the web service will respond with a validation error of invalid token [Verify that API response not is 200], And the schema should match with the specification defined in "errors.json" [Verify response schema with errors.json], Consult the user list with invalid access token:When I consume the web service to see the user list on the platform with an invalid access Token [See the users into the platform [GET https://nodejs-qa-training.herokuapp.com/users]], Then the web service will respond with a validation error of invalid token [Verify that API response not is 200], And the schema should match with the specification defined in "errors.json" [Verify response schema with errors.json], Consult the user list for a specific regular user:Given I have an access Token of a regular user to search users [Login an user into the platform [Login user [POST https://nodejs-qa-training.herokuapp.com/users/sessions]]], When I consume the web service to search a specific user on the platform [Search a specific user into the platform [GET https://nodejs-qa-training.herokuapp.com/users/147]], Then the web service responses with the information of the regular user [Validate the result of search an user]]
22:54:23.103 [Test worker] INFO  n.t.c.steps.ConsoleLoggingListener - 
        __    _____ _____ ____ _____   ____   _    ____  ____  _____ ____  
  _     \ \  |_   _| ____/ ___|_   _| |  _ \ / \  / ___|/ ___|| ____|  _ \ 
 (_)_____| |   | | |  _| \___ \ | |   | |_) / _ \ \___ \\___ \|  _| | | | |
  _|_____| |   | | | |___ ___) || |   |  __/ ___ \ ___) |___) | |___| |_| |
 (_)     | |   |_| |_____|____/ |_|   |_| /_/   \_\____/|____/|_____|____/ 
        /_/                                                                

TEST PASSED: Consult the user list for a specific regular user
----------------------------------------------------------------------------
22:54:24.617 [Test worker] WARN  n.t.core.steps.BaseStepListener - testFinished: Consult the user list for a non existent user:Given I have an access Token of a regular user to search users [Login an user into the platform [Login user [POST https://nodejs-qa-training.herokuapp.com/users/sessions]]], When I consume the web service to search an non-existent user on the platform [Search a specific user into the platform [GET https://nodejs-qa-training.herokuapp.com/users/123456789456123]], Then the web service will respond with an error of not found user [Verify that API response not is 200], And the schema should match with the specification defined in "errors.json" [Verify response schema with errors.json]
22:54:24.617 [Test worker] WARN  n.t.core.steps.BaseStepListener - TestOutcomes: [Consult the user list with regular user access token:Given I have an access Token of a regular user to search users [Login an user into the platform [Login user [POST https://nodejs-qa-training.herokuapp.com/users/sessions]]], When I consume the web service to see the user list on the platform [See the users into the platform [GET https://nodejs-qa-training.herokuapp.com/users]], Then the web service responses with the list of users [Verify that API response is 200], And the schema should match with the specification defined in "user_list.json" [Verify response schema with user_list.json], Consult the user list with admin user access token:Given I have an access Token of an admin user to search users [Login an user into the platform [Login user [POST https://nodejs-qa-training.herokuapp.com/users/sessions]]], When I consume the web service to see the user list on the platform [See the users into the platform [GET https://nodejs-qa-training.herokuapp.com/users]], Then the web service responses with the list of users [Verify that API response is 200], And the schema should match with the specification defined in "user_list.json" [Verify response schema with user_list.json], And the total number of users on the platform will be greater than the result for a regular user, Consult the user list without access token:When I consume the web service to see the user list on the platform without access token [See the users into the platform [GET https://nodejs-qa-training.herokuapp.com/users]], Then the web service will respond with a validation error of invalid token [Verify that API response not is 200], And the schema should match with the specification defined in "errors.json" [Verify response schema with errors.json], Consult the user list with invalid access token:When I consume the web service to see the user list on the platform with an invalid access Token [See the users into the platform [GET https://nodejs-qa-training.herokuapp.com/users]], Then the web service will respond with a validation error of invalid token [Verify that API response not is 200], And the schema should match with the specification defined in "errors.json" [Verify response schema with errors.json], Consult the user list for a specific regular user:Given I have an access Token of a regular user to search users [Login an user into the platform [Login user [POST https://nodejs-qa-training.herokuapp.com/users/sessions]]], When I consume the web service to search a specific user on the platform [Search a specific user into the platform [GET https://nodejs-qa-training.herokuapp.com/users/147]], Then the web service responses with the information of the regular user [Validate the result of search an user], Consult the user list for a non existent user:Given I have an access Token of a regular user to search users [Login an user into the platform [Login user [POST https://nodejs-qa-training.herokuapp.com/users/sessions]]], When I consume the web service to search an non-existent user on the platform [Search a specific user into the platform [GET https://nodejs-qa-training.herokuapp.com/users/123456789456123]], Then the web service will respond with an error of not found user [Verify that API response not is 200], And the schema should match with the specification defined in "errors.json" [Verify response schema with errors.json]]
22:54:24.618 [Test worker] WARN  n.t.core.steps.BaseStepListener - Final testOutcomes: [Consult the user list with regular user access token:Given I have an access Token of a regular user to search users [Login an user into the platform [Login user [POST https://nodejs-qa-training.herokuapp.com/users/sessions]]], When I consume the web service to see the user list on the platform [See the users into the platform [GET https://nodejs-qa-training.herokuapp.com/users]], Then the web service responses with the list of users [Verify that API response is 200], And the schema should match with the specification defined in "user_list.json" [Verify response schema with user_list.json], Consult the user list with admin user access token:Given I have an access Token of an admin user to search users [Login an user into the platform [Login user [POST https://nodejs-qa-training.herokuapp.com/users/sessions]]], When I consume the web service to see the user list on the platform [See the users into the platform [GET https://nodejs-qa-training.herokuapp.com/users]], Then the web service responses with the list of users [Verify that API response is 200], And the schema should match with the specification defined in "user_list.json" [Verify response schema with user_list.json], And the total number of users on the platform will be greater than the result for a regular user, Consult the user list without access token:When I consume the web service to see the user list on the platform without access token [See the users into the platform [GET https://nodejs-qa-training.herokuapp.com/users]], Then the web service will respond with a validation error of invalid token [Verify that API response not is 200], And the schema should match with the specification defined in "errors.json" [Verify response schema with errors.json], Consult the user list with invalid access token:When I consume the web service to see the user list on the platform with an invalid access Token [See the users into the platform [GET https://nodejs-qa-training.herokuapp.com/users]], Then the web service will respond with a validation error of invalid token [Verify that API response not is 200], And the schema should match with the specification defined in "errors.json" [Verify response schema with errors.json], Consult the user list for a specific regular user:Given I have an access Token of a regular user to search users [Login an user into the platform [Login user [POST https://nodejs-qa-training.herokuapp.com/users/sessions]]], When I consume the web service to search a specific user on the platform [Search a specific user into the platform [GET https://nodejs-qa-training.herokuapp.com/users/147]], Then the web service responses with the information of the regular user [Validate the result of search an user], Consult the user list for a non existent user:Given I have an access Token of a regular user to search users [Login an user into the platform [Login user [POST https://nodejs-qa-training.herokuapp.com/users/sessions]]], When I consume the web service to search an non-existent user on the platform [Search a specific user into the platform [GET https://nodejs-qa-training.herokuapp.com/users/123456789456123]], Then the web service will respond with an error of not found user [Verify that API response not is 200], And the schema should match with the specification defined in "errors.json" [Verify response schema with errors.json]]
22:54:24.618 [Test worker] INFO  n.t.c.steps.ConsoleLoggingListener - 
        __    _____ _____ ____ _____   ____   _    ____  ____  _____ ____  
  _     \ \  |_   _| ____/ ___|_   _| |  _ \ / \  / ___|/ ___|| ____|  _ \ 
 (_)_____| |   | | |  _| \___ \ | |   | |_) / _ \ \___ \\___ \|  _| | | | |
  _|_____| |   | | | |___ ___) || |   |  __/ ___ \ ___) |___) | |___| |_| |
 (_)     | |   |_| |_____|____/ |_|   |_| /_/   \_\____/|____/|_____|____/ 
        /_/                                                                

TEST PASSED: Consult the user list for a non existent user
----------------------------------------------------------------------------
22:54:26.028 [Test worker] WARN  n.t.core.steps.BaseStepListener - testFinished: Consult the user list for a non existent page:Given I have an access Token of a regular user to search users [Login an user into the platform [Login user [POST https://nodejs-qa-training.herokuapp.com/users/sessions]]], When I consume the web service to see the user list in an non-existent page on the platform [See the users into the platform in specific page [GET https://nodejs-qa-training.herokuapp.com/users?page%3D%25s=123456789]], Then the web service will respond with a validation error of invalid token [Verify that API response not is 200], And the schema should match with the specification defined in "errors.json"
22:54:26.028 [Test worker] WARN  n.t.core.steps.BaseStepListener - TestOutcomes: [Consult the user list with regular user access token:Given I have an access Token of a regular user to search users [Login an user into the platform [Login user [POST https://nodejs-qa-training.herokuapp.com/users/sessions]]], When I consume the web service to see the user list on the platform [See the users into the platform [GET https://nodejs-qa-training.herokuapp.com/users]], Then the web service responses with the list of users [Verify that API response is 200], And the schema should match with the specification defined in "user_list.json" [Verify response schema with user_list.json], Consult the user list with admin user access token:Given I have an access Token of an admin user to search users [Login an user into the platform [Login user [POST https://nodejs-qa-training.herokuapp.com/users/sessions]]], When I consume the web service to see the user list on the platform [See the users into the platform [GET https://nodejs-qa-training.herokuapp.com/users]], Then the web service responses with the list of users [Verify that API response is 200], And the schema should match with the specification defined in "user_list.json" [Verify response schema with user_list.json], And the total number of users on the platform will be greater than the result for a regular user, Consult the user list without access token:When I consume the web service to see the user list on the platform without access token [See the users into the platform [GET https://nodejs-qa-training.herokuapp.com/users]], Then the web service will respond with a validation error of invalid token [Verify that API response not is 200], And the schema should match with the specification defined in "errors.json" [Verify response schema with errors.json], Consult the user list with invalid access token:When I consume the web service to see the user list on the platform with an invalid access Token [See the users into the platform [GET https://nodejs-qa-training.herokuapp.com/users]], Then the web service will respond with a validation error of invalid token [Verify that API response not is 200], And the schema should match with the specification defined in "errors.json" [Verify response schema with errors.json], Consult the user list for a specific regular user:Given I have an access Token of a regular user to search users [Login an user into the platform [Login user [POST https://nodejs-qa-training.herokuapp.com/users/sessions]]], When I consume the web service to search a specific user on the platform [Search a specific user into the platform [GET https://nodejs-qa-training.herokuapp.com/users/147]], Then the web service responses with the information of the regular user [Validate the result of search an user], Consult the user list for a non existent user:Given I have an access Token of a regular user to search users [Login an user into the platform [Login user [POST https://nodejs-qa-training.herokuapp.com/users/sessions]]], When I consume the web service to search an non-existent user on the platform [Search a specific user into the platform [GET https://nodejs-qa-training.herokuapp.com/users/123456789456123]], Then the web service will respond with an error of not found user [Verify that API response not is 200], And the schema should match with the specification defined in "errors.json" [Verify response schema with errors.json], Consult the user list for a non existent page:Given I have an access Token of a regular user to search users [Login an user into the platform [Login user [POST https://nodejs-qa-training.herokuapp.com/users/sessions]]], When I consume the web service to see the user list in an non-existent page on the platform [See the users into the platform in specific page [GET https://nodejs-qa-training.herokuapp.com/users?page%3D%25s=123456789]], Then the web service will respond with a validation error of invalid token [Verify that API response not is 200], And the schema should match with the specification defined in "errors.json"]
22:54:26.029 [Test worker] WARN  n.t.core.steps.BaseStepListener - Final testOutcomes: [Consult the user list with regular user access token:Given I have an access Token of a regular user to search users [Login an user into the platform [Login user [POST https://nodejs-qa-training.herokuapp.com/users/sessions]]], When I consume the web service to see the user list on the platform [See the users into the platform [GET https://nodejs-qa-training.herokuapp.com/users]], Then the web service responses with the list of users [Verify that API response is 200], And the schema should match with the specification defined in "user_list.json" [Verify response schema with user_list.json], Consult the user list with admin user access token:Given I have an access Token of an admin user to search users [Login an user into the platform [Login user [POST https://nodejs-qa-training.herokuapp.com/users/sessions]]], When I consume the web service to see the user list on the platform [See the users into the platform [GET https://nodejs-qa-training.herokuapp.com/users]], Then the web service responses with the list of users [Verify that API response is 200], And the schema should match with the specification defined in "user_list.json" [Verify response schema with user_list.json], And the total number of users on the platform will be greater than the result for a regular user, Consult the user list without access token:When I consume the web service to see the user list on the platform without access token [See the users into the platform [GET https://nodejs-qa-training.herokuapp.com/users]], Then the web service will respond with a validation error of invalid token [Verify that API response not is 200], And the schema should match with the specification defined in "errors.json" [Verify response schema with errors.json], Consult the user list with invalid access token:When I consume the web service to see the user list on the platform with an invalid access Token [See the users into the platform [GET https://nodejs-qa-training.herokuapp.com/users]], Then the web service will respond with a validation error of invalid token [Verify that API response not is 200], And the schema should match with the specification defined in "errors.json" [Verify response schema with errors.json], Consult the user list for a specific regular user:Given I have an access Token of a regular user to search users [Login an user into the platform [Login user [POST https://nodejs-qa-training.herokuapp.com/users/sessions]]], When I consume the web service to search a specific user on the platform [Search a specific user into the platform [GET https://nodejs-qa-training.herokuapp.com/users/147]], Then the web service responses with the information of the regular user [Validate the result of search an user], Consult the user list for a non existent user:Given I have an access Token of a regular user to search users [Login an user into the platform [Login user [POST https://nodejs-qa-training.herokuapp.com/users/sessions]]], When I consume the web service to search an non-existent user on the platform [Search a specific user into the platform [GET https://nodejs-qa-training.herokuapp.com/users/123456789456123]], Then the web service will respond with an error of not found user [Verify that API response not is 200], And the schema should match with the specification defined in "errors.json" [Verify response schema with errors.json], Consult the user list for a non existent page:Given I have an access Token of a regular user to search users [Login an user into the platform [Login user [POST https://nodejs-qa-training.herokuapp.com/users/sessions]]], When I consume the web service to see the user list in an non-existent page on the platform [See the users into the platform in specific page [GET https://nodejs-qa-training.herokuapp.com/users?page%3D%25s=123456789]], Then the web service will respond with a validation error of invalid token [Verify that API response not is 200], And the schema should match with the specification defined in "errors.json"]
22:54:26.029 [Test worker] ERROR n.t.c.steps.ConsoleLoggingListener - 
           __  _____ _____ ____ _____   _____ _    ___ _     _____ ____  
  _       / / |_   _| ____/ ___|_   _| |  ___/ \  |_ _| |   | ____|  _ \ 
 (_)_____| |    | | |  _| \___ \ | |   | |_ / _ \  | || |   |  _| | | | |
  _|_____| |    | | | |___ ___) || |   |  _/ ___ \ | || |___| |___| |_| |
 (_)     | |    |_| |_____|____/ |_|   |_|/_/   \_\___|_____|_____|____/ 
          \_\                                                            

TEST FAILED: Consult the user list for a non existent page
--------------------------------------------------------------------------
22:54:26.030 [Test worker] ERROR n.t.c.steps.ConsoleLoggingListener - TEST FAILED AT STEP Verify that API response not is 200
22:54:26.030 [Test worker] ERROR n.t.c.steps.ConsoleLoggingListener - Expecting:  200not to be equal to:  200
Feature: User list

  Scenario: Consult the user list with regular user access token                   ?[90m# src/test/resources/features/user_list.feature:3?[0m
    ?[32mGiven ?[0m?[32mI have an access Token of a regular user to search users?[0m                 ?[90m# UserListStepdefs.iHaveAnAccessTokenOfARegularUser()?[0m
    ?[32mWhen ?[0m?[32mI consume the web service to see the user list on the platform?[0m            ?[90m# UserListStepdefs.iConsumeTheWebServiceToSeeTheUserListOnThePlatform()?[0m
    ?[32mThen ?[0m?[32mthe web service responses with the list of users?[0m                          ?[90m# UserListStepdefs.theWebServiceResponsesWithTheListOfUsers()?[0m
    ?[31mAnd ?[0m?[31mthe schema should match with the specification defined in "?[0m?[31m?[1muser_list.json?[0m?[31m"?[0m ?[90m# CommonSteps.the_schema_should_match_with_the_specification(String)?[0m
      ?[31mjava.lang.AssertionError: 1 expectation failed.
Response body doesn't match expectation.
Expected: The content to match the given JSON schema.
error: instance type (null) does not match any allowed primitive type (allowed: ["integer","number"])
    level: "error"
    schema: {"loadingURI":"file:/D:/Documentos/Personal/Wolox/restassured-serenitybdd-junit-cucumber/build/resources/test/schema/user_list.json#","pointer":"/properties/previous_page"}
    instance: {"pointer":"/previous_page"}
    domain: "validation"
    keyword: "type"
    found: "null"
    expected: ["integer","number"]

  Actual: {"total_count":546,"count":10,"total_pages":55,"limit":10,"offset":0,"current_page":1,"page":[{"first_name":"Hernan","last_name":"Garcia98","email":"hernan003@wolox.com.ar","role":"regular"},{"first_name":"Hernan","last_name":"Garcia","email":"hernan000@wolox.com.ar","role":"regular"},{"first_name":"Ricardo","last_name":"Pantoja","email":"emilia.nava@wolox.com.ar","role":"regular"},{"first_name":"Hernan","last_name":"Garcia","email":"h6@wolox.com.ar","role":"regular"},{"first_name":"5","last_name":"4","email":"alfredo.cedillo@wolox.com.ar","role":"regular"},{"first_name":"Tomás","last_name":"Griego","email":"mayte.aguilera@wolox.com.ar","role":"regular"},{"first_name":"Jose Antonio","last_name":"Bermudez","email":"jose.beruda@wolox.com.ar","role":"regular"},{"first_name":"Juan","last_name":"Perez","email":"jperez@wolox.com.ar","role":"regular"},{"first_name":"Hernan","last_name":"Garcia","email":"h7@wolox.com.ar","role":"regular"},{"first_name":"1","last_name":"4","email":"miguel.contreras@wolox.com.ar","role":"regular"}],"previous_page":null,"next_page":2}

	at sun.reflect.NativeConstructorAccessorImpl.newInstance0(Native Method)
	at sun.reflect.NativeConstructorAccessorImpl.newInstance(NativeConstructorAccessorImpl.java:62)
	at sun.reflect.DelegatingConstructorAccessorImpl.newInstance(DelegatingConstructorAccessorImpl.java:45)
	at java.lang.reflect.Constructor.newInstance(Constructor.java:423)
	at org.codehaus.groovy.reflection.CachedConstructor.invoke(CachedConstructor.java:83)
	at org.codehaus.groovy.reflection.CachedConstructor.doConstructorInvoke(CachedConstructor.java:77)
	at org.codehaus.groovy.runtime.callsite.ConstructorSite$ConstructorSiteNoUnwrap.callConstructor(ConstructorSite.java:84)
	at org.codehaus.groovy.runtime.callsite.CallSiteArray.defaultCallConstructor(CallSiteArray.java:59)
	at org.codehaus.groovy.runtime.callsite.AbstractCallSite.callConstructor(AbstractCallSite.java:237)
	at org.codehaus.groovy.runtime.callsite.AbstractCallSite.callConstructor(AbstractCallSite.java:249)
	at io.restassured.internal.ResponseSpecificationImpl$HamcrestAssertionClosure.validate(ResponseSpecificationImpl.groovy:494)
	at io.restassured.internal.ResponseSpecificationImpl$HamcrestAssertionClosure$validate$1.call(Unknown Source)
	at io.restassured.internal.ResponseSpecificationImpl.validateResponseIfRequired(ResponseSpecificationImpl.groovy:656)
	at sun.reflect.NativeMethodAccessorImpl.invoke0(Native Method)
	at sun.reflect.NativeMethodAccessorImpl.invoke(NativeMethodAccessorImpl.java:62)
	at sun.reflect.DelegatingMethodAccessorImpl.invoke(DelegatingMethodAccessorImpl.java:43)
	at java.lang.reflect.Method.invoke(Method.java:498)
	at org.codehaus.groovy.runtime.callsite.PlainObjectMetaMethodSite.doInvoke(PlainObjectMetaMethodSite.java:43)
	at org.codehaus.groovy.runtime.callsite.PogoMetaMethodSite$PogoCachedMethodSiteNoUnwrapNoCoerce.invoke(PogoMetaMethodSite.java:190)
	at org.codehaus.groovy.runtime.callsite.PogoMetaMethodSite.callCurrent(PogoMetaMethodSite.java:58)
	at org.codehaus.groovy.runtime.callsite.AbstractCallSite.callCurrent(AbstractCallSite.java:168)
	at io.restassured.internal.ResponseSpecificationImpl.content(ResponseSpecificationImpl.groovy:97)
	at io.restassured.specification.ResponseSpecification$content$0.callCurrent(Unknown Source)
	at io.restassured.internal.ResponseSpecificationImpl.body(ResponseSpecificationImpl.groovy:256)
	at io.restassured.internal.ValidatableResponseOptionsImpl.body(ValidatableResponseOptionsImpl.java:268)
	at com.naiofy.albums_shop.questions.CommonQuestions.verifyResponseSchema(CommonQuestions.java:23)
	at com.naiofy.albums_shop.questions.CommonQuestions$ByteBuddy$HeJWAXJH.verifyResponseSchema$accessor$gaSMgoFU(Unknown Source)
	at sun.reflect.NativeMethodAccessorImpl.invoke0(Native Method)
	at sun.reflect.NativeMethodAccessorImpl.invoke(NativeMethodAccessorImpl.java:62)
	at sun.reflect.DelegatingMethodAccessorImpl.invoke(DelegatingMethodAccessorImpl.java:43)
	at java.lang.reflect.Method.invoke(Method.java:498)
	at net.thucydides.core.steps.StepInterceptor.invokeMethod(StepInterceptor.java:471)
	at net.thucydides.core.steps.StepInterceptor.executeTestStepMethod(StepInterceptor.java:451)
	at net.thucydides.core.steps.StepInterceptor.runTestStep(StepInterceptor.java:424)
	at net.thucydides.core.steps.StepInterceptor.runOrSkipMethod(StepInterceptor.java:180)
	at net.thucydides.core.steps.StepInterceptor.testStepResult(StepInterceptor.java:167)
	at net.thucydides.core.steps.StepInterceptor.intercept(StepInterceptor.java:75)
	at com.naiofy.albums_shop.questions.CommonQuestions$ByteBuddy$HeJWAXJH.verifyResponseSchema(Unknown Source)
	at com.naiofy.albums_shop.stepdefinitions.CommonSteps.the_schema_should_match_with_the_specification(CommonSteps.java:17)
	at ?.the schema should match with the specification defined in "user_list.json"(src/test/resources/features/user_list.feature:7)
?[0m

  Scenario: Consult the user list with admin user access token                                       ?[90m# src/test/resources/features/user_list.feature:9?[0m
    ?[32mGiven ?[0m?[32mI have an access Token of an admin user to search users?[0m                                    ?[90m# UserListStepdefs.iHaveAnAccessTokenOfAnAdminUser()?[0m
    ?[32mWhen ?[0m?[32mI consume the web service to see the user list on the platform?[0m                              ?[90m# UserListStepdefs.iConsumeTheWebServiceToSeeTheUserListOnThePlatform()?[0m
    ?[32mThen ?[0m?[32mthe web service responses with the list of users?[0m                                            ?[90m# UserListStepdefs.theWebServiceResponsesWithTheListOfUsers()?[0m
    ?[31mAnd ?[0m?[31mthe schema should match with the specification defined in "?[0m?[31m?[1muser_list.json?[0m?[31m"?[0m                   ?[90m# CommonSteps.the_schema_should_match_with_the_specification(String)?[0m
      ?[31mjava.lang.AssertionError: 1 expectation failed.
Response body doesn't match expectation.
Expected: The content to match the given JSON schema.
error: instance type (null) does not match any allowed primitive type (allowed: ["integer","number"])
    level: "error"
    schema: {"loadingURI":"file:/D:/Documentos/Personal/Wolox/restassured-serenitybdd-junit-cucumber/build/resources/test/schema/user_list.json#","pointer":"/properties/previous_page"}
    instance: {"pointer":"/previous_page"}
    domain: "validation"
    keyword: "type"
    found: "null"
    expected: ["integer","number"]

  Actual: {"total_count":548,"count":10,"total_pages":55,"limit":10,"offset":0,"current_page":1,"page":[{"first_name":"Hernan","last_name":"Garcia98","email":"hernan003@wolox.com.ar","role":"regular"},{"first_name":"Hernan","last_name":"Garcia","email":"hernan000@wolox.com.ar","role":"regular"},{"first_name":"Ricardo","last_name":"Pantoja","email":"emilia.nava@wolox.com.ar","role":"regular"},{"first_name":"Hernan","last_name":"Garcia","email":"h6@wolox.com.ar","role":"regular"},{"first_name":"5","last_name":"4","email":"alfredo.cedillo@wolox.com.ar","role":"regular"},{"first_name":"Tomás","last_name":"Griego","email":"mayte.aguilera@wolox.com.ar","role":"regular"},{"first_name":"Jose Antonio","last_name":"Bermudez","email":"jose.beruda@wolox.com.ar","role":"regular"},{"first_name":"Juan","last_name":"Perez","email":"jperez@wolox.com.ar","role":"regular"},{"first_name":"Hernan","last_name":"Garcia","email":"h7@wolox.com.ar","role":"regular"},{"first_name":"1","last_name":"4","email":"miguel.contreras@wolox.com.ar","role":"regular"}],"previous_page":null,"next_page":2}

	at sun.reflect.NativeConstructorAccessorImpl.newInstance0(Native Method)
	at sun.reflect.NativeConstructorAccessorImpl.newInstance(NativeConstructorAccessorImpl.java:62)
	at sun.reflect.DelegatingConstructorAccessorImpl.newInstance(DelegatingConstructorAccessorImpl.java:45)
	at java.lang.reflect.Constructor.newInstance(Constructor.java:423)
	at org.codehaus.groovy.reflection.CachedConstructor.invoke(CachedConstructor.java:83)
	at org.codehaus.groovy.reflection.CachedConstructor.doConstructorInvoke(CachedConstructor.java:77)
	at org.codehaus.groovy.runtime.callsite.ConstructorSite$ConstructorSiteNoUnwrap.callConstructor(ConstructorSite.java:84)
	at org.codehaus.groovy.runtime.callsite.AbstractCallSite.callConstructor(AbstractCallSite.java:249)
	at io.restassured.internal.ResponseSpecificationImpl$HamcrestAssertionClosure.validate(ResponseSpecificationImpl.groovy:494)
	at io.restassured.internal.ResponseSpecificationImpl$HamcrestAssertionClosure$validate$1.call(Unknown Source)
	at io.restassured.internal.ResponseSpecificationImpl.validateResponseIfRequired(ResponseSpecificationImpl.groovy:656)
	at sun.reflect.NativeMethodAccessorImpl.invoke0(Native Method)
	at sun.reflect.NativeMethodAccessorImpl.invoke(NativeMethodAccessorImpl.java:62)
	at sun.reflect.DelegatingMethodAccessorImpl.invoke(DelegatingMethodAccessorImpl.java:43)
	at java.lang.reflect.Method.invoke(Method.java:498)
	at org.codehaus.groovy.runtime.callsite.PlainObjectMetaMethodSite.doInvoke(PlainObjectMetaMethodSite.java:43)
	at org.codehaus.groovy.runtime.callsite.PogoMetaMethodSite$PogoCachedMethodSiteNoUnwrapNoCoerce.invoke(PogoMetaMethodSite.java:190)
	at org.codehaus.groovy.runtime.callsite.PogoMetaMethodSite.callCurrent(PogoMetaMethodSite.java:58)
	at org.codehaus.groovy.runtime.callsite.AbstractCallSite.callCurrent(AbstractCallSite.java:168)
	at io.restassured.internal.ResponseSpecificationImpl.content(ResponseSpecificationImpl.groovy:97)
	at io.restassured.specification.ResponseSpecification$content$0.callCurrent(Unknown Source)
	at io.restassured.internal.ResponseSpecificationImpl.body(ResponseSpecificationImpl.groovy:256)
	at io.restassured.internal.ValidatableResponseOptionsImpl.body(ValidatableResponseOptionsImpl.java:268)
	at com.naiofy.albums_shop.questions.CommonQuestions.verifyResponseSchema(CommonQuestions.java:23)
	at com.naiofy.albums_shop.questions.CommonQuestions$ByteBuddy$hK3JW4Jz.verifyResponseSchema$accessor$U8uax9Z4(Unknown Source)
	at sun.reflect.NativeMethodAccessorImpl.invoke0(Native Method)
	at sun.reflect.NativeMethodAccessorImpl.invoke(NativeMethodAccessorImpl.java:62)
	at sun.reflect.DelegatingMethodAccessorImpl.invoke(DelegatingMethodAccessorImpl.java:43)
	at java.lang.reflect.Method.invoke(Method.java:498)
	at net.thucydides.core.steps.StepInterceptor.invokeMethod(StepInterceptor.java:471)
	at net.thucydides.core.steps.StepInterceptor.executeTestStepMethod(StepInterceptor.java:451)
	at net.thucydides.core.steps.StepInterceptor.runTestStep(StepInterceptor.java:424)
	at net.thucydides.core.steps.StepInterceptor.runOrSkipMethod(StepInterceptor.java:180)
	at net.thucydides.core.steps.StepInterceptor.testStepResult(StepInterceptor.java:167)
	at net.thucydides.core.steps.StepInterceptor.intercept(StepInterceptor.java:75)
	at com.naiofy.albums_shop.questions.CommonQuestions$ByteBuddy$hK3JW4Jz.verifyResponseSchema(Unknown Source)
	at com.naiofy.albums_shop.stepdefinitions.CommonSteps.the_schema_should_match_with_the_specification(CommonSteps.java:17)
	at ?.the schema should match with the specification defined in "user_list.json"(src/test/resources/features/user_list.feature:13)
?[0m
    ?[36mAnd ?[0m?[36mthe total number of users on the platform will be greater than the result for a regular user?[0m ?[90m# UserListStepdefs.theTotalNumberOfUsersOnThePlatformWillBeGreaterThanTheResultForARegularUser()?[0m

  Scenario: Consult the user list without access token                                       ?[90m# src/test/resources/features/user_list.feature:16?[0m
    ?[32mWhen ?[0m?[32mI consume the web service to see the user list on the platform without access token?[0m ?[90m# UserListStepdefs.iConsumeTheWebServiceToSeeTheUserListOnThePlatformWithoutAccessToken()?[0m
    ?[32mThen ?[0m?[32mthe web service will respond with a validation error of invalid token?[0m               ?[90m# CommonSteps.theWebServiceWillRespondWithAValidationErrorOfInvalidToken()?[0m
    ?[32mAnd ?[0m?[32mthe schema should match with the specification defined in "?[0m?[32m?[1merrors.json?[0m?[32m"?[0m              ?[90m# CommonSteps.the_schema_should_match_with_the_specification(String)?[0m

  Scenario: Consult the user list with invalid access token                                          ?[90m# src/test/resources/features/user_list.feature:21?[0m
    ?[32mWhen ?[0m?[32mI consume the web service to see the user list on the platform with an invalid access Token?[0m ?[90m# UserListStepdefs.iConsumeTheWebServiceToSeeTheUserListOnThePlatformWithAnInvalidAccessToken()?[0m
    ?[32mThen ?[0m?[32mthe web service will respond with a validation error of invalid token?[0m                       ?[90m# CommonSteps.theWebServiceWillRespondWithAValidationErrorOfInvalidToken()?[0m
    ?[32mAnd ?[0m?[32mthe schema should match with the specification defined in "?[0m?[32m?[1merrors.json?[0m?[32m"?[0m                      ?[90m# CommonSteps.the_schema_should_match_with_the_specification(String)?[0m

  Scenario: Consult the user list for a specific regular user                ?[90m# src/test/resources/features/user_list.feature:26?[0m
    ?[32mGiven ?[0m?[32mI have an access Token of a regular user to search users?[0m           ?[90m# UserListStepdefs.iHaveAnAccessTokenOfARegularUser()?[0m
    ?[32mWhen ?[0m?[32mI consume the web service to search a specific user on the platform?[0m ?[90m# UserListStepdefs.iConsumeTheWebServiceToSearchASpecificUserOnThePlatform()?[0m
    ?[32mThen ?[0m?[32mthe web service responses with the information of the regular user?[0m  ?[90m# UserListStepdefs.theWebServiceResponsesWithTheInformationOfTheRegularUser()?[0m

  Scenario: Consult the user list for a non existent user                         ?[90m# src/test/resources/features/user_list.feature:31?[0m
    ?[32mGiven ?[0m?[32mI have an access Token of a regular user to search users?[0m                ?[90m# UserListStepdefs.iHaveAnAccessTokenOfARegularUser()?[0m
    ?[32mWhen ?[0m?[32mI consume the web service to search an non-existent user on the platform?[0m ?[90m# UserListStepdefs.iConsumeTheWebServiceToSearchAnNonExistentUserOnThePlatform()?[0m
    ?[32mThen ?[0m?[32mthe web service will respond with an error of not found user?[0m             ?[90m# UserListStepdefs.theWebServiceWillRespondWithAnErrorOfNotFoundUser()?[0m
    ?[32mAnd ?[0m?[32mthe schema should match with the specification defined in "?[0m?[32m?[1merrors.json?[0m?[32m"?[0m   ?[90m# CommonSteps.the_schema_should_match_with_the_specification(String)?[0m

  Scenario: Consult the user list for a non existent page                                       ?[90m# src/test/resources/features/user_list.feature:37?[0m
    ?[32mGiven ?[0m?[32mI have an access Token of a regular user to search users?[0m                              ?[90m# UserListStepdefs.iHaveAnAccessTokenOfARegularUser()?[0m
    ?[32mWhen ?[0m?[32mI consume the web service to see the user list in an non-existent page on the platform?[0m ?[90m# UserListStepdefs.iConsumeTheWebServiceToSeeTheUserListInAnNonExistentPageOnThePlatform()?[0m
    ?[31mThen ?[0m?[31mthe web service will respond with a validation error of invalid token?[0m                  ?[90m# CommonSteps.theWebServiceWillRespondWithAValidationErrorOfInvalidToken()?[0m
      ?[31mjava.lang.AssertionError: 
Expecting:
  200
not to be equal to:
  200

	at com.naiofy.albums_shop.questions.CommonQuestions.responseCodeNotIs(CommonQuestions.java:18)
	at com.naiofy.albums_shop.questions.CommonQuestions$ByteBuddy$hcukxOjg.responseCodeNotIs$accessor$tUwxYOBF(Unknown Source)
	at sun.reflect.NativeMethodAccessorImpl.invoke0(Native Method)
	at sun.reflect.NativeMethodAccessorImpl.invoke(NativeMethodAccessorImpl.java:62)
	at sun.reflect.DelegatingMethodAccessorImpl.invoke(DelegatingMethodAccessorImpl.java:43)
	at java.lang.reflect.Method.invoke(Method.java:498)
	at net.thucydides.core.steps.StepInterceptor.invokeMethod(StepInterceptor.java:471)
	at net.thucydides.core.steps.StepInterceptor.executeTestStepMethod(StepInterceptor.java:451)
	at net.thucydides.core.steps.StepInterceptor.runTestStep(StepInterceptor.java:424)
	at net.thucydides.core.steps.StepInterceptor.runOrSkipMethod(StepInterceptor.java:180)
	at net.thucydides.core.steps.StepInterceptor.testStepResult(StepInterceptor.java:167)
	at net.thucydides.core.steps.StepInterceptor.intercept(StepInterceptor.java:75)
	at com.naiofy.albums_shop.questions.CommonQuestions$ByteBuddy$hcukxOjg.responseCodeNotIs(Unknown Source)
	at com.naiofy.albums_shop.stepdefinitions.CommonSteps.theWebServiceWillRespondWithAValidationErrorOfInvalidToken(CommonSteps.java:22)
	at ?.the web service will respond with a validation error of invalid token(src/test/resources/features/user_list.feature:40)
?[0m
    ?[36mAnd ?[0m?[36mthe schema should match with the specification defined in "?[0m?[36m?[1merrors.json?[0m?[36m"?[0m                 ?[90m# CommonSteps.the_schema_should_match_with_the_specification(String)?[0m

?[31mFailed scenarios:?[0m
?[31msrc/test/resources/features/user_list.feature:3 ?[0m# Consult the user list with regular user access token
?[31msrc/test/resources/features/user_list.feature:9 ?[0m# Consult the user list with admin user access token
?[31msrc/test/resources/features/user_list.feature:37 ?[0m# Consult the user list for a non existent page

7 Scenarios (?[31m3 failed?[0m, ?[32m4 passed?[0m)
26 Steps (?[31m3 failed?[0m, ?[36m2 skipped?[0m, ?[32m21 passed?[0m)
0m12,223s

java.lang.AssertionError: 1 expectation failed.
Response body doesn't match expectation.
Expected: The content to match the given JSON schema.
error: instance type (null) does not match any allowed primitive type (allowed: ["integer","number"])
    level: "error"
    schema: {"loadingURI":"file:/D:/Documentos/Personal/Wolox/restassured-serenitybdd-junit-cucumber/build/resources/test/schema/user_list.json#","pointer":"/properties/previous_page"}
    instance: {"pointer":"/previous_page"}
    domain: "validation"
    keyword: "type"
    found: "null"
    expected: ["integer","number"]

  Actual: {"total_count":546,"count":10,"total_pages":55,"limit":10,"offset":0,"current_page":1,"page":[{"first_name":"Hernan","last_name":"Garcia98","email":"hernan003@wolox.com.ar","role":"regular"},{"first_name":"Hernan","last_name":"Garcia","email":"hernan000@wolox.com.ar","role":"regular"},{"first_name":"Ricardo","last_name":"Pantoja","email":"emilia.nava@wolox.com.ar","role":"regular"},{"first_name":"Hernan","last_name":"Garcia","email":"h6@wolox.com.ar","role":"regular"},{"first_name":"5","last_name":"4","email":"alfredo.cedillo@wolox.com.ar","role":"regular"},{"first_name":"Tomás","last_name":"Griego","email":"mayte.aguilera@wolox.com.ar","role":"regular"},{"first_name":"Jose Antonio","last_name":"Bermudez","email":"jose.beruda@wolox.com.ar","role":"regular"},{"first_name":"Juan","last_name":"Perez","email":"jperez@wolox.com.ar","role":"regular"},{"first_name":"Hernan","last_name":"Garcia","email":"h7@wolox.com.ar","role":"regular"},{"first_name":"1","last_name":"4","email":"miguel.contreras@wolox.com.ar","role":"regular"}],"previous_page":null,"next_page":2}

	at sun.reflect.NativeConstructorAccessorImpl.newInstance0(Native Method)
	at sun.reflect.NativeConstructorAccessorImpl.newInstance(NativeConstructorAccessorImpl.java:62)
	at sun.reflect.DelegatingConstructorAccessorImpl.newInstance(DelegatingConstructorAccessorImpl.java:45)
	at java.lang.reflect.Constructor.newInstance(Constructor.java:423)
	at org.codehaus.groovy.reflection.CachedConstructor.invoke(CachedConstructor.java:83)
	at org.codehaus.groovy.reflection.CachedConstructor.doConstructorInvoke(CachedConstructor.java:77)
	at org.codehaus.groovy.runtime.callsite.ConstructorSite$ConstructorSiteNoUnwrap.callConstructor(ConstructorSite.java:84)
	at org.codehaus.groovy.runtime.callsite.CallSiteArray.defaultCallConstructor(CallSiteArray.java:59)
	at org.codehaus.groovy.runtime.callsite.AbstractCallSite.callConstructor(AbstractCallSite.java:237)
	at org.codehaus.groovy.runtime.callsite.AbstractCallSite.callConstructor(AbstractCallSite.java:249)
	at io.restassured.internal.ResponseSpecificationImpl$HamcrestAssertionClosure.validate(ResponseSpecificationImpl.groovy:494)
	at io.restassured.internal.ResponseSpecificationImpl$HamcrestAssertionClosure$validate$1.call(Unknown Source)
	at io.restassured.internal.ResponseSpecificationImpl.validateResponseIfRequired(ResponseSpecificationImpl.groovy:656)
	at sun.reflect.NativeMethodAccessorImpl.invoke0(Native Method)
	at sun.reflect.NativeMethodAccessorImpl.invoke(NativeMethodAccessorImpl.java:62)
	at sun.reflect.DelegatingMethodAccessorImpl.invoke(DelegatingMethodAccessorImpl.java:43)
	at java.lang.reflect.Method.invoke(Method.java:498)
	at org.codehaus.groovy.runtime.callsite.PlainObjectMetaMethodSite.doInvoke(PlainObjectMetaMethodSite.java:43)
	at org.codehaus.groovy.runtime.callsite.PogoMetaMethodSite$PogoCachedMethodSiteNoUnwrapNoCoerce.invoke(PogoMetaMethodSite.java:190)
	at org.codehaus.groovy.runtime.callsite.PogoMetaMethodSite.callCurrent(PogoMetaMethodSite.java:58)
	at org.codehaus.groovy.runtime.callsite.AbstractCallSite.callCurrent(AbstractCallSite.java:168)
	at io.restassured.internal.ResponseSpecificationImpl.content(ResponseSpecificationImpl.groovy:97)
	at io.restassured.specification.ResponseSpecification$content$0.callCurrent(Unknown Source)
	at io.restassured.internal.ResponseSpecificationImpl.body(ResponseSpecificationImpl.groovy:256)
	at io.restassured.internal.ValidatableResponseOptionsImpl.body(ValidatableResponseOptionsImpl.java:268)
	at com.naiofy.albums_shop.questions.CommonQuestions.verifyResponseSchema(CommonQuestions.java:23)
	at com.naiofy.albums_shop.questions.CommonQuestions$ByteBuddy$HeJWAXJH.verifyResponseSchema$accessor$gaSMgoFU(Unknown Source)
	at sun.reflect.NativeMethodAccessorImpl.invoke0(Native Method)
	at sun.reflect.NativeMethodAccessorImpl.invoke(NativeMethodAccessorImpl.java:62)
	at sun.reflect.DelegatingMethodAccessorImpl.invoke(DelegatingMethodAccessorImpl.java:43)
	at java.lang.reflect.Method.invoke(Method.java:498)
	at net.thucydides.core.steps.StepInterceptor.invokeMethod(StepInterceptor.java:471)
	at net.thucydides.core.steps.StepInterceptor.executeTestStepMethod(StepInterceptor.java:451)
	at net.thucydides.core.steps.StepInterceptor.runTestStep(StepInterceptor.java:424)
	at net.thucydides.core.steps.StepInterceptor.runOrSkipMethod(StepInterceptor.java:180)
	at net.thucydides.core.steps.StepInterceptor.testStepResult(StepInterceptor.java:167)
	at net.thucydides.core.steps.StepInterceptor.intercept(StepInterceptor.java:75)
	at com.naiofy.albums_shop.questions.CommonQuestions$ByteBuddy$HeJWAXJH.verifyResponseSchema(Unknown Source)
	at com.naiofy.albums_shop.stepdefinitions.CommonSteps.the_schema_should_match_with_the_specification(CommonSteps.java:17)
	at ?.the schema should match with the specification defined in "user_list.json"(src/test/resources/features/user_list.feature:7)

java.lang.AssertionError: 1 expectation failed.
Response body doesn't match expectation.
Expected: The content to match the given JSON schema.
error: instance type (null) does not match any allowed primitive type (allowed: ["integer","number"])
    level: "error"
    schema: {"loadingURI":"file:/D:/Documentos/Personal/Wolox/restassured-serenitybdd-junit-cucumber/build/resources/test/schema/user_list.json#","pointer":"/properties/previous_page"}
    instance: {"pointer":"/previous_page"}
    domain: "validation"
    keyword: "type"
    found: "null"
    expected: ["integer","number"]

  Actual: {"total_count":548,"count":10,"total_pages":55,"limit":10,"offset":0,"current_page":1,"page":[{"first_name":"Hernan","last_name":"Garcia98","email":"hernan003@wolox.com.ar","role":"regular"},{"first_name":"Hernan","last_name":"Garcia","email":"hernan000@wolox.com.ar","role":"regular"},{"first_name":"Ricardo","last_name":"Pantoja","email":"emilia.nava@wolox.com.ar","role":"regular"},{"first_name":"Hernan","last_name":"Garcia","email":"h6@wolox.com.ar","role":"regular"},{"first_name":"5","last_name":"4","email":"alfredo.cedillo@wolox.com.ar","role":"regular"},{"first_name":"Tomás","last_name":"Griego","email":"mayte.aguilera@wolox.com.ar","role":"regular"},{"first_name":"Jose Antonio","last_name":"Bermudez","email":"jose.beruda@wolox.com.ar","role":"regular"},{"first_name":"Juan","last_name":"Perez","email":"jperez@wolox.com.ar","role":"regular"},{"first_name":"Hernan","last_name":"Garcia","email":"h7@wolox.com.ar","role":"regular"},{"first_name":"1","last_name":"4","email":"miguel.contreras@wolox.com.ar","role":"regular"}],"previous_page":null,"next_page":2}

	at sun.reflect.NativeConstructorAccessorImpl.newInstance0(Native Method)
	at sun.reflect.NativeConstructorAccessorImpl.newInstance(NativeConstructorAccessorImpl.java:62)
	at sun.reflect.DelegatingConstructorAccessorImpl.newInstance(DelegatingConstructorAccessorImpl.java:45)
	at java.lang.reflect.Constructor.newInstance(Constructor.java:423)
	at org.codehaus.groovy.reflection.CachedConstructor.invoke(CachedConstructor.java:83)
	at org.codehaus.groovy.reflection.CachedConstructor.doConstructorInvoke(CachedConstructor.java:77)
	at org.codehaus.groovy.runtime.callsite.ConstructorSite$ConstructorSiteNoUnwrap.callConstructor(ConstructorSite.java:84)
	at org.codehaus.groovy.runtime.callsite.AbstractCallSite.callConstructor(AbstractCallSite.java:249)
	at io.restassured.internal.ResponseSpecificationImpl$HamcrestAssertionClosure.validate(ResponseSpecificationImpl.groovy:494)
	at io.restassured.internal.ResponseSpecificationImpl$HamcrestAssertionClosure$validate$1.call(Unknown Source)
	at io.restassured.internal.ResponseSpecificationImpl.validateResponseIfRequired(ResponseSpecificationImpl.groovy:656)
	at sun.reflect.NativeMethodAccessorImpl.invoke0(Native Method)
	at sun.reflect.NativeMethodAccessorImpl.invoke(NativeMethodAccessorImpl.java:62)
	at sun.reflect.DelegatingMethodAccessorImpl.invoke(DelegatingMethodAccessorImpl.java:43)
	at java.lang.reflect.Method.invoke(Method.java:498)
	at org.codehaus.groovy.runtime.callsite.PlainObjectMetaMethodSite.doInvoke(PlainObjectMetaMethodSite.java:43)
	at org.codehaus.groovy.runtime.callsite.PogoMetaMethodSite$PogoCachedMethodSiteNoUnwrapNoCoerce.invoke(PogoMetaMethodSite.java:190)
	at org.codehaus.groovy.runtime.callsite.PogoMetaMethodSite.callCurrent(PogoMetaMethodSite.java:58)
	at org.codehaus.groovy.runtime.callsite.AbstractCallSite.callCurrent(AbstractCallSite.java:168)
	at io.restassured.internal.ResponseSpecificationImpl.content(ResponseSpecificationImpl.groovy:97)
	at io.restassured.specification.ResponseSpecification$content$0.callCurrent(Unknown Source)
	at io.restassured.internal.ResponseSpecificationImpl.body(ResponseSpecificationImpl.groovy:256)
	at io.restassured.internal.ValidatableResponseOptionsImpl.body(ValidatableResponseOptionsImpl.java:268)
	at com.naiofy.albums_shop.questions.CommonQuestions.verifyResponseSchema(CommonQuestions.java:23)
	at com.naiofy.albums_shop.questions.CommonQuestions$ByteBuddy$hK3JW4Jz.verifyResponseSchema$accessor$U8uax9Z4(Unknown Source)
	at sun.reflect.NativeMethodAccessorImpl.invoke0(Native Method)
	at sun.reflect.NativeMethodAccessorImpl.invoke(NativeMethodAccessorImpl.java:62)
	at sun.reflect.DelegatingMethodAccessorImpl.invoke(DelegatingMethodAccessorImpl.java:43)
	at java.lang.reflect.Method.invoke(Method.java:498)
	at net.thucydides.core.steps.StepInterceptor.invokeMethod(StepInterceptor.java:471)
	at net.thucydides.core.steps.StepInterceptor.executeTestStepMethod(StepInterceptor.java:451)
	at net.thucydides.core.steps.StepInterceptor.runTestStep(StepInterceptor.java:424)
	at net.thucydides.core.steps.StepInterceptor.runOrSkipMethod(StepInterceptor.java:180)
	at net.thucydides.core.steps.StepInterceptor.testStepResult(StepInterceptor.java:167)
	at net.thucydides.core.steps.StepInterceptor.intercept(StepInterceptor.java:75)
	at com.naiofy.albums_shop.questions.CommonQuestions$ByteBuddy$hK3JW4Jz.verifyResponseSchema(Unknown Source)
	at com.naiofy.albums_shop.stepdefinitions.CommonSteps.the_schema_should_match_with_the_specification(CommonSteps.java:17)
	at ?.the schema should match with the specification defined in "user_list.json"(src/test/resources/features/user_list.feature:13)

java.lang.AssertionError: 
Expecting:
  200
not to be equal to:
  200

	at com.naiofy.albums_shop.questions.CommonQuestions.responseCodeNotIs(CommonQuestions.java:18)
	at com.naiofy.albums_shop.questions.CommonQuestions$ByteBuddy$hcukxOjg.responseCodeNotIs$accessor$tUwxYOBF(Unknown Source)
	at sun.reflect.NativeMethodAccessorImpl.invoke0(Native Method)
	at sun.reflect.NativeMethodAccessorImpl.invoke(NativeMethodAccessorImpl.java:62)
	at sun.reflect.DelegatingMethodAccessorImpl.invoke(DelegatingMethodAccessorImpl.java:43)
	at java.lang.reflect.Method.invoke(Method.java:498)
	at net.thucydides.core.steps.StepInterceptor.invokeMethod(StepInterceptor.java:471)
	at net.thucydides.core.steps.StepInterceptor.executeTestStepMethod(StepInterceptor.java:451)
	at net.thucydides.core.steps.StepInterceptor.runTestStep(StepInterceptor.java:424)
	at net.thucydides.core.steps.StepInterceptor.runOrSkipMethod(StepInterceptor.java:180)
	at net.thucydides.core.steps.StepInterceptor.testStepResult(StepInterceptor.java:167)
	at net.thucydides.core.steps.StepInterceptor.intercept(StepInterceptor.java:75)
	at com.naiofy.albums_shop.questions.CommonQuestions$ByteBuddy$hcukxOjg.responseCodeNotIs(Unknown Source)
	at com.naiofy.albums_shop.stepdefinitions.CommonSteps.theWebServiceWillRespondWithAValidationErrorOfInvalidToken(CommonSteps.java:22)
	at ?.the web service will respond with a validation error of invalid token(src/test/resources/features/user_list.feature:40)

]]></system-out>
  <system-err><![CDATA[]]></system-err>
</testsuite>
