<?xml version="1.0" encoding="UTF-8"?>
<testsuite name="Purchased album list" tests="5" skipped="0" failures="1" errors="0" timestamp="2021-06-08T03:54:29" hostname="PSOFKA0172" time="5.977">
  <properties/>
  <testcase name="See purchased albums of a regular user access token" classname="Purchased album list" time="1.354"/>
  <testcase name="See purchased albums of a regular user access token for another userid" classname="Purchased album list" time="1.376"/>
  <testcase name="See purchased albums with invalid access token" classname="Purchased album list" time="0.693"/>
  <testcase name="See purchased albums without token" classname="Purchased album list" time="0.551"/>
  <testcase name="See purchased albums list without user id" classname="Purchased album list" time="1.987">
    <failure message="io.restassured.module.jsv.JsonSchemaValidationException: com.fasterxml.jackson.core.JsonParseException: Unexpected character ('&lt;' (code 60)): expected a valid value (JSON String, Number, Array, Object or token 'null', 'true' or 'false')&#10; at [Source: (StringReader); line: 1, column: 2]" type="io.restassured.module.jsv.JsonSchemaValidationException">io.restassured.module.jsv.JsonSchemaValidationException: com.fasterxml.jackson.core.JsonParseException: Unexpected character ('&lt;' (code 60)): expected a valid value (JSON String, Number, Array, Object or token 'null', 'true' or 'false')
 at [Source: (StringReader); line: 1, column: 2]
	at io.restassured.module.jsv.JsonSchemaValidator.matchesSafely(JsonSchemaValidator.java:233)
	at io.restassured.module.jsv.JsonSchemaValidator.matchesSafely(JsonSchemaValidator.java:75)
	at org.hamcrest.TypeSafeMatcher.matches(TypeSafeMatcher.java:65)
	at org.hamcrest.Matcher$matches.call(Unknown Source)
	at io.restassured.assertion.BodyMatcher.validate(BodyMatcher.groovy:76)
	at io.restassured.assertion.BodyMatcher$validate$0.call(Unknown Source)
	at io.restassured.assertion.BodyMatcherGroup$_validate_closure2.doCall(BodyMatcherGroup.groovy:47)
	at sun.reflect.NativeMethodAccessorImpl.invoke0(Native Method)
	at sun.reflect.NativeMethodAccessorImpl.invoke(NativeMethodAccessorImpl.java:62)
	at sun.reflect.DelegatingMethodAccessorImpl.invoke(DelegatingMethodAccessorImpl.java:43)
	at java.lang.reflect.Method.invoke(Method.java:498)
	at org.codehaus.groovy.reflection.CachedMethod.invoke(CachedMethod.java:104)
	at groovy.lang.MetaMethod.doMethodInvoke(MetaMethod.java:326)
	at org.codehaus.groovy.runtime.metaclass.ClosureMetaClass.invokeMethod(ClosureMetaClass.java:264)
	at groovy.lang.MetaClassImpl.invokeMethod(MetaClassImpl.java:1041)
	at groovy.lang.Closure.call(Closure.java:411)
	at groovy.lang.Closure.call(Closure.java:427)
	at org.codehaus.groovy.runtime.DefaultGroovyMethods.collect(DefaultGroovyMethods.java:3540)
	at org.codehaus.groovy.runtime.DefaultGroovyMethods.collect(DefaultGroovyMethods.java:3525)
	at org.codehaus.groovy.runtime.DefaultGroovyMethods.collect(DefaultGroovyMethods.java:3625)
	at org.codehaus.groovy.runtime.dgm$87.invoke(Unknown Source)
	at org.codehaus.groovy.runtime.callsite.PojoMetaMethodSite$PojoMetaMethodSiteNoUnwrapNoCoerce.invoke(PojoMetaMethodSite.java:246)
	at org.codehaus.groovy.runtime.callsite.PojoMetaMethodSite.call(PojoMetaMethodSite.java:55)
	at org.codehaus.groovy.runtime.callsite.AbstractCallSite.call(AbstractCallSite.java:127)
	at io.restassured.assertion.BodyMatcherGroup.validate(BodyMatcherGroup.groovy:47)
	at io.restassured.assertion.BodyMatcherGroup$validate$3.call(Unknown Source)
	at io.restassured.internal.ResponseSpecificationImpl$HamcrestAssertionClosure.validate(ResponseSpecificationImpl.groovy:481)
	at io.restassured.internal.ResponseSpecificationImpl$HamcrestAssertionClosure$validate$1.call(Unknown Source)
	at io.restassured.internal.ResponseSpecificationImpl.validateResponseIfRequired(ResponseSpecificationImpl.groovy:656)
	at sun.reflect.NativeMethodAccessorImpl.invoke0(Native Method)
	at sun.reflect.NativeMethodAccessorImpl.invoke(NativeMethodAccessorImpl.java:62)
	at sun.reflect.DelegatingMethodAccessorImpl.invoke(DelegatingMethodAccessorImpl.java:43)
	at java.lang.reflect.Method.invoke(Method.java:498)
	at org.codehaus.groovy.runtime.callsite.PlainObjectMetaMethodSite.doInvoke(PlainObjectMetaMethodSite.java:43)
	at org.codehaus.groovy.runtime.callsite.PogoMetaMethodSite$PogoCachedMethodSiteNoUnwrapNoCoerce.invoke(PogoMetaMethodSite.java:190)
	at org.codehaus.groovy.runtime.callsite.PogoMetaMethodSite.callCurrent(PogoMetaMethodSite.java:58)
	at org.codehaus.groovy.runtime.callsite.AbstractCallSite.callCurrent(AbstractCallSite.java:168)
	at io.restassured.internal.ResponseSpecificationImpl.content(ResponseSpecificationImpl.groovy:97)
	at io.restassured.specification.ResponseSpecification$content$0.callCurrent(Unknown Source)
	at io.restassured.internal.ResponseSpecificationImpl.body(ResponseSpecificationImpl.groovy:256)
	at io.restassured.internal.ValidatableResponseOptionsImpl.body(ValidatableResponseOptionsImpl.java:268)
	at com.naiofy.albums_shop.questions.CommonQuestions.verifyResponseSchema(CommonQuestions.java:23)
	at com.naiofy.albums_shop.questions.CommonQuestions$ByteBuddy$3IuU1wU0.verifyResponseSchema$accessor$y8uFxNER(Unknown Source)
	at sun.reflect.NativeMethodAccessorImpl.invoke0(Native Method)
	at sun.reflect.NativeMethodAccessorImpl.invoke(NativeMethodAccessorImpl.java:62)
	at sun.reflect.DelegatingMethodAccessorImpl.invoke(DelegatingMethodAccessorImpl.java:43)
	at java.lang.reflect.Method.invoke(Method.java:498)
	at net.thucydides.core.steps.StepInterceptor.invokeMethod(StepInterceptor.java:471)
	at net.thucydides.core.steps.StepInterceptor.executeTestStepMethod(StepInterceptor.java:451)
	at net.thucydides.core.steps.StepInterceptor.runTestStep(StepInterceptor.java:424)
	at net.thucydides.core.steps.StepInterceptor.runOrSkipMethod(StepInterceptor.java:180)
	at net.thucydides.core.steps.StepInterceptor.testStepResult(StepInterceptor.java:167)
	at net.thucydides.core.steps.StepInterceptor.intercept(StepInterceptor.java:75)
	at com.naiofy.albums_shop.questions.CommonQuestions$ByteBuddy$3IuU1wU0.verifyResponseSchema(Unknown Source)
	at com.naiofy.albums_shop.stepdefinitions.CommonSteps.the_schema_should_match_with_the_specification(CommonSteps.java:17)
	at âœ½.the schema should match with the specification defined in &quot;errors.json&quot;(src/test/resources/features/purchased_album_list.feature:29)
Caused by: com.fasterxml.jackson.core.JsonParseException: Unexpected character ('&lt;' (code 60)): expected a valid value (JSON String, Number, Array, Object or token 'null', 'true' or 'false')
 at [Source: (StringReader); line: 1, column: 2]
	at com.fasterxml.jackson.core.JsonParser._constructError(JsonParser.java:2337)
	at com.fasterxml.jackson.core.base.ParserMinimalBase._reportError(ParserMinimalBase.java:710)
	at com.fasterxml.jackson.core.base.ParserMinimalBase._reportUnexpectedChar(ParserMinimalBase.java:635)
	at com.fasterxml.jackson.core.json.ReaderBasedJsonParser._handleOddValue(ReaderBasedJsonParser.java:1952)
	at com.fasterxml.jackson.core.json.ReaderBasedJsonParser.nextToken(ReaderBasedJsonParser.java:781)
	at com.fasterxml.jackson.databind.MappingIterator.hasNextValue(MappingIterator.java:243)
	at com.github.fge.jackson.JsonNodeReader.readNode(JsonNodeReader.java:149)
	at com.github.fge.jackson.JsonNodeReader.fromReader(JsonNodeReader.java:129)
	at com.github.fge.jackson.JsonLoader.fromReader(JsonLoader.java:186)
	at com.github.fge.jackson.JsonLoader.fromString(JsonLoader.java:199)
	at io.restassured.module.jsv.JsonSchemaValidator.matchesSafely(JsonSchemaValidator.java:214)
	at io.restassured.module.jsv.JsonSchemaValidator.matchesSafely(JsonSchemaValidator.java:75)
	at org.hamcrest.TypeSafeMatcher.matches(TypeSafeMatcher.java:65)
	at org.hamcrest.Matcher$matches.call(Unknown Source)
	at io.restassured.assertion.BodyMatcher.validate(BodyMatcher.groovy:76)
	at io.restassured.assertion.BodyMatcher$validate$0.call(Unknown Source)
	at io.restassured.assertion.BodyMatcherGroup$_validate_closure2.doCall(BodyMatcherGroup.groovy:47)
	at sun.reflect.NativeMethodAccessorImpl.invoke0(Native Method)
	at sun.reflect.NativeMethodAccessorImpl.invoke(NativeMethodAccessorImpl.java:62)
	at sun.reflect.DelegatingMethodAccessorImpl.invoke(DelegatingMethodAccessorImpl.java:43)
	at java.lang.reflect.Method.invoke(Method.java:498)
	at org.codehaus.groovy.reflection.CachedMethod.invoke(CachedMethod.java:104)
	at groovy.lang.MetaMethod.doMethodInvoke(MetaMethod.java:326)
	at org.codehaus.groovy.runtime.metaclass.ClosureMetaClass.invokeMethod(ClosureMetaClass.java:264)
	at groovy.lang.MetaClassImpl.invokeMethod(MetaClassImpl.java:1041)
	at groovy.lang.Closure.call(Closure.java:411)
	at groovy.lang.Closure.call(Closure.java:427)
	at org.codehaus.groovy.runtime.DefaultGroovyMethods.collect(DefaultGroovyMethods.java:3540)
	at org.codehaus.groovy.runtime.DefaultGroovyMethods.collect(DefaultGroovyMethods.java:3525)
	at org.codehaus.groovy.runtime.DefaultGroovyMethods.collect(DefaultGroovyMethods.java:3625)
	at org.codehaus.groovy.runtime.dgm$87.invoke(Unknown Source)
	at org.codehaus.groovy.runtime.callsite.PojoMetaMethodSite$PojoMetaMethodSiteNoUnwrapNoCoerce.invoke(PojoMetaMethodSite.java:246)
	at org.codehaus.groovy.runtime.callsite.PojoMetaMethodSite.call(PojoMetaMethodSite.java:55)
	at org.codehaus.groovy.runtime.callsite.AbstractCallSite.call(AbstractCallSite.java:127)
	at io.restassured.assertion.BodyMatcherGroup.validate(BodyMatcherGroup.groovy:47)
	at io.restassured.assertion.BodyMatcherGroup$validate$3.call(Unknown Source)
	at io.restassured.internal.ResponseSpecificationImpl$HamcrestAssertionClosure.validate(ResponseSpecificationImpl.groovy:481)
	at io.restassured.internal.ResponseSpecificationImpl$HamcrestAssertionClosure$validate$1.call(Unknown Source)
	at io.restassured.internal.ResponseSpecificationImpl.validateResponseIfRequired(ResponseSpecificationImpl.groovy:656)
	at sun.reflect.NativeMethodAccessorImpl.invoke0(Native Method)
	at sun.reflect.NativeMethodAccessorImpl.invoke(NativeMethodAccessorImpl.java:62)
	at sun.reflect.DelegatingMethodAccessorImpl.invoke(DelegatingMethodAccessorImpl.java:43)
	at java.lang.reflect.Method.invoke(Method.java:498)
	at org.codehaus.groovy.runtime.callsite.PlainObjectMetaMethodSite.doInvoke(PlainObjectMetaMethodSite.java:43)
	at org.codehaus.groovy.runtime.callsite.PogoMetaMethodSite$PogoCachedMethodSiteNoUnwrapNoCoerce.invoke(PogoMetaMethodSite.java:190)
	at org.codehaus.groovy.runtime.callsite.PogoMetaMethodSite.callCurrent(PogoMetaMethodSite.java:58)
	at org.codehaus.groovy.runtime.callsite.AbstractCallSite.callCurrent(AbstractCallSite.java:168)
	at io.restassured.internal.ResponseSpecificationImpl.content(ResponseSpecificationImpl.groovy:97)
	at io.restassured.specification.ResponseSpecification$content$0.callCurrent(Unknown Source)
	at io.restassured.internal.ResponseSpecificationImpl.body(ResponseSpecificationImpl.groovy:256)
	at io.restassured.internal.ValidatableResponseOptionsImpl.body(ValidatableResponseOptionsImpl.java:268)
	at com.naiofy.albums_shop.questions.CommonQuestions.verifyResponseSchema(CommonQuestions.java:23)
	at com.naiofy.albums_shop.questions.CommonQuestions$ByteBuddy$3IuU1wU0.verifyResponseSchema$accessor$y8uFxNER(Unknown Source)
	at sun.reflect.NativeMethodAccessorImpl.invoke0(Native Method)
	at sun.reflect.NativeMethodAccessorImpl.invoke(NativeMethodAccessorImpl.java:62)
	at sun.reflect.DelegatingMethodAccessorImpl.invoke(DelegatingMethodAccessorImpl.java:43)
	at java.lang.reflect.Method.invoke(Method.java:498)
	at net.thucydides.core.steps.StepInterceptor.invokeMethod(StepInterceptor.java:471)
	at net.thucydides.core.steps.StepInterceptor.executeTestStepMethod(StepInterceptor.java:451)
	at net.thucydides.core.steps.StepInterceptor.runTestStep(StepInterceptor.java:424)
	at net.thucydides.core.steps.StepInterceptor.runOrSkipMethod(StepInterceptor.java:180)
	at net.thucydides.core.steps.StepInterceptor.testStepResult(StepInterceptor.java:167)
	at net.thucydides.core.steps.StepInterceptor.intercept(StepInterceptor.java:75)
	at com.naiofy.albums_shop.questions.CommonQuestions$ByteBuddy$3IuU1wU0.verifyResponseSchema(Unknown Source)
	at com.naiofy.albums_shop.stepdefinitions.CommonSteps.the_schema_should_match_with_the_specification(CommonSteps.java:17)
	at sun.reflect.NativeMethodAccessorImpl.invoke0(Native Method)
	at sun.reflect.NativeMethodAccessorImpl.invoke(NativeMethodAccessorImpl.java:62)
	at sun.reflect.DelegatingMethodAccessorImpl.invoke(DelegatingMethodAccessorImpl.java:43)
	at java.lang.reflect.Method.invoke(Method.java:498)
	at cucumber.runtime.Utils$1.call(Utils.java:26)
	at cucumber.runtime.Timeout.timeout(Timeout.java:16)
	at cucumber.runtime.Utils.invoke(Utils.java:20)
	at cucumber.runtime.java.JavaStepDefinition.execute(JavaStepDefinition.java:49)
	at cucumber.runner.PickleStepDefinitionMatch.runStep(PickleStepDefinitionMatch.java:50)
	at cucumber.runner.TestStep.executeStep(TestStep.java:63)
	at cucumber.runner.TestStep.run(TestStep.java:49)
	at cucumber.runner.PickleStepTestStep.run(PickleStepTestStep.java:43)
	at cucumber.runner.TestCase.run(TestCase.java:44)
	at cucumber.runner.Runner.runPickle(Runner.java:40)
	at cucumber.runtime.junit.PickleRunners$NoStepDescriptions.run(PickleRunners.java:146)
	at cucumber.runtime.junit.FeatureRunner.runChild(FeatureRunner.java:68)
	at cucumber.runtime.junit.FeatureRunner.runChild(FeatureRunner.java:23)
	at org.junit.runners.ParentRunner$4.run(ParentRunner.java:331)
	at org.junit.runners.ParentRunner$1.schedule(ParentRunner.java:79)
	at org.junit.runners.ParentRunner.runChildren(ParentRunner.java:329)
	at org.junit.runners.ParentRunner.access$100(ParentRunner.java:66)
	at org.junit.runners.ParentRunner$2.evaluate(ParentRunner.java:293)
	at org.junit.runners.ParentRunner$3.evaluate(ParentRunner.java:306)
	at org.junit.runners.ParentRunner.run(ParentRunner.java:413)
	at cucumber.runtime.junit.FeatureRunner.run(FeatureRunner.java:73)
	at net.serenitybdd.cucumber.CucumberWithSerenity.runChild(CucumberWithSerenity.java:193)
	at net.serenitybdd.cucumber.CucumberWithSerenity.runChild(CucumberWithSerenity.java:64)
	at org.junit.runners.ParentRunner$4.run(ParentRunner.java:331)
	at org.junit.runners.ParentRunner$1.schedule(ParentRunner.java:79)
	at org.junit.runners.ParentRunner.runChildren(ParentRunner.java:329)
	at org.junit.runners.ParentRunner.access$100(ParentRunner.java:66)
	at org.junit.runners.ParentRunner$2.evaluate(ParentRunner.java:293)
	at net.serenitybdd.cucumber.CucumberWithSerenity$1.evaluate(CucumberWithSerenity.java:202)
	at org.junit.runners.ParentRunner$3.evaluate(ParentRunner.java:306)
	at org.junit.runners.ParentRunner.run(ParentRunner.java:413)
	at org.gradle.api.internal.tasks.testing.junit.JUnitTestClassExecutor.runTestClass(JUnitTestClassExecutor.java:110)
	at org.gradle.api.internal.tasks.testing.junit.JUnitTestClassExecutor.execute(JUnitTestClassExecutor.java:58)
	at org.gradle.api.internal.tasks.testing.junit.JUnitTestClassExecutor.execute(JUnitTestClassExecutor.java:38)
	at org.gradle.api.internal.tasks.testing.junit.AbstractJUnitTestClassProcessor.processTestClass(AbstractJUnitTestClassProcessor.java:62)
	at org.gradle.api.internal.tasks.testing.SuiteTestClassProcessor.processTestClass(SuiteTestClassProcessor.java:51)
	at sun.reflect.NativeMethodAccessorImpl.invoke0(Native Method)
	at sun.reflect.NativeMethodAccessorImpl.invoke(NativeMethodAccessorImpl.java:62)
	at sun.reflect.DelegatingMethodAccessorImpl.invoke(DelegatingMethodAccessorImpl.java:43)
	at java.lang.reflect.Method.invoke(Method.java:498)
	at org.gradle.internal.dispatch.ReflectionDispatch.dispatch(ReflectionDispatch.java:35)
	at org.gradle.internal.dispatch.ReflectionDispatch.dispatch(ReflectionDispatch.java:24)
	at org.gradle.internal.dispatch.ContextClassLoaderDispatch.dispatch(ContextClassLoaderDispatch.java:32)
	at org.gradle.internal.dispatch.ProxyDispatchAdapter$DispatchingInvocationHandler.invoke(ProxyDispatchAdapter.java:93)
	at com.sun.proxy.$Proxy2.processTestClass(Unknown Source)
	at org.gradle.api.internal.tasks.testing.worker.TestWorker.processTestClass(TestWorker.java:118)
	at sun.reflect.NativeMethodAccessorImpl.invoke0(Native Method)
	at sun.reflect.NativeMethodAccessorImpl.invoke(NativeMethodAccessorImpl.java:62)
	at sun.reflect.DelegatingMethodAccessorImpl.invoke(DelegatingMethodAccessorImpl.java:43)
	at java.lang.reflect.Method.invoke(Method.java:498)
	at org.gradle.internal.dispatch.ReflectionDispatch.dispatch(ReflectionDispatch.java:35)
	at org.gradle.internal.dispatch.ReflectionDispatch.dispatch(ReflectionDispatch.java:24)
	at org.gradle.internal.remote.internal.hub.MessageHubBackedObjectConnection$DispatchWrapper.dispatch(MessageHubBackedObjectConnection.java:175)
	at org.gradle.internal.remote.internal.hub.MessageHubBackedObjectConnection$DispatchWrapper.dispatch(MessageHubBackedObjectConnection.java:157)
	at org.gradle.internal.remote.internal.hub.MessageHub$Handler.run(MessageHub.java:404)
	at org.gradle.internal.concurrent.ExecutorPolicy$CatchAndRecordFailures.onExecute(ExecutorPolicy.java:63)
	at org.gradle.internal.concurrent.ManagedExecutorImpl$1.run(ManagedExecutorImpl.java:46)
	at java.util.concurrent.ThreadPoolExecutor.runWorker(ThreadPoolExecutor.java:1149)
	at java.util.concurrent.ThreadPoolExecutor$Worker.run(ThreadPoolExecutor.java:624)
	at org.gradle.internal.concurrent.ThreadFactoryImpl$ManagedThreadRunnable.run(ThreadFactoryImpl.java:55)
	at java.lang.Thread.run(Thread.java:748)
</failure>
  </testcase>
  <system-out><![CDATA[22:54:29.122 [Test worker] WARN  n.t.core.steps.BaseStepListener - testStarted: See purchased albums of a regular user access token/purchased-album-list;see-purchased-albums-of-a-regular-user-access-token
22:54:29.123 [Test worker] INFO  n.t.c.steps.ConsoleLoggingListener - 
 _____ _____ ____ _____   ____ _____  _    ____ _____ _____ ____  
|_   _| ____/ ___|_   _| / ___|_   _|/ \  |  _ \_   _| ____|  _ \ 
  | | |  _| \___ \ | |   \___ \ | | / _ \ | |_) || | |  _| | | | |
  | | | |___ ___) || |    ___) || |/ ___ \|  _ < | | | |___| |_| |
  |_| |_____|____/ |_|   |____/ |_/_/   \_\_| \_\|_| |_____|____/ 
                                                                  

TEST STARTED: See purchased albums of a regular user access token
-------------------------------------------------------------------(purchased-album-list;see-purchased-albums-of-a-regular-user-access-token)
22:54:29.129 [Test worker] WARN  n.t.core.steps.BaseStepListener - stepStarted: net.thucydides.core.steps.ExecutedStepDescription@c8de3cd
22:54:29.198 [Test worker] WARN  n.t.core.steps.BaseStepListener - stepStarted: net.thucydides.core.steps.ExecutedStepDescription@16d8f067
22:54:29.221 [Test worker] WARN  n.t.core.steps.BaseStepListener - stepStarted: net.thucydides.core.steps.ExecutedStepDescription@74ce2640
22:54:29.837 [Test worker] WARN  n.t.core.steps.BaseStepListener - stepStarted: net.thucydides.core.steps.ExecutedStepDescription@103ae96f
22:54:29.838 [Test worker] WARN  n.t.core.steps.BaseStepListener - stepFinished: current outcome:See purchased albums of a regular user access token:Given I have an access Token of regular user to see their purchased albums [Login an user into the platform [Login user [POST https://nodejs-qa-training.herokuapp.com/users/sessions]]]
22:54:29.838 [Test worker] WARN  n.t.core.steps.BaseStepListener - stepFinished: current outcome:See purchased albums of a regular user access token:Given I have an access Token of regular user to see their purchased albums [Login an user into the platform [Login user [POST https://nodejs-qa-training.herokuapp.com/users/sessions]]]
22:54:29.855 [Test worker] WARN  n.t.core.steps.BaseStepListener - stepFinished: current outcome:See purchased albums of a regular user access token:Given I have an access Token of regular user to see their purchased albums [Login an user into the platform [Login user [POST https://nodejs-qa-training.herokuapp.com/users/sessions]]]
22:54:29.857 [Test worker] WARN  n.t.core.steps.BaseStepListener - stepFinished: current outcome:See purchased albums of a regular user access token:Given I have an access Token of regular user to see their purchased albums [Login an user into the platform [Login user [POST https://nodejs-qa-training.herokuapp.com/users/sessions]]]
22:54:29.857 [Test worker] WARN  n.t.core.steps.BaseStepListener - stepStarted: net.thucydides.core.steps.ExecutedStepDescription@7929fe3f
22:54:29.860 [Test worker] WARN  n.t.core.steps.BaseStepListener - stepStarted: net.thucydides.core.steps.ExecutedStepDescription@33fb0481
22:54:30.410 [Test worker] WARN  n.t.core.steps.BaseStepListener - stepStarted: net.thucydides.core.steps.ExecutedStepDescription@7c6595dc
22:54:30.411 [Test worker] WARN  n.t.core.steps.BaseStepListener - stepFinished: current outcome:See purchased albums of a regular user access token:Given I have an access Token of regular user to see their purchased albums [Login an user into the platform [Login user [POST https://nodejs-qa-training.herokuapp.com/users/sessions]]], When I consume the web service to see their albums on the platform [See purchased albums into the platform [GET https://nodejs-qa-training.herokuapp.com/users/147/albums]]
22:54:30.411 [Test worker] WARN  n.t.core.steps.BaseStepListener - stepFinished: current outcome:See purchased albums of a regular user access token:Given I have an access Token of regular user to see their purchased albums [Login an user into the platform [Login user [POST https://nodejs-qa-training.herokuapp.com/users/sessions]]], When I consume the web service to see their albums on the platform [See purchased albums into the platform [GET https://nodejs-qa-training.herokuapp.com/users/147/albums]]
22:54:30.412 [Test worker] WARN  n.t.core.steps.BaseStepListener - stepFinished: current outcome:See purchased albums of a regular user access token:Given I have an access Token of regular user to see their purchased albums [Login an user into the platform [Login user [POST https://nodejs-qa-training.herokuapp.com/users/sessions]]], When I consume the web service to see their albums on the platform [See purchased albums into the platform [GET https://nodejs-qa-training.herokuapp.com/users/147/albums]]
22:54:30.413 [Test worker] WARN  n.t.core.steps.BaseStepListener - stepStarted: net.thucydides.core.steps.ExecutedStepDescription@5320eb70
22:54:30.415 [Test worker] WARN  n.t.core.steps.BaseStepListener - stepStarted: net.thucydides.core.steps.ExecutedStepDescription@374d2d6a
22:54:30.416 [Test worker] WARN  n.t.core.steps.BaseStepListener - stepFinished: current outcome:See purchased albums of a regular user access token:Given I have an access Token of regular user to see their purchased albums [Login an user into the platform [Login user [POST https://nodejs-qa-training.herokuapp.com/users/sessions]]], When I consume the web service to see their albums on the platform [See purchased albums into the platform [GET https://nodejs-qa-training.herokuapp.com/users/147/albums]], Then the web service responses with their album list [Verify that API response is 200]
22:54:30.418 [Test worker] WARN  n.t.core.steps.BaseStepListener - stepFinished: current outcome:See purchased albums of a regular user access token:Given I have an access Token of regular user to see their purchased albums [Login an user into the platform [Login user [POST https://nodejs-qa-training.herokuapp.com/users/sessions]]], When I consume the web service to see their albums on the platform [See purchased albums into the platform [GET https://nodejs-qa-training.herokuapp.com/users/147/albums]], Then the web service responses with their album list [Verify that API response is 200]
22:54:30.418 [Test worker] WARN  n.t.core.steps.BaseStepListener - stepStarted: net.thucydides.core.steps.ExecutedStepDescription@5bf5238c
22:54:30.428 [Test worker] WARN  n.t.core.steps.BaseStepListener - stepStarted: net.thucydides.core.steps.ExecutedStepDescription@54c42324
22:54:30.463 [Test worker] WARN  n.t.core.steps.BaseStepListener - stepFinished: current outcome:See purchased albums of a regular user access token:Given I have an access Token of regular user to see their purchased albums [Login an user into the platform [Login user [POST https://nodejs-qa-training.herokuapp.com/users/sessions]]], When I consume the web service to see their albums on the platform [See purchased albums into the platform [GET https://nodejs-qa-training.herokuapp.com/users/147/albums]], Then the web service responses with their album list [Verify that API response is 200], And the schema should match with the specification defined in "album_list.json" [Verify response schema with album_list.json]
22:54:30.467 [Test worker] WARN  n.t.core.steps.BaseStepListener - stepFinished: current outcome:See purchased albums of a regular user access token:Given I have an access Token of regular user to see their purchased albums [Login an user into the platform [Login user [POST https://nodejs-qa-training.herokuapp.com/users/sessions]]], When I consume the web service to see their albums on the platform [See purchased albums into the platform [GET https://nodejs-qa-training.herokuapp.com/users/147/albums]], Then the web service responses with their album list [Verify that API response is 200], And the schema should match with the specification defined in "album_list.json" [Verify response schema with album_list.json]
22:54:30.481 [Test worker] WARN  n.t.core.steps.BaseStepListener - testStarted: See purchased albums of a regular user access token for another userid/purchased-album-list;see-purchased-albums-of-a-regular-user-access-token-for-another-userid
22:54:30.481 [Test worker] INFO  n.t.c.steps.ConsoleLoggingListener - 
 _____ _____ ____ _____   ____ _____  _    ____ _____ _____ ____  
|_   _| ____/ ___|_   _| / ___|_   _|/ \  |  _ \_   _| ____|  _ \ 
  | | |  _| \___ \ | |   \___ \ | | / _ \ | |_) || | |  _| | | | |
  | | | |___ ___) || |    ___) || |/ ___ \|  _ < | | | |___| |_| |
  |_| |_____|____/ |_|   |____/ |_/_/   \_\_| \_\|_| |_____|____/ 
                                                                  

TEST STARTED: See purchased albums of a regular user access token for another userid
-------------------------------------------------------------------(purchased-album-list;see-purchased-albums-of-a-regular-user-access-token-for-another-userid)
22:54:30.494 [Test worker] WARN  n.t.core.steps.BaseStepListener - stepStarted: net.thucydides.core.steps.ExecutedStepDescription@4227abe7
22:54:30.573 [Test worker] WARN  n.t.core.steps.BaseStepListener - stepStarted: net.thucydides.core.steps.ExecutedStepDescription@6fac1d8c
22:54:30.576 [Test worker] WARN  n.t.core.steps.BaseStepListener - stepStarted: net.thucydides.core.steps.ExecutedStepDescription@1003c8d8
22:54:31.269 [Test worker] WARN  n.t.core.steps.BaseStepListener - stepStarted: net.thucydides.core.steps.ExecutedStepDescription@639f3b0b
22:54:31.269 [Test worker] WARN  n.t.core.steps.BaseStepListener - stepFinished: current outcome:See purchased albums of a regular user access token for another userid:Given I have an access Token of regular user to see purchased albums of other user [Login an user into the platform [Login user [POST https://nodejs-qa-training.herokuapp.com/users/sessions]]]
22:54:31.270 [Test worker] WARN  n.t.core.steps.BaseStepListener - stepFinished: current outcome:See purchased albums of a regular user access token for another userid:Given I have an access Token of regular user to see purchased albums of other user [Login an user into the platform [Login user [POST https://nodejs-qa-training.herokuapp.com/users/sessions]]]
22:54:31.291 [Test worker] WARN  n.t.core.steps.BaseStepListener - stepFinished: current outcome:See purchased albums of a regular user access token for another userid:Given I have an access Token of regular user to see purchased albums of other user [Login an user into the platform [Login user [POST https://nodejs-qa-training.herokuapp.com/users/sessions]]]
22:54:31.292 [Test worker] WARN  n.t.core.steps.BaseStepListener - stepFinished: current outcome:See purchased albums of a regular user access token for another userid:Given I have an access Token of regular user to see purchased albums of other user [Login an user into the platform [Login user [POST https://nodejs-qa-training.herokuapp.com/users/sessions]]]
22:54:31.293 [Test worker] WARN  n.t.core.steps.BaseStepListener - stepStarted: net.thucydides.core.steps.ExecutedStepDescription@3adc402
22:54:31.295 [Test worker] WARN  n.t.core.steps.BaseStepListener - stepStarted: net.thucydides.core.steps.ExecutedStepDescription@7a3fe78f
22:54:31.826 [Test worker] WARN  n.t.core.steps.BaseStepListener - stepStarted: net.thucydides.core.steps.ExecutedStepDescription@7f0881d
22:54:31.826 [Test worker] WARN  n.t.core.steps.BaseStepListener - stepFinished: current outcome:See purchased albums of a regular user access token for another userid:Given I have an access Token of regular user to see purchased albums of other user [Login an user into the platform [Login user [POST https://nodejs-qa-training.herokuapp.com/users/sessions]]], When I consume the web service to see their albums on the platform [See purchased albums into the platform [GET https://nodejs-qa-training.herokuapp.com/users/1/albums]]
22:54:31.827 [Test worker] WARN  n.t.core.steps.BaseStepListener - stepFinished: current outcome:See purchased albums of a regular user access token for another userid:Given I have an access Token of regular user to see purchased albums of other user [Login an user into the platform [Login user [POST https://nodejs-qa-training.herokuapp.com/users/sessions]]], When I consume the web service to see their albums on the platform [See purchased albums into the platform [GET https://nodejs-qa-training.herokuapp.com/users/1/albums]]
22:54:31.828 [Test worker] WARN  n.t.core.steps.BaseStepListener - stepFinished: current outcome:See purchased albums of a regular user access token for another userid:Given I have an access Token of regular user to see purchased albums of other user [Login an user into the platform [Login user [POST https://nodejs-qa-training.herokuapp.com/users/sessions]]], When I consume the web service to see their albums on the platform [See purchased albums into the platform [GET https://nodejs-qa-training.herokuapp.com/users/1/albums]]
22:54:31.828 [Test worker] WARN  n.t.core.steps.BaseStepListener - stepStarted: net.thucydides.core.steps.ExecutedStepDescription@4fc96c4e
22:54:31.831 [Test worker] WARN  n.t.core.steps.BaseStepListener - stepStarted: net.thucydides.core.steps.ExecutedStepDescription@42785407
22:54:31.832 [Test worker] WARN  n.t.core.steps.BaseStepListener - stepFinished: current outcome:See purchased albums of a regular user access token for another userid:Given I have an access Token of regular user to see purchased albums of other user [Login an user into the platform [Login user [POST https://nodejs-qa-training.herokuapp.com/users/sessions]]], When I consume the web service to see their albums on the platform [See purchased albums into the platform [GET https://nodejs-qa-training.herokuapp.com/users/1/albums]], Then the web service will respond with a forbidden error [Verify that API response is 403]
22:54:31.833 [Test worker] WARN  n.t.core.steps.BaseStepListener - stepFinished: current outcome:See purchased albums of a regular user access token for another userid:Given I have an access Token of regular user to see purchased albums of other user [Login an user into the platform [Login user [POST https://nodejs-qa-training.herokuapp.com/users/sessions]]], When I consume the web service to see their albums on the platform [See purchased albums into the platform [GET https://nodejs-qa-training.herokuapp.com/users/1/albums]], Then the web service will respond with a forbidden error [Verify that API response is 403]
22:54:31.834 [Test worker] WARN  n.t.core.steps.BaseStepListener - stepStarted: net.thucydides.core.steps.ExecutedStepDescription@6d317f81
22:54:31.842 [Test worker] WARN  n.t.core.steps.BaseStepListener - stepStarted: net.thucydides.core.steps.ExecutedStepDescription@f21e51b
22:54:31.847 [Test worker] WARN  n.t.core.steps.BaseStepListener - stepFinished: current outcome:See purchased albums of a regular user access token for another userid:Given I have an access Token of regular user to see purchased albums of other user [Login an user into the platform [Login user [POST https://nodejs-qa-training.herokuapp.com/users/sessions]]], When I consume the web service to see their albums on the platform [See purchased albums into the platform [GET https://nodejs-qa-training.herokuapp.com/users/1/albums]], Then the web service will respond with a forbidden error [Verify that API response is 403], And the schema should match with the specification defined in "errors.json" [Verify response schema with errors.json]
22:54:31.848 [Test worker] WARN  n.t.core.steps.BaseStepListener - stepFinished: current outcome:See purchased albums of a regular user access token for another userid:Given I have an access Token of regular user to see purchased albums of other user [Login an user into the platform [Login user [POST https://nodejs-qa-training.herokuapp.com/users/sessions]]], When I consume the web service to see their albums on the platform [See purchased albums into the platform [GET https://nodejs-qa-training.herokuapp.com/users/1/albums]], Then the web service will respond with a forbidden error [Verify that API response is 403], And the schema should match with the specification defined in "errors.json" [Verify response schema with errors.json]
22:54:31.855 [Test worker] WARN  n.t.core.steps.BaseStepListener - testStarted: See purchased albums with invalid access token/purchased-album-list;see-purchased-albums-with-invalid-access-token
22:54:31.855 [Test worker] INFO  n.t.c.steps.ConsoleLoggingListener - 
 _____ _____ ____ _____   ____ _____  _    ____ _____ _____ ____  
|_   _| ____/ ___|_   _| / ___|_   _|/ \  |  _ \_   _| ____|  _ \ 
  | | |  _| \___ \ | |   \___ \ | | / _ \ | |_) || | |  _| | | | |
  | | | |___ ___) || |    ___) || |/ ___ \|  _ < | | | |___| |_| |
  |_| |_____|____/ |_|   |____/ |_/_/   \_\_| \_\|_| |_____|____/ 
                                                                  

TEST STARTED: See purchased albums with invalid access token
-------------------------------------------------------------------(purchased-album-list;see-purchased-albums-with-invalid-access-token)
22:54:31.861 [Test worker] WARN  n.t.core.steps.BaseStepListener - stepStarted: net.thucydides.core.steps.ExecutedStepDescription@2ec96389
22:54:31.973 [Test worker] WARN  n.t.core.steps.BaseStepListener - stepStarted: net.thucydides.core.steps.ExecutedStepDescription@7bcbb892
22:54:32.522 [Test worker] WARN  n.t.core.steps.BaseStepListener - stepStarted: net.thucydides.core.steps.ExecutedStepDescription@4d9cc129
22:54:32.523 [Test worker] WARN  n.t.core.steps.BaseStepListener - stepFinished: current outcome:See purchased albums with invalid access token:When I consume the web service to see the purchased albums on the platform with an invalid access Token [See purchased albums into the platform [GET https://nodejs-qa-training.herokuapp.com/users/147/albums]]
22:54:32.523 [Test worker] WARN  n.t.core.steps.BaseStepListener - stepFinished: current outcome:See purchased albums with invalid access token:When I consume the web service to see the purchased albums on the platform with an invalid access Token [See purchased albums into the platform [GET https://nodejs-qa-training.herokuapp.com/users/147/albums]]
22:54:32.524 [Test worker] WARN  n.t.core.steps.BaseStepListener - stepFinished: current outcome:See purchased albums with invalid access token:When I consume the web service to see the purchased albums on the platform with an invalid access Token [See purchased albums into the platform [GET https://nodejs-qa-training.herokuapp.com/users/147/albums]]
22:54:32.525 [Test worker] WARN  n.t.core.steps.BaseStepListener - stepStarted: net.thucydides.core.steps.ExecutedStepDescription@2ab17a05
22:54:32.533 [Test worker] WARN  n.t.core.steps.BaseStepListener - stepStarted: net.thucydides.core.steps.ExecutedStepDescription@51532a4b
22:54:32.533 [Test worker] WARN  n.t.core.steps.BaseStepListener - stepFinished: current outcome:See purchased albums with invalid access token:When I consume the web service to see the purchased albums on the platform with an invalid access Token [See purchased albums into the platform [GET https://nodejs-qa-training.herokuapp.com/users/147/albums]], Then the web service will respond with a validation error of invalid token [Verify that API response not is 200]
22:54:32.534 [Test worker] WARN  n.t.core.steps.BaseStepListener - stepFinished: current outcome:See purchased albums with invalid access token:When I consume the web service to see the purchased albums on the platform with an invalid access Token [See purchased albums into the platform [GET https://nodejs-qa-training.herokuapp.com/users/147/albums]], Then the web service will respond with a validation error of invalid token [Verify that API response not is 200]
22:54:32.536 [Test worker] WARN  n.t.core.steps.BaseStepListener - stepStarted: net.thucydides.core.steps.ExecutedStepDescription@13a24bb5
22:54:32.538 [Test worker] WARN  n.t.core.steps.BaseStepListener - stepStarted: net.thucydides.core.steps.ExecutedStepDescription@41ea3fdf
22:54:32.544 [Test worker] WARN  n.t.core.steps.BaseStepListener - stepFinished: current outcome:See purchased albums with invalid access token:When I consume the web service to see the purchased albums on the platform with an invalid access Token [See purchased albums into the platform [GET https://nodejs-qa-training.herokuapp.com/users/147/albums]], Then the web service will respond with a validation error of invalid token [Verify that API response not is 200], And the schema should match with the specification defined in "errors.json" [Verify response schema with errors.json]
22:54:32.545 [Test worker] WARN  n.t.core.steps.BaseStepListener - stepFinished: current outcome:See purchased albums with invalid access token:When I consume the web service to see the purchased albums on the platform with an invalid access Token [See purchased albums into the platform [GET https://nodejs-qa-training.herokuapp.com/users/147/albums]], Then the web service will respond with a validation error of invalid token [Verify that API response not is 200], And the schema should match with the specification defined in "errors.json" [Verify response schema with errors.json]
22:54:32.552 [Test worker] WARN  n.t.core.steps.BaseStepListener - testStarted: See purchased albums without token/purchased-album-list;see-purchased-albums-without-token
22:54:32.552 [Test worker] INFO  n.t.c.steps.ConsoleLoggingListener - 
 _____ _____ ____ _____   ____ _____  _    ____ _____ _____ ____  
|_   _| ____/ ___|_   _| / ___|_   _|/ \  |  _ \_   _| ____|  _ \ 
  | | |  _| \___ \ | |   \___ \ | | / _ \ | |_) || | |  _| | | | |
  | | | |___ ___) || |    ___) || |/ ___ \|  _ < | | | |___| |_| |
  |_| |_____|____/ |_|   |____/ |_/_/   \_\_| \_\|_| |_____|____/ 
                                                                  

TEST STARTED: See purchased albums without token
-------------------------------------------------------------------(purchased-album-list;see-purchased-albums-without-token)
22:54:32.556 [Test worker] WARN  n.t.core.steps.BaseStepListener - stepStarted: net.thucydides.core.steps.ExecutedStepDescription@7fb81646
22:54:32.596 [Test worker] WARN  n.t.core.steps.BaseStepListener - stepStarted: net.thucydides.core.steps.ExecutedStepDescription@752cf567
22:54:33.075 [Test worker] WARN  n.t.core.steps.BaseStepListener - stepStarted: net.thucydides.core.steps.ExecutedStepDescription@3bb961c1
22:54:33.075 [Test worker] WARN  n.t.core.steps.BaseStepListener - stepFinished: current outcome:See purchased albums without token:When I consume the web service to see the purchased albums on the platform without access Token [See purchased albums into the platform without token [GET https://nodejs-qa-training.herokuapp.com/users/147/albums]]
22:54:33.076 [Test worker] WARN  n.t.core.steps.BaseStepListener - stepFinished: current outcome:See purchased albums without token:When I consume the web service to see the purchased albums on the platform without access Token [See purchased albums into the platform without token [GET https://nodejs-qa-training.herokuapp.com/users/147/albums]]
22:54:33.077 [Test worker] WARN  n.t.core.steps.BaseStepListener - stepFinished: current outcome:See purchased albums without token:When I consume the web service to see the purchased albums on the platform without access Token [See purchased albums into the platform without token [GET https://nodejs-qa-training.herokuapp.com/users/147/albums]]
22:54:33.078 [Test worker] WARN  n.t.core.steps.BaseStepListener - stepStarted: net.thucydides.core.steps.ExecutedStepDescription@4ba53e79
22:54:33.085 [Test worker] WARN  n.t.core.steps.BaseStepListener - stepStarted: net.thucydides.core.steps.ExecutedStepDescription@2ed41ca1
22:54:33.086 [Test worker] WARN  n.t.core.steps.BaseStepListener - stepFinished: current outcome:See purchased albums without token:When I consume the web service to see the purchased albums on the platform without access Token [See purchased albums into the platform without token [GET https://nodejs-qa-training.herokuapp.com/users/147/albums]], Then the web service will respond with a validation error of invalid token [Verify that API response not is 200]
22:54:33.087 [Test worker] WARN  n.t.core.steps.BaseStepListener - stepFinished: current outcome:See purchased albums without token:When I consume the web service to see the purchased albums on the platform without access Token [See purchased albums into the platform without token [GET https://nodejs-qa-training.herokuapp.com/users/147/albums]], Then the web service will respond with a validation error of invalid token [Verify that API response not is 200]
22:54:33.090 [Test worker] WARN  n.t.core.steps.BaseStepListener - stepStarted: net.thucydides.core.steps.ExecutedStepDescription@41485560
22:54:33.091 [Test worker] WARN  n.t.core.steps.BaseStepListener - stepStarted: net.thucydides.core.steps.ExecutedStepDescription@6bcced31
22:54:33.097 [Test worker] WARN  n.t.core.steps.BaseStepListener - stepFinished: current outcome:See purchased albums without token:When I consume the web service to see the purchased albums on the platform without access Token [See purchased albums into the platform without token [GET https://nodejs-qa-training.herokuapp.com/users/147/albums]], Then the web service will respond with a validation error of invalid token [Verify that API response not is 200], And the schema should match with the specification defined in "errors.json" [Verify response schema with errors.json]
22:54:33.098 [Test worker] WARN  n.t.core.steps.BaseStepListener - stepFinished: current outcome:See purchased albums without token:When I consume the web service to see the purchased albums on the platform without access Token [See purchased albums into the platform without token [GET https://nodejs-qa-training.herokuapp.com/users/147/albums]], Then the web service will respond with a validation error of invalid token [Verify that API response not is 200], And the schema should match with the specification defined in "errors.json" [Verify response schema with errors.json]
22:54:33.105 [Test worker] WARN  n.t.core.steps.BaseStepListener - testStarted: See purchased albums list without user id/purchased-album-list;see-purchased-albums-list-without-user-id
22:54:33.106 [Test worker] INFO  n.t.c.steps.ConsoleLoggingListener - 
 _____ _____ ____ _____   ____ _____  _    ____ _____ _____ ____  
|_   _| ____/ ___|_   _| / ___|_   _|/ \  |  _ \_   _| ____|  _ \ 
  | | |  _| \___ \ | |   \___ \ | | / _ \ | |_) || | |  _| | | | |
  | | | |___ ___) || |    ___) || |/ ___ \|  _ < | | | |___| |_| |
  |_| |_____|____/ |_|   |____/ |_/_/   \_\_| \_\|_| |_____|____/ 
                                                                  

TEST STARTED: See purchased albums list without user id
-------------------------------------------------------------------(purchased-album-list;see-purchased-albums-list-without-user-id)
22:54:33.152 [Test worker] WARN  n.t.core.steps.BaseStepListener - stepStarted: net.thucydides.core.steps.ExecutedStepDescription@5916e8bb
22:54:33.200 [Test worker] WARN  n.t.core.steps.BaseStepListener - stepStarted: net.thucydides.core.steps.ExecutedStepDescription@3fd4270b
22:54:33.201 [Test worker] WARN  n.t.core.steps.BaseStepListener - stepStarted: net.thucydides.core.steps.ExecutedStepDescription@1dfd803a
22:54:33.805 [Test worker] WARN  n.t.core.steps.BaseStepListener - stepStarted: net.thucydides.core.steps.ExecutedStepDescription@e88fa9e
22:54:33.806 [Test worker] WARN  n.t.core.steps.BaseStepListener - stepFinished: current outcome:See purchased albums list without user id:Given I have an access Token of regular user to see their purchased albums [Login an user into the platform [Login user [POST https://nodejs-qa-training.herokuapp.com/users/sessions]]]
22:54:33.806 [Test worker] WARN  n.t.core.steps.BaseStepListener - stepFinished: current outcome:See purchased albums list without user id:Given I have an access Token of regular user to see their purchased albums [Login an user into the platform [Login user [POST https://nodejs-qa-training.herokuapp.com/users/sessions]]]
22:54:33.826 [Test worker] WARN  n.t.core.steps.BaseStepListener - stepFinished: current outcome:See purchased albums list without user id:Given I have an access Token of regular user to see their purchased albums [Login an user into the platform [Login user [POST https://nodejs-qa-training.herokuapp.com/users/sessions]]]
22:54:33.829 [Test worker] WARN  n.t.core.steps.BaseStepListener - stepFinished: current outcome:See purchased albums list without user id:Given I have an access Token of regular user to see their purchased albums [Login an user into the platform [Login user [POST https://nodejs-qa-training.herokuapp.com/users/sessions]]]
22:54:33.831 [Test worker] WARN  n.t.core.steps.BaseStepListener - stepStarted: net.thucydides.core.steps.ExecutedStepDescription@6b4556b3
22:54:33.832 [Test worker] WARN  n.t.core.steps.BaseStepListener - stepStarted: net.thucydides.core.steps.ExecutedStepDescription@6ce91005
22:54:35.016 [Test worker] WARN  n.t.core.steps.BaseStepListener - stepStarted: net.thucydides.core.steps.ExecutedStepDescription@4c74c1b7
22:54:35.017 [Test worker] WARN  n.t.core.steps.BaseStepListener - stepFinished: current outcome:See purchased albums list without user id:Given I have an access Token of regular user to see their purchased albums [Login an user into the platform [Login user [POST https://nodejs-qa-training.herokuapp.com/users/sessions]]], When I consume the web service to see the purchased albums on the platform without user id [See purchased albums without userId into the platform [GET https://nodejs-qa-training.herokuapp.com/users%2F%2Falbums]]
22:54:35.017 [Test worker] WARN  n.t.core.steps.BaseStepListener - stepFinished: current outcome:See purchased albums list without user id:Given I have an access Token of regular user to see their purchased albums [Login an user into the platform [Login user [POST https://nodejs-qa-training.herokuapp.com/users/sessions]]], When I consume the web service to see the purchased albums on the platform without user id [See purchased albums without userId into the platform [GET https://nodejs-qa-training.herokuapp.com/users%2F%2Falbums]]
22:54:35.018 [Test worker] WARN  n.t.core.steps.BaseStepListener - stepFinished: current outcome:See purchased albums list without user id:Given I have an access Token of regular user to see their purchased albums [Login an user into the platform [Login user [POST https://nodejs-qa-training.herokuapp.com/users/sessions]]], When I consume the web service to see the purchased albums on the platform without user id [See purchased albums without userId into the platform [GET https://nodejs-qa-training.herokuapp.com/users%2F%2Falbums]]
22:54:35.019 [Test worker] WARN  n.t.core.steps.BaseStepListener - stepStarted: net.thucydides.core.steps.ExecutedStepDescription@37b86949
22:54:35.021 [Test worker] WARN  n.t.core.steps.BaseStepListener - stepStarted: net.thucydides.core.steps.ExecutedStepDescription@5a9f7093
22:54:35.022 [Test worker] WARN  n.t.core.steps.BaseStepListener - stepFinished: current outcome:See purchased albums list without user id:Given I have an access Token of regular user to see their purchased albums [Login an user into the platform [Login user [POST https://nodejs-qa-training.herokuapp.com/users/sessions]]], When I consume the web service to see the purchased albums on the platform without user id [See purchased albums without userId into the platform [GET https://nodejs-qa-training.herokuapp.com/users%2F%2Falbums]], Then the web service will respond with a validation error of invalid user id [Verify that API response not is 200]
22:54:35.024 [Test worker] WARN  n.t.core.steps.BaseStepListener - stepFinished: current outcome:See purchased albums list without user id:Given I have an access Token of regular user to see their purchased albums [Login an user into the platform [Login user [POST https://nodejs-qa-training.herokuapp.com/users/sessions]]], When I consume the web service to see the purchased albums on the platform without user id [See purchased albums without userId into the platform [GET https://nodejs-qa-training.herokuapp.com/users%2F%2Falbums]], Then the web service will respond with a validation error of invalid user id [Verify that API response not is 200]
22:54:35.025 [Test worker] WARN  n.t.core.steps.BaseStepListener - stepStarted: net.thucydides.core.steps.ExecutedStepDescription@2eadc63a
22:54:35.039 [Test worker] WARN  n.t.core.steps.BaseStepListener - stepStarted: net.thucydides.core.steps.ExecutedStepDescription@423369dc
]]></system-out>
  <system-err><![CDATA[]]></system-err>
</testsuite>
