<?xml version="1.0" encoding="UTF-8"?>
<testsuite name="Login into the Naiofy album shop" tests="9" skipped="0" failures="1" errors="0" timestamp="2021-06-08T03:53:30" hostname="PSOFKA0172" time="39.146">
  <properties/>
  <testcase name="Succesfully login into the platform" classname="Login into the Naiofy album shop" time="30.454"/>
  <testcase name="Succesfully login into the platform" classname="Login into the Naiofy album shop" time="0.777"/>
  <testcase name="Login with non existent user" classname="Login into the Naiofy album shop" time="2.279"/>
  <testcase name="Login with incorrect password" classname="Login into the Naiofy album shop" time="0.744">
    <failure message="org.junit.ComparisonFailure: expected:&lt;&quot;[authentic]ation_error&quot;&gt; but was:&lt;&quot;[valid]ation_error&quot;&gt;" type="org.junit.ComparisonFailure">org.junit.ComparisonFailure: expected:&lt;&quot;[authentic]ation_error&quot;&gt; but was:&lt;&quot;[valid]ation_error&quot;&gt;
	at sun.reflect.NativeConstructorAccessorImpl.newInstance0(Native Method)
	at sun.reflect.NativeConstructorAccessorImpl.newInstance(NativeConstructorAccessorImpl.java:62)
	at sun.reflect.DelegatingConstructorAccessorImpl.newInstance(DelegatingConstructorAccessorImpl.java:45)
	at com.naiofy.albums_shop.questions.login.LoginQuestions.verifyCredentialsErrorMessage(LoginQuestions.java:14)
	at com.naiofy.albums_shop.questions.login.LoginQuestions$ByteBuddy$9WC4ro2h.verifyCredentialsErrorMessage$accessor$5jLyW8XJ(Unknown Source)
	at sun.reflect.NativeMethodAccessorImpl.invoke0(Native Method)
	at sun.reflect.NativeMethodAccessorImpl.invoke(NativeMethodAccessorImpl.java:62)
	at sun.reflect.DelegatingMethodAccessorImpl.invoke(DelegatingMethodAccessorImpl.java:43)
	at java.lang.reflect.Method.invoke(Method.java:498)
	at net.thucydides.core.steps.StepInterceptor.invokeMethod(StepInterceptor.java:471)
	at net.thucydides.core.steps.StepInterceptor.executeTestStepMethod(StepInterceptor.java:451)
	at net.thucydides.core.steps.StepInterceptor.runTestStep(StepInterceptor.java:424)
	at net.thucydides.core.steps.StepInterceptor.runOrSkipMethod(StepInterceptor.java:180)
	at net.thucydides.core.steps.StepInterceptor.testStepResult(StepInterceptor.java:167)
	at net.thucydides.core.steps.StepInterceptor.intercept(StepInterceptor.java:75)
	at com.naiofy.albums_shop.questions.login.LoginQuestions$ByteBuddy$9WC4ro2h.verifyCredentialsErrorMessage(Unknown Source)
	at com.naiofy.albums_shop.stepdefinitions.LoginStepdefs.theWebServiceWillRespondWithAValidationErrorOfUnableToAuthenticateCredentials(LoginStepdefs.java:55)
	at ✽.the web service will respond with a validation error of unable to authenticate credentials(src/test/resources/features/login.feature:23)
</failure>
  </testcase>
  <testcase name="Login with email with an incorrect format" classname="Login into the Naiofy album shop" time="0.836"/>
  <testcase name="Login with different email than the accepted for the platform" classname="Login into the Naiofy album shop" time="1.087"/>
  <testcase name="Login without email" classname="Login into the Naiofy album shop" time="0.795"/>
  <testcase name="Login without password" classname="Login into the Naiofy album shop" time="0.766"/>
  <testcase name="Login without email and password" classname="Login into the Naiofy album shop" time="0.942"/>
  <system-out><![CDATA[22:53:30.330 [Test worker] WARN  n.t.core.steps.BaseStepListener - testStarted: Succesfully login into the platform/login-into-the-naiofy-album-shop;succesfully-login-into-the-platform
22:53:30.357 [Test worker] INFO  n.t.c.steps.ConsoleLoggingListener - 
 _____ _____ ____ _____   ____ _____  _    ____ _____ _____ ____  
|_   _| ____/ ___|_   _| / ___|_   _|/ \  |  _ \_   _| ____|  _ \ 
  | | |  _| \___ \ | |   \___ \ | | / _ \ | |_) || | |  _| | | | |
  | | | |___ ___) || |    ___) || |/ ___ \|  _ < | | | |___| |_| |
  |_| |_____|____/ |_|   |____/ |_/_/   \_\_| \_\|_| |_____|____/ 
                                                                  

TEST STARTED: Succesfully login into the platform
-------------------------------------------------------------------(login-into-the-naiofy-album-shop;succesfully-login-into-the-platform)
22:53:30.887 [Test worker] WARN  n.t.core.steps.BaseStepListener - stepStarted: net.thucydides.core.steps.ExecutedStepDescription@5ea87c3c
22:53:31.004 [Test worker] WARN  n.t.core.steps.BaseStepListener - stepStarted: net.thucydides.core.steps.ExecutedStepDescription@3e9a6bb
22:53:34.858 [Test worker] WARN  n.t.core.steps.BaseStepListener - stepFinished: current outcome:Succesfully login into the platform:Example: {user=admin} [Given I have the credentials of an user type 'admin']
22:53:34.909 [Test worker] WARN  n.t.core.steps.BaseStepListener - stepStarted: net.thucydides.core.steps.ExecutedStepDescription@58d9a144
22:53:35.155 [Test worker] WARN  n.t.core.steps.BaseStepListener - stepStarted: net.thucydides.core.steps.ExecutedStepDescription@11609832
22:53:57.518 [Test worker] WARN  n.t.core.steps.BaseStepListener - stepStarted: net.thucydides.core.steps.ExecutedStepDescription@70294326
22:53:57.522 [Test worker] WARN  n.t.core.steps.BaseStepListener - stepFinished: current outcome:Succesfully login into the platform:Example: {user=admin} [Given I have the credentials of an user type 'admin', When I consume the web service to login into the platform [Login user [POST https://nodejs-qa-training.herokuapp.com/users/sessions]]]
22:53:57.546 [Test worker] WARN  n.t.core.steps.BaseStepListener - stepFinished: current outcome:Succesfully login into the platform:Example: {user=admin} [Given I have the credentials of an user type 'admin', When I consume the web service to login into the platform [Login user [POST https://nodejs-qa-training.herokuapp.com/users/sessions]]]
22:53:57.548 [Test worker] WARN  n.t.core.steps.BaseStepListener - stepFinished: current outcome:Succesfully login into the platform:Example: {user=admin} [Given I have the credentials of an user type 'admin', When I consume the web service to login into the platform [Login user [POST https://nodejs-qa-training.herokuapp.com/users/sessions]]]
22:53:57.552 [Test worker] WARN  n.t.core.steps.BaseStepListener - stepStarted: net.thucydides.core.steps.ExecutedStepDescription@c079caf
22:53:57.557 [Test worker] WARN  n.t.core.steps.BaseStepListener - stepStarted: net.thucydides.core.steps.ExecutedStepDescription@78ff6ec4
22:53:57.952 [Test worker] WARN  n.t.core.steps.BaseStepListener - stepFinished: current outcome:Succesfully login into the platform:Example: {user=admin} [Given I have the credentials of an user type 'admin', When I consume the web service to login into the platform [Login user [POST https://nodejs-qa-training.herokuapp.com/users/sessions]], Then the web service to login responses successfully [Verify that API response is 200]]
22:53:57.952 [Test worker] WARN  n.t.core.steps.BaseStepListener - stepFinished: current outcome:Succesfully login into the platform:Example: {user=admin} [Given I have the credentials of an user type 'admin', When I consume the web service to login into the platform [Login user [POST https://nodejs-qa-training.herokuapp.com/users/sessions]], Then the web service to login responses successfully [Verify that API response is 200]]
22:53:57.962 [Test worker] WARN  n.t.core.steps.BaseStepListener - stepStarted: net.thucydides.core.steps.ExecutedStepDescription@2cbf9d60
22:53:57.993 [Test worker] WARN  n.t.core.steps.BaseStepListener - stepStarted: net.thucydides.core.steps.ExecutedStepDescription@693068f7
22:54:00.671 [Test worker] WARN  n.t.core.steps.BaseStepListener - stepFinished: current outcome:Succesfully login into the platform:Example: {user=admin} [Given I have the credentials of an user type 'admin', When I consume the web service to login into the platform [Login user [POST https://nodejs-qa-training.herokuapp.com/users/sessions]], Then the web service to login responses successfully [Verify that API response is 200], And the schema should match with the specification defined in "login.json" [Verify response schema with login.json]]
22:54:00.673 [Test worker] WARN  n.t.core.steps.BaseStepListener - stepFinished: current outcome:Succesfully login into the platform:Example: {user=admin} [Given I have the credentials of an user type 'admin', When I consume the web service to login into the platform [Login user [POST https://nodejs-qa-training.herokuapp.com/users/sessions]], Then the web service to login responses successfully [Verify that API response is 200], And the schema should match with the specification defined in "login.json" [Verify response schema with login.json]]
22:54:00.693 [Test worker] WARN  n.t.core.steps.BaseStepListener - stepStarted: net.thucydides.core.steps.ExecutedStepDescription@55485164
22:54:00.693 [Test worker] WARN  n.t.core.steps.BaseStepListener - stepStarted: net.thucydides.core.steps.ExecutedStepDescription@3393407d
22:54:00.760 [Test worker] WARN  n.t.core.steps.BaseStepListener - stepFinished: current outcome:Succesfully login into the platform:Example: {user=admin} [Given I have the credentials of an user type 'admin', When I consume the web service to login into the platform [Login user [POST https://nodejs-qa-training.herokuapp.com/users/sessions]], Then the web service to login responses successfully [Verify that API response is 200], And the schema should match with the specification defined in "login.json" [Verify response schema with login.json]], Example: {user=regular} [Given I have the credentials of an user type 'regular']
22:54:00.763 [Test worker] WARN  n.t.core.steps.BaseStepListener - stepStarted: net.thucydides.core.steps.ExecutedStepDescription@b2251b5
22:54:00.763 [Test worker] WARN  n.t.core.steps.BaseStepListener - stepStarted: net.thucydides.core.steps.ExecutedStepDescription@3c74ca60
22:54:01.423 [Test worker] WARN  n.t.core.steps.BaseStepListener - stepStarted: net.thucydides.core.steps.ExecutedStepDescription@70af92e8
22:54:01.428 [Test worker] WARN  n.t.core.steps.BaseStepListener - stepFinished: current outcome:Succesfully login into the platform:Example: {user=admin} [Given I have the credentials of an user type 'admin', When I consume the web service to login into the platform [Login user [POST https://nodejs-qa-training.herokuapp.com/users/sessions]], Then the web service to login responses successfully [Verify that API response is 200], And the schema should match with the specification defined in "login.json" [Verify response schema with login.json]], Example: {user=regular} [Given I have the credentials of an user type 'regular', When I consume the web service to login into the platform [Login user [POST https://nodejs-qa-training.herokuapp.com/users/sessions]]]
22:54:01.428 [Test worker] WARN  n.t.core.steps.BaseStepListener - stepFinished: current outcome:Succesfully login into the platform:Example: {user=admin} [Given I have the credentials of an user type 'admin', When I consume the web service to login into the platform [Login user [POST https://nodejs-qa-training.herokuapp.com/users/sessions]], Then the web service to login responses successfully [Verify that API response is 200], And the schema should match with the specification defined in "login.json" [Verify response schema with login.json]], Example: {user=regular} [Given I have the credentials of an user type 'regular', When I consume the web service to login into the platform [Login user [POST https://nodejs-qa-training.herokuapp.com/users/sessions]]]
22:54:01.434 [Test worker] WARN  n.t.core.steps.BaseStepListener - stepFinished: current outcome:Succesfully login into the platform:Example: {user=admin} [Given I have the credentials of an user type 'admin', When I consume the web service to login into the platform [Login user [POST https://nodejs-qa-training.herokuapp.com/users/sessions]], Then the web service to login responses successfully [Verify that API response is 200], And the schema should match with the specification defined in "login.json" [Verify response schema with login.json]], Example: {user=regular} [Given I have the credentials of an user type 'regular', When I consume the web service to login into the platform [Login user [POST https://nodejs-qa-training.herokuapp.com/users/sessions]]]
22:54:01.434 [Test worker] WARN  n.t.core.steps.BaseStepListener - stepStarted: net.thucydides.core.steps.ExecutedStepDescription@6a98b822
22:54:01.434 [Test worker] WARN  n.t.core.steps.BaseStepListener - stepStarted: net.thucydides.core.steps.ExecutedStepDescription@3e027eba
22:54:01.439 [Test worker] WARN  n.t.core.steps.BaseStepListener - stepFinished: current outcome:Succesfully login into the platform:Example: {user=admin} [Given I have the credentials of an user type 'admin', When I consume the web service to login into the platform [Login user [POST https://nodejs-qa-training.herokuapp.com/users/sessions]], Then the web service to login responses successfully [Verify that API response is 200], And the schema should match with the specification defined in "login.json" [Verify response schema with login.json]], Example: {user=regular} [Given I have the credentials of an user type 'regular', When I consume the web service to login into the platform [Login user [POST https://nodejs-qa-training.herokuapp.com/users/sessions]], Then the web service to login responses successfully [Verify that API response is 200]]
22:54:01.441 [Test worker] WARN  n.t.core.steps.BaseStepListener - stepFinished: current outcome:Succesfully login into the platform:Example: {user=admin} [Given I have the credentials of an user type 'admin', When I consume the web service to login into the platform [Login user [POST https://nodejs-qa-training.herokuapp.com/users/sessions]], Then the web service to login responses successfully [Verify that API response is 200], And the schema should match with the specification defined in "login.json" [Verify response schema with login.json]], Example: {user=regular} [Given I have the credentials of an user type 'regular', When I consume the web service to login into the platform [Login user [POST https://nodejs-qa-training.herokuapp.com/users/sessions]], Then the web service to login responses successfully [Verify that API response is 200]]
22:54:01.443 [Test worker] WARN  n.t.core.steps.BaseStepListener - stepStarted: net.thucydides.core.steps.ExecutedStepDescription@52e312df
22:54:01.453 [Test worker] WARN  n.t.core.steps.BaseStepListener - stepStarted: net.thucydides.core.steps.ExecutedStepDescription@6872bcea
22:54:01.464 [Test worker] WARN  n.t.core.steps.BaseStepListener - stepFinished: current outcome:Succesfully login into the platform:Example: {user=admin} [Given I have the credentials of an user type 'admin', When I consume the web service to login into the platform [Login user [POST https://nodejs-qa-training.herokuapp.com/users/sessions]], Then the web service to login responses successfully [Verify that API response is 200], And the schema should match with the specification defined in "login.json" [Verify response schema with login.json]], Example: {user=regular} [Given I have the credentials of an user type 'regular', When I consume the web service to login into the platform [Login user [POST https://nodejs-qa-training.herokuapp.com/users/sessions]], Then the web service to login responses successfully [Verify that API response is 200], And the schema should match with the specification defined in "login.json" [Verify response schema with login.json]]
22:54:01.468 [Test worker] WARN  n.t.core.steps.BaseStepListener - stepFinished: current outcome:Succesfully login into the platform:Example: {user=admin} [Given I have the credentials of an user type 'admin', When I consume the web service to login into the platform [Login user [POST https://nodejs-qa-training.herokuapp.com/users/sessions]], Then the web service to login responses successfully [Verify that API response is 200], And the schema should match with the specification defined in "login.json" [Verify response schema with login.json]], Example: {user=regular} [Given I have the credentials of an user type 'regular', When I consume the web service to login into the platform [Login user [POST https://nodejs-qa-training.herokuapp.com/users/sessions]], Then the web service to login responses successfully [Verify that API response is 200], And the schema should match with the specification defined in "login.json" [Verify response schema with login.json]]
22:54:01.482 [Test worker] WARN  n.t.core.steps.BaseStepListener - testStarted: Login with non existent user/login-into-the-naiofy-album-shop;login-with-non-existent-user
22:54:01.484 [Test worker] INFO  n.t.c.steps.ConsoleLoggingListener - 
 _____ _____ ____ _____   ____ _____  _    ____ _____ _____ ____  
|_   _| ____/ ___|_   _| / ___|_   _|/ \  |  _ \_   _| ____|  _ \ 
  | | |  _| \___ \ | |   \___ \ | | / _ \ | |_) || | |  _| | | | |
  | | | |___ ___) || |    ___) || |/ ___ \|  _ < | | | |___| |_| |
  |_| |_____|____/ |_|   |____/ |_/_/   \_\_| \_\|_| |_____|____/ 
                                                                  

TEST STARTED: Login with non existent user
-------------------------------------------------------------------(login-into-the-naiofy-album-shop;login-with-non-existent-user)
22:54:01.488 [Test worker] WARN  n.t.core.steps.BaseStepListener - stepStarted: net.thucydides.core.steps.ExecutedStepDescription@5992d77d
22:54:01.528 [Test worker] WARN  n.t.core.steps.BaseStepListener - stepStarted: net.thucydides.core.steps.ExecutedStepDescription@629b7d9e
22:54:01.528 [Test worker] WARN  n.t.core.steps.BaseStepListener - stepFinished: current outcome:Login with non existent user:Given I don't have an existing user in the platform [Get data for login a non-existent user on the platform]
22:54:01.533 [Test worker] WARN  n.t.core.steps.BaseStepListener - stepFinished: current outcome:Login with non existent user:Given I don't have an existing user in the platform [Get data for login a non-existent user on the platform]
22:54:01.533 [Test worker] WARN  n.t.core.steps.BaseStepListener - stepStarted: net.thucydides.core.steps.ExecutedStepDescription@ac35f19
22:54:01.535 [Test worker] WARN  n.t.core.steps.BaseStepListener - stepStarted: net.thucydides.core.steps.ExecutedStepDescription@33c21cf0
22:54:02.054 [Test worker] WARN  n.t.core.steps.BaseStepListener - stepStarted: net.thucydides.core.steps.ExecutedStepDescription@53789dff
22:54:02.054 [Test worker] WARN  n.t.core.steps.BaseStepListener - stepFinished: current outcome:Login with non existent user:Given I don't have an existing user in the platform [Get data for login a non-existent user on the platform], When I consume the web service to login into the platform [Login user [POST https://nodejs-qa-training.herokuapp.com/users/sessions]]
22:54:02.054 [Test worker] WARN  n.t.core.steps.BaseStepListener - stepFinished: current outcome:Login with non existent user:Given I don't have an existing user in the platform [Get data for login a non-existent user on the platform], When I consume the web service to login into the platform [Login user [POST https://nodejs-qa-training.herokuapp.com/users/sessions]]
22:54:02.062 [Test worker] WARN  n.t.core.steps.BaseStepListener - stepFinished: current outcome:Login with non existent user:Given I don't have an existing user in the platform [Get data for login a non-existent user on the platform], When I consume the web service to login into the platform [Login user [POST https://nodejs-qa-training.herokuapp.com/users/sessions]]
22:54:02.064 [Test worker] WARN  n.t.core.steps.BaseStepListener - stepStarted: net.thucydides.core.steps.ExecutedStepDescription@15c9fda9
22:54:02.068 [Test worker] WARN  n.t.core.steps.BaseStepListener - stepStarted: net.thucydides.core.steps.ExecutedStepDescription@6cbde7b1
22:54:02.068 [Test worker] WARN  n.t.core.steps.BaseStepListener - stepFinished: current outcome:Login with non existent user:Given I don't have an existing user in the platform [Get data for login a non-existent user on the platform], When I consume the web service to login into the platform [Login user [POST https://nodejs-qa-training.herokuapp.com/users/sessions]], Then the web service will respond with a validation error of unable to authenticate credentials [Verify that API response not is 200]
22:54:02.078 [Test worker] WARN  n.t.core.steps.BaseStepListener - stepStarted: net.thucydides.core.steps.ExecutedStepDescription@63261073
22:54:03.569 [Test worker] WARN  n.t.core.steps.BaseStepListener - stepFinished: current outcome:Login with non existent user:Given I don't have an existing user in the platform [Get data for login a non-existent user on the platform], When I consume the web service to login into the platform [Login user [POST https://nodejs-qa-training.herokuapp.com/users/sessions]], Then the web service will respond with a validation error of unable to authenticate credentials [Verify that API response not is 200, Verify that response contains a credentials error message]
22:54:03.573 [Test worker] WARN  n.t.core.steps.BaseStepListener - stepFinished: current outcome:Login with non existent user:Given I don't have an existing user in the platform [Get data for login a non-existent user on the platform], When I consume the web service to login into the platform [Login user [POST https://nodejs-qa-training.herokuapp.com/users/sessions]], Then the web service will respond with a validation error of unable to authenticate credentials [Verify that API response not is 200, Verify that response contains a credentials error message]
22:54:03.573 [Test worker] WARN  n.t.core.steps.BaseStepListener - stepStarted: net.thucydides.core.steps.ExecutedStepDescription@2b967d10
22:54:03.663 [Test worker] WARN  n.t.core.steps.BaseStepListener - stepStarted: net.thucydides.core.steps.ExecutedStepDescription@51ae34be
22:54:03.749 [Test worker] WARN  n.t.core.steps.BaseStepListener - stepFinished: current outcome:Login with non existent user:Given I don't have an existing user in the platform [Get data for login a non-existent user on the platform], When I consume the web service to login into the platform [Login user [POST https://nodejs-qa-training.herokuapp.com/users/sessions]], Then the web service will respond with a validation error of unable to authenticate credentials [Verify that API response not is 200, Verify that response contains a credentials error message], And the schema should match with the specification defined in "errors.json" [Verify response schema with errors.json]
22:54:03.753 [Test worker] WARN  n.t.core.steps.BaseStepListener - stepFinished: current outcome:Login with non existent user:Given I don't have an existing user in the platform [Get data for login a non-existent user on the platform], When I consume the web service to login into the platform [Login user [POST https://nodejs-qa-training.herokuapp.com/users/sessions]], Then the web service will respond with a validation error of unable to authenticate credentials [Verify that API response not is 200, Verify that response contains a credentials error message], And the schema should match with the specification defined in "errors.json" [Verify response schema with errors.json]
22:54:03.762 [Test worker] WARN  n.t.core.steps.BaseStepListener - testStarted: Login with incorrect password/login-into-the-naiofy-album-shop;login-with-incorrect-password
22:54:03.762 [Test worker] INFO  n.t.c.steps.ConsoleLoggingListener - 
 _____ _____ ____ _____   ____ _____  _    ____ _____ _____ ____  
|_   _| ____/ ___|_   _| / ___|_   _|/ \  |  _ \_   _| ____|  _ \ 
  | | |  _| \___ \ | |   \___ \ | | / _ \ | |_) || | |  _| | | | |
  | | | |___ ___) || |    ___) || |/ ___ \|  _ < | | | |___| |_| |
  |_| |_____|____/ |_|   |____/ |_/_/   \_\_| \_\|_| |_____|____/ 
                                                                  

TEST STARTED: Login with incorrect password
-------------------------------------------------------------------(login-into-the-naiofy-album-shop;login-with-incorrect-password)
22:54:03.782 [Test worker] WARN  n.t.core.steps.BaseStepListener - stepStarted: net.thucydides.core.steps.ExecutedStepDescription@15d3f9a7
22:54:03.846 [Test worker] WARN  n.t.core.steps.BaseStepListener - stepStarted: net.thucydides.core.steps.ExecutedStepDescription@59e3eccd
22:54:03.847 [Test worker] WARN  n.t.core.steps.BaseStepListener - stepFinished: current outcome:Login with incorrect password:Given I have the credentials for a correct user with wrong password in the platform [Get body request for an user with incorrect password]
22:54:03.849 [Test worker] WARN  n.t.core.steps.BaseStepListener - stepFinished: current outcome:Login with incorrect password:Given I have the credentials for a correct user with wrong password in the platform [Get body request for an user with incorrect password]
22:54:03.850 [Test worker] WARN  n.t.core.steps.BaseStepListener - stepStarted: net.thucydides.core.steps.ExecutedStepDescription@15dbe301
22:54:03.851 [Test worker] WARN  n.t.core.steps.BaseStepListener - stepStarted: net.thucydides.core.steps.ExecutedStepDescription@59fab902
22:54:04.396 [Test worker] WARN  n.t.core.steps.BaseStepListener - stepStarted: net.thucydides.core.steps.ExecutedStepDescription@722a70ee
22:54:04.396 [Test worker] WARN  n.t.core.steps.BaseStepListener - stepFinished: current outcome:Login with incorrect password:Given I have the credentials for a correct user with wrong password in the platform [Get body request for an user with incorrect password], When I consume the web service to login into the platform [Login user [POST https://nodejs-qa-training.herokuapp.com/users/sessions]]
22:54:04.397 [Test worker] WARN  n.t.core.steps.BaseStepListener - stepFinished: current outcome:Login with incorrect password:Given I have the credentials for a correct user with wrong password in the platform [Get body request for an user with incorrect password], When I consume the web service to login into the platform [Login user [POST https://nodejs-qa-training.herokuapp.com/users/sessions]]
22:54:04.398 [Test worker] WARN  n.t.core.steps.BaseStepListener - stepFinished: current outcome:Login with incorrect password:Given I have the credentials for a correct user with wrong password in the platform [Get body request for an user with incorrect password], When I consume the web service to login into the platform [Login user [POST https://nodejs-qa-training.herokuapp.com/users/sessions]]
22:54:04.399 [Test worker] WARN  n.t.core.steps.BaseStepListener - stepStarted: net.thucydides.core.steps.ExecutedStepDescription@281cad9b
22:54:04.401 [Test worker] WARN  n.t.core.steps.BaseStepListener - stepStarted: net.thucydides.core.steps.ExecutedStepDescription@14c3a188
22:54:04.402 [Test worker] WARN  n.t.core.steps.BaseStepListener - stepFinished: current outcome:Login with incorrect password:Given I have the credentials for a correct user with wrong password in the platform [Get body request for an user with incorrect password], When I consume the web service to login into the platform [Login user [POST https://nodejs-qa-training.herokuapp.com/users/sessions]], Then the web service will respond with a validation error of unable to authenticate credentials [Verify that API response not is 200]
22:54:04.403 [Test worker] WARN  n.t.core.steps.BaseStepListener - stepStarted: net.thucydides.core.steps.ExecutedStepDescription@870fb8c
22:54:04.489 [Test worker] WARN  n.t.core.steps.BaseStepListener - stepStarted: net.thucydides.core.steps.ExecutedStepDescription@48e5bf80
22:54:04.911 [Test worker] WARN  n.t.core.steps.BaseStepListener - testStarted: Login with email with an incorrect format/login-into-the-naiofy-album-shop;login-with-email-with-an-incorrect-format
22:54:04.912 [Test worker] INFO  n.t.c.steps.ConsoleLoggingListener - 
 _____ _____ ____ _____   ____ _____  _    ____ _____ _____ ____  
|_   _| ____/ ___|_   _| / ___|_   _|/ \  |  _ \_   _| ____|  _ \ 
  | | |  _| \___ \ | |   \___ \ | | / _ \ | |_) || | |  _| | | | |
  | | | |___ ___) || |    ___) || |/ ___ \|  _ < | | | |___| |_| |
  |_| |_____|____/ |_|   |____/ |_/_/   \_\_| \_\|_| |_____|____/ 
                                                                  

TEST STARTED: Login with email with an incorrect format
-------------------------------------------------------------------(login-into-the-naiofy-album-shop;login-with-email-with-an-incorrect-format)
22:54:04.917 [Test worker] WARN  n.t.core.steps.BaseStepListener - stepStarted: net.thucydides.core.steps.ExecutedStepDescription@5c1326e3
22:54:04.993 [Test worker] WARN  n.t.core.steps.BaseStepListener - stepStarted: net.thucydides.core.steps.ExecutedStepDescription@52eb4509
22:54:04.994 [Test worker] WARN  n.t.core.steps.BaseStepListener - stepFinished: current outcome:Login with email with an incorrect format:Given I have an email with an incorrect format to login into the platform [Get body request for an user with incorrect email format]
22:54:04.996 [Test worker] WARN  n.t.core.steps.BaseStepListener - stepFinished: current outcome:Login with email with an incorrect format:Given I have an email with an incorrect format to login into the platform [Get body request for an user with incorrect email format]
22:54:04.999 [Test worker] WARN  n.t.core.steps.BaseStepListener - stepStarted: net.thucydides.core.steps.ExecutedStepDescription@33373936
22:54:05.002 [Test worker] WARN  n.t.core.steps.BaseStepListener - stepStarted: net.thucydides.core.steps.ExecutedStepDescription@7e06ca0
22:54:05.545 [Test worker] WARN  n.t.core.steps.BaseStepListener - stepStarted: net.thucydides.core.steps.ExecutedStepDescription@69a7a2f3
22:54:05.545 [Test worker] WARN  n.t.core.steps.BaseStepListener - stepFinished: current outcome:Login with email with an incorrect format:Given I have an email with an incorrect format to login into the platform [Get body request for an user with incorrect email format], When I consume the web service to login into the platform [Login user [POST https://nodejs-qa-training.herokuapp.com/users/sessions]]
22:54:05.545 [Test worker] WARN  n.t.core.steps.BaseStepListener - stepFinished: current outcome:Login with email with an incorrect format:Given I have an email with an incorrect format to login into the platform [Get body request for an user with incorrect email format], When I consume the web service to login into the platform [Login user [POST https://nodejs-qa-training.herokuapp.com/users/sessions]]
22:54:05.546 [Test worker] WARN  n.t.core.steps.BaseStepListener - stepFinished: current outcome:Login with email with an incorrect format:Given I have an email with an incorrect format to login into the platform [Get body request for an user with incorrect email format], When I consume the web service to login into the platform [Login user [POST https://nodejs-qa-training.herokuapp.com/users/sessions]]
22:54:05.548 [Test worker] WARN  n.t.core.steps.BaseStepListener - stepStarted: net.thucydides.core.steps.ExecutedStepDescription@30e6c936
22:54:05.550 [Test worker] WARN  n.t.core.steps.BaseStepListener - stepStarted: net.thucydides.core.steps.ExecutedStepDescription@6452f5d1
22:54:05.552 [Test worker] WARN  n.t.core.steps.BaseStepListener - stepFinished: current outcome:Login with email with an incorrect format:Given I have an email with an incorrect format to login into the platform [Get body request for an user with incorrect email format], When I consume the web service to login into the platform [Login user [POST https://nodejs-qa-training.herokuapp.com/users/sessions]], Then the web service will respond with a validation error of invalid email [Verify that API response not is 200]
22:54:05.554 [Test worker] WARN  n.t.core.steps.BaseStepListener - stepStarted: net.thucydides.core.steps.ExecutedStepDescription@3e3cac97
22:54:05.600 [Test worker] WARN  n.t.core.steps.BaseStepListener - stepFinished: current outcome:Login with email with an incorrect format:Given I have an email with an incorrect format to login into the platform [Get body request for an user with incorrect email format], When I consume the web service to login into the platform [Login user [POST https://nodejs-qa-training.herokuapp.com/users/sessions]], Then the web service will respond with a validation error of invalid email [Verify that API response not is 200, Verify that response contains a invalid email error message]
22:54:05.602 [Test worker] WARN  n.t.core.steps.BaseStepListener - stepFinished: current outcome:Login with email with an incorrect format:Given I have an email with an incorrect format to login into the platform [Get body request for an user with incorrect email format], When I consume the web service to login into the platform [Login user [POST https://nodejs-qa-training.herokuapp.com/users/sessions]], Then the web service will respond with a validation error of invalid email [Verify that API response not is 200, Verify that response contains a invalid email error message]
22:54:05.603 [Test worker] WARN  n.t.core.steps.BaseStepListener - stepStarted: net.thucydides.core.steps.ExecutedStepDescription@3ca5f9cc
22:54:05.619 [Test worker] WARN  n.t.core.steps.BaseStepListener - stepStarted: net.thucydides.core.steps.ExecutedStepDescription@40da84f9
22:54:05.636 [Test worker] WARN  n.t.core.steps.BaseStepListener - stepFinished: current outcome:Login with email with an incorrect format:Given I have an email with an incorrect format to login into the platform [Get body request for an user with incorrect email format], When I consume the web service to login into the platform [Login user [POST https://nodejs-qa-training.herokuapp.com/users/sessions]], Then the web service will respond with a validation error of invalid email [Verify that API response not is 200, Verify that response contains a invalid email error message], And the schema should match with the specification defined in "errors.json" [Verify response schema with errors.json]
22:54:05.640 [Test worker] WARN  n.t.core.steps.BaseStepListener - stepFinished: current outcome:Login with email with an incorrect format:Given I have an email with an incorrect format to login into the platform [Get body request for an user with incorrect email format], When I consume the web service to login into the platform [Login user [POST https://nodejs-qa-training.herokuapp.com/users/sessions]], Then the web service will respond with a validation error of invalid email [Verify that API response not is 200, Verify that response contains a invalid email error message], And the schema should match with the specification defined in "errors.json" [Verify response schema with errors.json]
22:54:05.691 [Test worker] WARN  n.t.core.steps.BaseStepListener - testStarted: Login with different email than the accepted for the platform/login-into-the-naiofy-album-shop;login-with-different-email-than-the-accepted-for-the-platform
22:54:05.692 [Test worker] INFO  n.t.c.steps.ConsoleLoggingListener - 
 _____ _____ ____ _____   ____ _____  _    ____ _____ _____ ____  
|_   _| ____/ ___|_   _| / ___|_   _|/ \  |  _ \_   _| ____|  _ \ 
  | | |  _| \___ \ | |   \___ \ | | / _ \ | |_) || | |  _| | | | |
  | | | |___ ___) || |    ___) || |/ ___ \|  _ < | | | |___| |_| |
  |_| |_____|____/ |_|   |____/ |_/_/   \_\_| \_\|_| |_____|____/ 
                                                                  

TEST STARTED: Login with different email than the accepted for the platform
-------------------------------------------------------------------(login-into-the-naiofy-album-shop;login-with-different-email-than-the-accepted-for-the-platform)
22:54:05.766 [Test worker] WARN  n.t.core.steps.BaseStepListener - stepStarted: net.thucydides.core.steps.ExecutedStepDescription@447a6d30
22:54:05.911 [Test worker] WARN  n.t.core.steps.BaseStepListener - stepStarted: net.thucydides.core.steps.ExecutedStepDescription@3d1b15ab
22:54:05.913 [Test worker] WARN  n.t.core.steps.BaseStepListener - stepFinished: current outcome:Login with different email than the accepted for the platform:Given I have an user with different email than the accepted for the platform [Get body request for an user with non accepted email format]
22:54:05.914 [Test worker] WARN  n.t.core.steps.BaseStepListener - stepFinished: current outcome:Login with different email than the accepted for the platform:Given I have an user with different email than the accepted for the platform [Get body request for an user with non accepted email format]
22:54:05.915 [Test worker] WARN  n.t.core.steps.BaseStepListener - stepStarted: net.thucydides.core.steps.ExecutedStepDescription@1f37b58c
22:54:05.917 [Test worker] WARN  n.t.core.steps.BaseStepListener - stepStarted: net.thucydides.core.steps.ExecutedStepDescription@4f200435
22:54:06.480 [Test worker] WARN  n.t.core.steps.BaseStepListener - stepStarted: net.thucydides.core.steps.ExecutedStepDescription@16f1027b
22:54:06.480 [Test worker] WARN  n.t.core.steps.BaseStepListener - stepFinished: current outcome:Login with different email than the accepted for the platform:Given I have an user with different email than the accepted for the platform [Get body request for an user with non accepted email format], When I consume the web service to login into the platform [Login user [POST https://nodejs-qa-training.herokuapp.com/users/sessions]]
22:54:06.482 [Test worker] WARN  n.t.core.steps.BaseStepListener - stepFinished: current outcome:Login with different email than the accepted for the platform:Given I have an user with different email than the accepted for the platform [Get body request for an user with non accepted email format], When I consume the web service to login into the platform [Login user [POST https://nodejs-qa-training.herokuapp.com/users/sessions]]
22:54:06.483 [Test worker] WARN  n.t.core.steps.BaseStepListener - stepFinished: current outcome:Login with different email than the accepted for the platform:Given I have an user with different email than the accepted for the platform [Get body request for an user with non accepted email format], When I consume the web service to login into the platform [Login user [POST https://nodejs-qa-training.herokuapp.com/users/sessions]]
22:54:06.484 [Test worker] WARN  n.t.core.steps.BaseStepListener - stepStarted: net.thucydides.core.steps.ExecutedStepDescription@22c26e22
22:54:06.485 [Test worker] WARN  n.t.core.steps.BaseStepListener - stepStarted: net.thucydides.core.steps.ExecutedStepDescription@3a52014
22:54:06.486 [Test worker] WARN  n.t.core.steps.BaseStepListener - stepFinished: current outcome:Login with different email than the accepted for the platform:Given I have an user with different email than the accepted for the platform [Get body request for an user with non accepted email format], When I consume the web service to login into the platform [Login user [POST https://nodejs-qa-training.herokuapp.com/users/sessions]], Then the web service will respond with a validation error of incorrect domain email [Verify that API response not is 200]
22:54:06.723 [Test worker] WARN  n.t.core.steps.BaseStepListener - stepFinished: current outcome:Login with different email than the accepted for the platform:Given I have an user with different email than the accepted for the platform [Get body request for an user with non accepted email format], When I consume the web service to login into the platform [Login user [POST https://nodejs-qa-training.herokuapp.com/users/sessions]], Then the web service will respond with a validation error of incorrect domain email [Verify that API response not is 200]
22:54:06.725 [Test worker] WARN  n.t.core.steps.BaseStepListener - stepStarted: net.thucydides.core.steps.ExecutedStepDescription@b5d0ec7
22:54:06.762 [Test worker] WARN  n.t.core.steps.BaseStepListener - stepStarted: net.thucydides.core.steps.ExecutedStepDescription@8b63aa0
22:54:06.771 [Test worker] WARN  n.t.core.steps.BaseStepListener - stepFinished: current outcome:Login with different email than the accepted for the platform:Given I have an user with different email than the accepted for the platform [Get body request for an user with non accepted email format], When I consume the web service to login into the platform [Login user [POST https://nodejs-qa-training.herokuapp.com/users/sessions]], Then the web service will respond with a validation error of incorrect domain email [Verify that API response not is 200], And the schema should match with the specification defined in "errors.json" [Verify response schema with errors.json]
22:54:06.772 [Test worker] WARN  n.t.core.steps.BaseStepListener - stepFinished: current outcome:Login with different email than the accepted for the platform:Given I have an user with different email than the accepted for the platform [Get body request for an user with non accepted email format], When I consume the web service to login into the platform [Login user [POST https://nodejs-qa-training.herokuapp.com/users/sessions]], Then the web service will respond with a validation error of incorrect domain email [Verify that API response not is 200], And the schema should match with the specification defined in "errors.json" [Verify response schema with errors.json]
22:54:06.855 [Test worker] WARN  n.t.core.steps.BaseStepListener - testStarted: Login without email/login-into-the-naiofy-album-shop;login-without-email
22:54:06.856 [Test worker] INFO  n.t.c.steps.ConsoleLoggingListener - 
 _____ _____ ____ _____   ____ _____  _    ____ _____ _____ ____  
|_   _| ____/ ___|_   _| / ___|_   _|/ \  |  _ \_   _| ____|  _ \ 
  | | |  _| \___ \ | |   \___ \ | | / _ \ | |_) || | |  _| | | | |
  | | | |___ ___) || |    ___) || |/ ___ \|  _ < | | | |___| |_| |
  |_| |_____|____/ |_|   |____/ |_/_/   \_\_| \_\|_| |_____|____/ 
                                                                  

TEST STARTED: Login without email
-------------------------------------------------------------------(login-into-the-naiofy-album-shop;login-without-email)
22:54:06.866 [Test worker] WARN  n.t.core.steps.BaseStepListener - stepStarted: net.thucydides.core.steps.ExecutedStepDescription@5521894
22:54:06.984 [Test worker] WARN  n.t.core.steps.BaseStepListener - stepStarted: net.thucydides.core.steps.ExecutedStepDescription@78dc5a97
22:54:06.985 [Test worker] WARN  n.t.core.steps.BaseStepListener - stepFinished: current outcome:Login without email:Given I have an user without email to login into the platform [Get body request for an user without email]
22:54:06.986 [Test worker] WARN  n.t.core.steps.BaseStepListener - stepFinished: current outcome:Login without email:Given I have an user without email to login into the platform [Get body request for an user without email]
22:54:06.990 [Test worker] WARN  n.t.core.steps.BaseStepListener - stepStarted: net.thucydides.core.steps.ExecutedStepDescription@693b02ae
22:54:06.992 [Test worker] WARN  n.t.core.steps.BaseStepListener - stepStarted: net.thucydides.core.steps.ExecutedStepDescription@6fed852f
22:54:07.541 [Test worker] WARN  n.t.core.steps.BaseStepListener - stepStarted: net.thucydides.core.steps.ExecutedStepDescription@55639f28
22:54:07.541 [Test worker] WARN  n.t.core.steps.BaseStepListener - stepFinished: current outcome:Login without email:Given I have an user without email to login into the platform [Get body request for an user without email], When I consume the web service to login into the platform [Login user [POST https://nodejs-qa-training.herokuapp.com/users/sessions]]
22:54:07.542 [Test worker] WARN  n.t.core.steps.BaseStepListener - stepFinished: current outcome:Login without email:Given I have an user without email to login into the platform [Get body request for an user without email], When I consume the web service to login into the platform [Login user [POST https://nodejs-qa-training.herokuapp.com/users/sessions]]
22:54:07.543 [Test worker] WARN  n.t.core.steps.BaseStepListener - stepFinished: current outcome:Login without email:Given I have an user without email to login into the platform [Get body request for an user without email], When I consume the web service to login into the platform [Login user [POST https://nodejs-qa-training.herokuapp.com/users/sessions]]
22:54:07.544 [Test worker] WARN  n.t.core.steps.BaseStepListener - stepStarted: net.thucydides.core.steps.ExecutedStepDescription@4b6401df
22:54:07.545 [Test worker] WARN  n.t.core.steps.BaseStepListener - stepStarted: net.thucydides.core.steps.ExecutedStepDescription@74a12893
22:54:07.546 [Test worker] WARN  n.t.core.steps.BaseStepListener - stepFinished: current outcome:Login without email:Given I have an user without email to login into the platform [Get body request for an user without email], When I consume the web service to login into the platform [Login user [POST https://nodejs-qa-training.herokuapp.com/users/sessions]], Then the web service will respond with a missing data error of required fields email [Verify that API response not is 200]
22:54:07.604 [Test worker] WARN  n.t.core.steps.BaseStepListener - stepFinished: current outcome:Login without email:Given I have an user without email to login into the platform [Get body request for an user without email], When I consume the web service to login into the platform [Login user [POST https://nodejs-qa-training.herokuapp.com/users/sessions]], Then the web service will respond with a missing data error of required fields email [Verify that API response not is 200]
22:54:07.605 [Test worker] WARN  n.t.core.steps.BaseStepListener - stepStarted: net.thucydides.core.steps.ExecutedStepDescription@60002e9b
22:54:07.615 [Test worker] WARN  n.t.core.steps.BaseStepListener - stepStarted: net.thucydides.core.steps.ExecutedStepDescription@4087ea01
22:54:07.625 [Test worker] WARN  n.t.core.steps.BaseStepListener - stepFinished: current outcome:Login without email:Given I have an user without email to login into the platform [Get body request for an user without email], When I consume the web service to login into the platform [Login user [POST https://nodejs-qa-training.herokuapp.com/users/sessions]], Then the web service will respond with a missing data error of required fields email [Verify that API response not is 200], And the schema should match with the specification defined in "errors.json" [Verify response schema with errors.json]
22:54:07.627 [Test worker] WARN  n.t.core.steps.BaseStepListener - stepFinished: current outcome:Login without email:Given I have an user without email to login into the platform [Get body request for an user without email], When I consume the web service to login into the platform [Login user [POST https://nodejs-qa-training.herokuapp.com/users/sessions]], Then the web service will respond with a missing data error of required fields email [Verify that API response not is 200], And the schema should match with the specification defined in "errors.json" [Verify response schema with errors.json]
22:54:07.646 [Test worker] WARN  n.t.core.steps.BaseStepListener - testStarted: Login without password/login-into-the-naiofy-album-shop;login-without-password
22:54:07.647 [Test worker] INFO  n.t.c.steps.ConsoleLoggingListener - 
 _____ _____ ____ _____   ____ _____  _    ____ _____ _____ ____  
|_   _| ____/ ___|_   _| / ___|_   _|/ \  |  _ \_   _| ____|  _ \ 
  | | |  _| \___ \ | |   \___ \ | | / _ \ | |_) || | |  _| | | | |
  | | | |___ ___) || |    ___) || |/ ___ \|  _ < | | | |___| |_| |
  |_| |_____|____/ |_|   |____/ |_/_/   \_\_| \_\|_| |_____|____/ 
                                                                  

TEST STARTED: Login without password
-------------------------------------------------------------------(login-into-the-naiofy-album-shop;login-without-password)
22:54:07.709 [Test worker] WARN  n.t.core.steps.BaseStepListener - stepStarted: net.thucydides.core.steps.ExecutedStepDescription@3224302a
22:54:07.773 [Test worker] WARN  n.t.core.steps.BaseStepListener - stepStarted: net.thucydides.core.steps.ExecutedStepDescription@36c40ad1
22:54:07.774 [Test worker] WARN  n.t.core.steps.BaseStepListener - stepFinished: current outcome:Login without password:Given I have an user without password to login into the platform [Get body request for an user without password]
22:54:07.775 [Test worker] WARN  n.t.core.steps.BaseStepListener - stepFinished: current outcome:Login without password:Given I have an user without password to login into the platform [Get body request for an user without password]
22:54:07.776 [Test worker] WARN  n.t.core.steps.BaseStepListener - stepStarted: net.thucydides.core.steps.ExecutedStepDescription@6ceba218
22:54:07.780 [Test worker] WARN  n.t.core.steps.BaseStepListener - stepStarted: net.thucydides.core.steps.ExecutedStepDescription@16a1c1ad
22:54:08.355 [Test worker] WARN  n.t.core.steps.BaseStepListener - stepStarted: net.thucydides.core.steps.ExecutedStepDescription@80bdd49
22:54:08.355 [Test worker] WARN  n.t.core.steps.BaseStepListener - stepFinished: current outcome:Login without password:Given I have an user without password to login into the platform [Get body request for an user without password], When I consume the web service to login into the platform [Login user [POST https://nodejs-qa-training.herokuapp.com/users/sessions]]
22:54:08.355 [Test worker] WARN  n.t.core.steps.BaseStepListener - stepFinished: current outcome:Login without password:Given I have an user without password to login into the platform [Get body request for an user without password], When I consume the web service to login into the platform [Login user [POST https://nodejs-qa-training.herokuapp.com/users/sessions]]
22:54:08.356 [Test worker] WARN  n.t.core.steps.BaseStepListener - stepFinished: current outcome:Login without password:Given I have an user without password to login into the platform [Get body request for an user without password], When I consume the web service to login into the platform [Login user [POST https://nodejs-qa-training.herokuapp.com/users/sessions]]
22:54:08.357 [Test worker] WARN  n.t.core.steps.BaseStepListener - stepStarted: net.thucydides.core.steps.ExecutedStepDescription@5b33c1f4
22:54:08.359 [Test worker] WARN  n.t.core.steps.BaseStepListener - stepStarted: net.thucydides.core.steps.ExecutedStepDescription@4c2b8ccb
22:54:08.360 [Test worker] WARN  n.t.core.steps.BaseStepListener - stepFinished: current outcome:Login without password:Given I have an user without password to login into the platform [Get body request for an user without password], When I consume the web service to login into the platform [Login user [POST https://nodejs-qa-training.herokuapp.com/users/sessions]], Then the web service will respond with a missing data error of required fields password [Verify that API response not is 200]
22:54:08.389 [Test worker] WARN  n.t.core.steps.BaseStepListener - stepFinished: current outcome:Login without password:Given I have an user without password to login into the platform [Get body request for an user without password], When I consume the web service to login into the platform [Login user [POST https://nodejs-qa-training.herokuapp.com/users/sessions]], Then the web service will respond with a missing data error of required fields password [Verify that API response not is 200]
22:54:08.390 [Test worker] WARN  n.t.core.steps.BaseStepListener - stepStarted: net.thucydides.core.steps.ExecutedStepDescription@1c58be9c
22:54:08.400 [Test worker] WARN  n.t.core.steps.BaseStepListener - stepStarted: net.thucydides.core.steps.ExecutedStepDescription@7492f20b
22:54:08.406 [Test worker] WARN  n.t.core.steps.BaseStepListener - stepFinished: current outcome:Login without password:Given I have an user without password to login into the platform [Get body request for an user without password], When I consume the web service to login into the platform [Login user [POST https://nodejs-qa-training.herokuapp.com/users/sessions]], Then the web service will respond with a missing data error of required fields password [Verify that API response not is 200], And the schema should match with the specification defined in "errors.json" [Verify response schema with errors.json]
22:54:08.407 [Test worker] WARN  n.t.core.steps.BaseStepListener - stepFinished: current outcome:Login without password:Given I have an user without password to login into the platform [Get body request for an user without password], When I consume the web service to login into the platform [Login user [POST https://nodejs-qa-training.herokuapp.com/users/sessions]], Then the web service will respond with a missing data error of required fields password [Verify that API response not is 200], And the schema should match with the specification defined in "errors.json" [Verify response schema with errors.json]
22:54:08.428 [Test worker] WARN  n.t.core.steps.BaseStepListener - testStarted: Login without email and password/login-into-the-naiofy-album-shop;login-without-email-and-password
22:54:08.429 [Test worker] INFO  n.t.c.steps.ConsoleLoggingListener - 
 _____ _____ ____ _____   ____ _____  _    ____ _____ _____ ____  
|_   _| ____/ ___|_   _| / ___|_   _|/ \  |  _ \_   _| ____|  _ \ 
  | | |  _| \___ \ | |   \___ \ | | / _ \ | |_) || | |  _| | | | |
  | | | |___ ___) || |    ___) || |/ ___ \|  _ < | | | |___| |_| |
  |_| |_____|____/ |_|   |____/ |_/_/   \_\_| \_\|_| |_____|____/ 
                                                                  

TEST STARTED: Login without email and password
-------------------------------------------------------------------(login-into-the-naiofy-album-shop;login-without-email-and-password)
22:54:08.481 [Test worker] WARN  n.t.core.steps.BaseStepListener - stepStarted: net.thucydides.core.steps.ExecutedStepDescription@117a1519
22:54:08.593 [Test worker] WARN  n.t.core.steps.BaseStepListener - stepStarted: net.thucydides.core.steps.ExecutedStepDescription@5e53353f
22:54:08.595 [Test worker] WARN  n.t.core.steps.BaseStepListener - stepFinished: current outcome:Login without email and password:Given I have an user without email and password to login into the platform [Get body request for an user without email and password]
22:54:08.596 [Test worker] WARN  n.t.core.steps.BaseStepListener - stepFinished: current outcome:Login without email and password:Given I have an user without email and password to login into the platform [Get body request for an user without email and password]
22:54:08.597 [Test worker] WARN  n.t.core.steps.BaseStepListener - stepStarted: net.thucydides.core.steps.ExecutedStepDescription@11bd76c8
22:54:08.719 [Test worker] WARN  n.t.core.steps.BaseStepListener - stepStarted: net.thucydides.core.steps.ExecutedStepDescription@28551f39
22:54:09.212 [Test worker] WARN  n.t.core.steps.BaseStepListener - stepStarted: net.thucydides.core.steps.ExecutedStepDescription@22bde316
22:54:09.212 [Test worker] WARN  n.t.core.steps.BaseStepListener - stepFinished: current outcome:Login without email and password:Given I have an user without email and password to login into the platform [Get body request for an user without email and password], When I consume the web service to login into the platform [Login user [POST https://nodejs-qa-training.herokuapp.com/users/sessions]]
22:54:09.213 [Test worker] WARN  n.t.core.steps.BaseStepListener - stepFinished: current outcome:Login without email and password:Given I have an user without email and password to login into the platform [Get body request for an user without email and password], When I consume the web service to login into the platform [Login user [POST https://nodejs-qa-training.herokuapp.com/users/sessions]]
22:54:09.214 [Test worker] WARN  n.t.core.steps.BaseStepListener - stepFinished: current outcome:Login without email and password:Given I have an user without email and password to login into the platform [Get body request for an user without email and password], When I consume the web service to login into the platform [Login user [POST https://nodejs-qa-training.herokuapp.com/users/sessions]]
22:54:09.215 [Test worker] WARN  n.t.core.steps.BaseStepListener - stepStarted: net.thucydides.core.steps.ExecutedStepDescription@60120e00
22:54:09.217 [Test worker] WARN  n.t.core.steps.BaseStepListener - stepStarted: net.thucydides.core.steps.ExecutedStepDescription@503f0efa
22:54:09.217 [Test worker] WARN  n.t.core.steps.BaseStepListener - stepFinished: current outcome:Login without email and password:Given I have an user without email and password to login into the platform [Get body request for an user without email and password], When I consume the web service to login into the platform [Login user [POST https://nodejs-qa-training.herokuapp.com/users/sessions]], Then the web service will respond with a missing data error of required fields email and password [Verify that API response not is 200]
22:54:09.330 [Test worker] WARN  n.t.core.steps.BaseStepListener - stepFinished: current outcome:Login without email and password:Given I have an user without email and password to login into the platform [Get body request for an user without email and password], When I consume the web service to login into the platform [Login user [POST https://nodejs-qa-training.herokuapp.com/users/sessions]], Then the web service will respond with a missing data error of required fields email and password [Verify that API response not is 200]
22:54:09.331 [Test worker] WARN  n.t.core.steps.BaseStepListener - stepStarted: net.thucydides.core.steps.ExecutedStepDescription@64ef46c9
22:54:09.344 [Test worker] WARN  n.t.core.steps.BaseStepListener - stepStarted: net.thucydides.core.steps.ExecutedStepDescription@42027d6c
22:54:09.364 [Test worker] WARN  n.t.core.steps.BaseStepListener - stepFinished: current outcome:Login without email and password:Given I have an user without email and password to login into the platform [Get body request for an user without email and password], When I consume the web service to login into the platform [Login user [POST https://nodejs-qa-training.herokuapp.com/users/sessions]], Then the web service will respond with a missing data error of required fields email and password [Verify that API response not is 200], And the schema should match with the specification defined in "errors.json" [Verify response schema with errors.json]
22:54:09.364 [Test worker] WARN  n.t.core.steps.BaseStepListener - stepFinished: current outcome:Login without email and password:Given I have an user without email and password to login into the platform [Get body request for an user without email and password], When I consume the web service to login into the platform [Login user [POST https://nodejs-qa-training.herokuapp.com/users/sessions]], Then the web service will respond with a missing data error of required fields email and password [Verify that API response not is 200], And the schema should match with the specification defined in "errors.json" [Verify response schema with errors.json]
]]></system-out>
  <system-err><![CDATA[]]></system-err>
</testsuite>
