<?xml version="1.0" encoding="UTF-8"?>
<testsuite name="invalidate sessions" tests="2" skipped="0" failures="2" errors="0" timestamp="2021-06-08T03:53:30" hostname="PSOFKA0172" time="33.647">
  <properties/>
  <testcase name="Invalidate sessions successfully" classname="invalidate sessions" time="31.327">
    <failure message="org.junit.ComparisonFailure: expected:&lt;[404]&gt; but was:&lt;[200]&gt;" type="org.junit.ComparisonFailure">org.junit.ComparisonFailure: expected:&lt;[404]&gt; but was:&lt;[200]&gt;
	at sun.reflect.NativeConstructorAccessorImpl.newInstance0(Native Method)
	at sun.reflect.NativeConstructorAccessorImpl.newInstance(NativeConstructorAccessorImpl.java:62)
	at sun.reflect.DelegatingConstructorAccessorImpl.newInstance(DelegatingConstructorAccessorImpl.java:45)
	at com.naiofy.albums_shop.questions.CommonQuestions.responseCodeIs(CommonQuestions.java:13)
	at com.naiofy.albums_shop.questions.CommonQuestions$ByteBuddy$i0oAsHD9.responseCodeIs$accessor$YIkNGsKV(Unknown Source)
	at sun.reflect.NativeMethodAccessorImpl.invoke0(Native Method)
	at sun.reflect.NativeMethodAccessorImpl.invoke(NativeMethodAccessorImpl.java:62)
	at sun.reflect.DelegatingMethodAccessorImpl.invoke(DelegatingMethodAccessorImpl.java:43)
	at java.lang.reflect.Method.invoke(Method.java:498)
	at net.thucydides.core.steps.StepInterceptor.invokeMethod(StepInterceptor.java:471)
	at net.thucydides.core.steps.StepInterceptor.executeTestStepMethod(StepInterceptor.java:451)
	at net.thucydides.core.steps.StepInterceptor.runTestStep(StepInterceptor.java:424)
	at net.thucydides.core.steps.StepInterceptor.runOrSkipMethod(StepInterceptor.java:180)
	at net.thucydides.core.steps.StepInterceptor.testStepResult(StepInterceptor.java:167)
	at net.thucydides.core.steps.StepInterceptor.intercept(StepInterceptor.java:75)
	at com.naiofy.albums_shop.questions.CommonQuestions$ByteBuddy$i0oAsHD9.responseCodeIs(Unknown Source)
	at com.naiofy.albums_shop.stepdefinitions.InvalidateSessionsStepDef.theWebServiceToInvalidateSessionsResponsesSuccessfully(InvalidateSessionsStepDef.java:43)
	at ✽.the web service to invalidate sessions responses successfully(src/test/resources/features/invalidate_sessions.feature:6)
</failure>
  </testcase>
  <testcase name="Invalidate sessions successfully" classname="invalidate sessions" time="1.7">
    <failure message="org.junit.ComparisonFailure: expected:&lt;[404]&gt; but was:&lt;[200]&gt;" type="org.junit.ComparisonFailure">org.junit.ComparisonFailure: expected:&lt;[404]&gt; but was:&lt;[200]&gt;
	at sun.reflect.NativeConstructorAccessorImpl.newInstance0(Native Method)
	at sun.reflect.NativeConstructorAccessorImpl.newInstance(NativeConstructorAccessorImpl.java:62)
	at sun.reflect.DelegatingConstructorAccessorImpl.newInstance(DelegatingConstructorAccessorImpl.java:45)
	at com.naiofy.albums_shop.questions.CommonQuestions.responseCodeIs(CommonQuestions.java:13)
	at com.naiofy.albums_shop.questions.CommonQuestions$ByteBuddy$vMPpdwBi.responseCodeIs$accessor$WucZeyY3(Unknown Source)
	at sun.reflect.NativeMethodAccessorImpl.invoke0(Native Method)
	at sun.reflect.NativeMethodAccessorImpl.invoke(NativeMethodAccessorImpl.java:62)
	at sun.reflect.DelegatingMethodAccessorImpl.invoke(DelegatingMethodAccessorImpl.java:43)
	at java.lang.reflect.Method.invoke(Method.java:498)
	at net.thucydides.core.steps.StepInterceptor.invokeMethod(StepInterceptor.java:471)
	at net.thucydides.core.steps.StepInterceptor.executeTestStepMethod(StepInterceptor.java:451)
	at net.thucydides.core.steps.StepInterceptor.runTestStep(StepInterceptor.java:424)
	at net.thucydides.core.steps.StepInterceptor.runOrSkipMethod(StepInterceptor.java:180)
	at net.thucydides.core.steps.StepInterceptor.testStepResult(StepInterceptor.java:167)
	at net.thucydides.core.steps.StepInterceptor.intercept(StepInterceptor.java:75)
	at com.naiofy.albums_shop.questions.CommonQuestions$ByteBuddy$vMPpdwBi.responseCodeIs(Unknown Source)
	at com.naiofy.albums_shop.stepdefinitions.InvalidateSessionsStepDef.theWebServiceToInvalidateSessionsResponsesSuccessfully(InvalidateSessionsStepDef.java:43)
	at ✽.the web service to invalidate sessions responses successfully(src/test/resources/features/invalidate_sessions.feature:6)
</failure>
  </testcase>
  <system-out><![CDATA[22:53:30.171 [Test worker] WARN  n.t.core.steps.BaseStepListener - testStarted: Invalidate sessions successfully/invalidate-sessions;invalidate-sessions-successfully
22:53:30.183 [Test worker] INFO  n.t.c.steps.ConsoleLoggingListener - 
 _____ _____ ____ _____   ____ _____  _    ____ _____ _____ ____  
|_   _| ____/ ___|_   _| / ___|_   _|/ \  |  _ \_   _| ____|  _ \ 
  | | |  _| \___ \ | |   \___ \ | | / _ \ | |_) || | |  _| | | | |
  | | | |___ ___) || |    ___) || |/ ___ \|  _ < | | | |___| |_| |
  |_| |_____|____/ |_|   |____/ |_/_/   \_\_| \_\|_| |_____|____/ 
                                                                  

TEST STARTED: Invalidate sessions successfully
-------------------------------------------------------------------(invalidate-sessions;invalidate-sessions-successfully)
22:53:30.710 [Test worker] WARN  n.t.core.steps.BaseStepListener - stepStarted: net.thucydides.core.steps.ExecutedStepDescription@2cf6d8e9
22:53:30.820 [Test worker] WARN  n.t.core.steps.BaseStepListener - stepStarted: net.thucydides.core.steps.ExecutedStepDescription@2298ecf
22:53:34.441 [Test worker] WARN  n.t.core.steps.BaseStepListener - stepStarted: net.thucydides.core.steps.ExecutedStepDescription@6815f5ae
22:53:35.004 [Test worker] WARN  n.t.core.steps.BaseStepListener - stepStarted: net.thucydides.core.steps.ExecutedStepDescription@787743a1
22:53:57.753 [Test worker] WARN  n.t.core.steps.BaseStepListener - stepStarted: net.thucydides.core.steps.ExecutedStepDescription@5867131
22:53:57.755 [Test worker] WARN  n.t.core.steps.BaseStepListener - stepFinished: current outcome:Invalidate sessions successfully:Example: {user=admin} [Given I have the access token of an user type 'admin' [Login an user into the platform [Login user [POST https://nodejs-qa-training.herokuapp.com/users/sessions]]]]
22:53:57.803 [Test worker] WARN  n.t.core.steps.BaseStepListener - stepFinished: current outcome:Invalidate sessions successfully:Example: {user=admin} [Given I have the access token of an user type 'admin' [Login an user into the platform [Login user [POST https://nodejs-qa-training.herokuapp.com/users/sessions]]]]
22:53:59.531 [Test worker] WARN  n.t.core.steps.BaseStepListener - stepFinished: current outcome:Invalidate sessions successfully:Example: {user=admin} [Given I have the access token of an user type 'admin' [Login an user into the platform [Login user [POST https://nodejs-qa-training.herokuapp.com/users/sessions]]]]
22:53:59.533 [Test worker] WARN  n.t.core.steps.BaseStepListener - stepFinished: current outcome:Invalidate sessions successfully:Example: {user=admin} [Given I have the access token of an user type 'admin' [Login an user into the platform [Login user [POST https://nodejs-qa-training.herokuapp.com/users/sessions]]]]
22:53:59.539 [Test worker] WARN  n.t.core.steps.BaseStepListener - stepStarted: net.thucydides.core.steps.ExecutedStepDescription@31b3c5eb
22:53:59.541 [Test worker] WARN  n.t.core.steps.BaseStepListener - stepStarted: net.thucydides.core.steps.ExecutedStepDescription@507f90a5
22:54:01.058 [Test worker] WARN  n.t.core.steps.BaseStepListener - stepStarted: net.thucydides.core.steps.ExecutedStepDescription@4536f82b
22:54:01.063 [Test worker] WARN  n.t.core.steps.BaseStepListener - stepFinished: current outcome:Invalidate sessions successfully:Example: {user=admin} [Given I have the access token of an user type 'admin' [Login an user into the platform [Login user [POST https://nodejs-qa-training.herokuapp.com/users/sessions]]], When I consume the web service to invalidate sessions [Invalidate sessions into the platform [GET https://nodejs-qa-training.herokuapp.com/users/sessions/invalidate_all]]]
22:54:01.063 [Test worker] WARN  n.t.core.steps.BaseStepListener - stepFinished: current outcome:Invalidate sessions successfully:Example: {user=admin} [Given I have the access token of an user type 'admin' [Login an user into the platform [Login user [POST https://nodejs-qa-training.herokuapp.com/users/sessions]]], When I consume the web service to invalidate sessions [Invalidate sessions into the platform [GET https://nodejs-qa-training.herokuapp.com/users/sessions/invalidate_all]]]
22:54:01.068 [Test worker] WARN  n.t.core.steps.BaseStepListener - stepFinished: current outcome:Invalidate sessions successfully:Example: {user=admin} [Given I have the access token of an user type 'admin' [Login an user into the platform [Login user [POST https://nodejs-qa-training.herokuapp.com/users/sessions]]], When I consume the web service to invalidate sessions [Invalidate sessions into the platform [GET https://nodejs-qa-training.herokuapp.com/users/sessions/invalidate_all]]]
22:54:01.068 [Test worker] WARN  n.t.core.steps.BaseStepListener - stepStarted: net.thucydides.core.steps.ExecutedStepDescription@21d9254
22:54:01.076 [Test worker] WARN  n.t.core.steps.BaseStepListener - stepStarted: net.thucydides.core.steps.ExecutedStepDescription@1a4629b9
22:54:02.022 [Test worker] WARN  n.t.core.steps.BaseStepListener - stepStarted: net.thucydides.core.steps.ExecutedStepDescription@1b6ca0cb
22:54:02.031 [Test worker] WARN  n.t.core.steps.BaseStepListener - stepStarted: net.thucydides.core.steps.ExecutedStepDescription@98d9cba
22:54:02.348 [Test worker] WARN  n.t.core.steps.BaseStepListener - stepStarted: net.thucydides.core.steps.ExecutedStepDescription@1c40601c
22:54:02.414 [Test worker] WARN  n.t.core.steps.BaseStepListener - stepStarted: net.thucydides.core.steps.ExecutedStepDescription@4535dca2
22:54:03.151 [Test worker] WARN  n.t.core.steps.BaseStepListener - stepStarted: net.thucydides.core.steps.ExecutedStepDescription@57343060
22:54:03.151 [Test worker] WARN  n.t.core.steps.BaseStepListener - stepFinished: current outcome:Invalidate sessions successfully:Example: {user=admin} [Given I have the access token of an user type 'admin' [Login an user into the platform [Login user [POST https://nodejs-qa-training.herokuapp.com/users/sessions]]], When I consume the web service to invalidate sessions [Invalidate sessions into the platform [GET https://nodejs-qa-training.herokuapp.com/users/sessions/invalidate_all]], Then the web service to invalidate sessions responses successfully [Verify that API response is 200]], Example: {user=regular} [Given I have the access token of an user type 'regular' [Login an user into the platform [Login user [POST https://nodejs-qa-training.herokuapp.com/users/sessions]]]]
22:54:03.151 [Test worker] WARN  n.t.core.steps.BaseStepListener - stepFinished: current outcome:Invalidate sessions successfully:Example: {user=admin} [Given I have the access token of an user type 'admin' [Login an user into the platform [Login user [POST https://nodejs-qa-training.herokuapp.com/users/sessions]]], When I consume the web service to invalidate sessions [Invalidate sessions into the platform [GET https://nodejs-qa-training.herokuapp.com/users/sessions/invalidate_all]], Then the web service to invalidate sessions responses successfully [Verify that API response is 200]], Example: {user=regular} [Given I have the access token of an user type 'regular' [Login an user into the platform [Login user [POST https://nodejs-qa-training.herokuapp.com/users/sessions]]]]
22:54:03.170 [Test worker] WARN  n.t.core.steps.BaseStepListener - stepFinished: current outcome:Invalidate sessions successfully:Example: {user=admin} [Given I have the access token of an user type 'admin' [Login an user into the platform [Login user [POST https://nodejs-qa-training.herokuapp.com/users/sessions]]], When I consume the web service to invalidate sessions [Invalidate sessions into the platform [GET https://nodejs-qa-training.herokuapp.com/users/sessions/invalidate_all]], Then the web service to invalidate sessions responses successfully [Verify that API response is 200]], Example: {user=regular} [Given I have the access token of an user type 'regular' [Login an user into the platform [Login user [POST https://nodejs-qa-training.herokuapp.com/users/sessions]]]]
22:54:03.172 [Test worker] WARN  n.t.core.steps.BaseStepListener - stepFinished: current outcome:Invalidate sessions successfully:Example: {user=admin} [Given I have the access token of an user type 'admin' [Login an user into the platform [Login user [POST https://nodejs-qa-training.herokuapp.com/users/sessions]]], When I consume the web service to invalidate sessions [Invalidate sessions into the platform [GET https://nodejs-qa-training.herokuapp.com/users/sessions/invalidate_all]], Then the web service to invalidate sessions responses successfully [Verify that API response is 200]], Example: {user=regular} [Given I have the access token of an user type 'regular' [Login an user into the platform [Login user [POST https://nodejs-qa-training.herokuapp.com/users/sessions]]]]
22:54:03.172 [Test worker] WARN  n.t.core.steps.BaseStepListener - stepStarted: net.thucydides.core.steps.ExecutedStepDescription@2d8e74c2
22:54:03.172 [Test worker] WARN  n.t.core.steps.BaseStepListener - stepStarted: net.thucydides.core.steps.ExecutedStepDescription@4be0229d
22:54:03.693 [Test worker] WARN  n.t.core.steps.BaseStepListener - stepStarted: net.thucydides.core.steps.ExecutedStepDescription@4a9bbded
22:54:03.698 [Test worker] WARN  n.t.core.steps.BaseStepListener - stepFinished: current outcome:Invalidate sessions successfully:Example: {user=admin} [Given I have the access token of an user type 'admin' [Login an user into the platform [Login user [POST https://nodejs-qa-training.herokuapp.com/users/sessions]]], When I consume the web service to invalidate sessions [Invalidate sessions into the platform [GET https://nodejs-qa-training.herokuapp.com/users/sessions/invalidate_all]], Then the web service to invalidate sessions responses successfully [Verify that API response is 200]], Example: {user=regular} [Given I have the access token of an user type 'regular' [Login an user into the platform [Login user [POST https://nodejs-qa-training.herokuapp.com/users/sessions]]], When I consume the web service to invalidate sessions [Invalidate sessions into the platform [GET https://nodejs-qa-training.herokuapp.com/users/sessions/invalidate_all]]]
22:54:03.698 [Test worker] WARN  n.t.core.steps.BaseStepListener - stepFinished: current outcome:Invalidate sessions successfully:Example: {user=admin} [Given I have the access token of an user type 'admin' [Login an user into the platform [Login user [POST https://nodejs-qa-training.herokuapp.com/users/sessions]]], When I consume the web service to invalidate sessions [Invalidate sessions into the platform [GET https://nodejs-qa-training.herokuapp.com/users/sessions/invalidate_all]], Then the web service to invalidate sessions responses successfully [Verify that API response is 200]], Example: {user=regular} [Given I have the access token of an user type 'regular' [Login an user into the platform [Login user [POST https://nodejs-qa-training.herokuapp.com/users/sessions]]], When I consume the web service to invalidate sessions [Invalidate sessions into the platform [GET https://nodejs-qa-training.herokuapp.com/users/sessions/invalidate_all]]]
22:54:03.699 [Test worker] WARN  n.t.core.steps.BaseStepListener - stepFinished: current outcome:Invalidate sessions successfully:Example: {user=admin} [Given I have the access token of an user type 'admin' [Login an user into the platform [Login user [POST https://nodejs-qa-training.herokuapp.com/users/sessions]]], When I consume the web service to invalidate sessions [Invalidate sessions into the platform [GET https://nodejs-qa-training.herokuapp.com/users/sessions/invalidate_all]], Then the web service to invalidate sessions responses successfully [Verify that API response is 200]], Example: {user=regular} [Given I have the access token of an user type 'regular' [Login an user into the platform [Login user [POST https://nodejs-qa-training.herokuapp.com/users/sessions]]], When I consume the web service to invalidate sessions [Invalidate sessions into the platform [GET https://nodejs-qa-training.herokuapp.com/users/sessions/invalidate_all]]]
22:54:03.701 [Test worker] WARN  n.t.core.steps.BaseStepListener - stepStarted: net.thucydides.core.steps.ExecutedStepDescription@125dc8d0
22:54:03.703 [Test worker] WARN  n.t.core.steps.BaseStepListener - stepStarted: net.thucydides.core.steps.ExecutedStepDescription@69ee871d
]]></system-out>
  <system-err><![CDATA[]]></system-err>
</testsuite>
