<?xml version="1.0" encoding="UTF-8"?>
<testsuite name="Sign in Naiofy album shop" tests="9" skipped="0" failures="5" errors="0" timestamp="2021-06-08T03:54:09" hostname="PSOFKA0172" time="66.221">
  <properties/>
  <testcase name="Create a regular user" classname="Sign in Naiofy album shop" time="12.854"/>
  <testcase name="Create a regular user with incorrect email format" classname="Sign in Naiofy album shop" time="4.344">
    <failure message="org.junit.ComparisonFailure: expected:&lt;&quot;Invalid email[]&quot;&gt; but was:&lt;&quot;Invalid email[. Password format invalid]&quot;&gt;" type="org.junit.ComparisonFailure">org.junit.ComparisonFailure: expected:&lt;&quot;Invalid email[]&quot;&gt; but was:&lt;&quot;Invalid email[. Password format invalid]&quot;&gt;
	at sun.reflect.NativeConstructorAccessorImpl.newInstance0(Native Method)
	at sun.reflect.NativeConstructorAccessorImpl.newInstance(NativeConstructorAccessorImpl.java:62)
	at sun.reflect.DelegatingConstructorAccessorImpl.newInstance(DelegatingConstructorAccessorImpl.java:45)
	at com.naiofy.albums_shop.questions.login.LoginQuestions.verifyInvalidEmail(LoginQuestions.java:24)
	at com.naiofy.albums_shop.questions.login.LoginQuestions$ByteBuddy$LIlOUQNb.verifyInvalidEmail$accessor$01ehAcxN(Unknown Source)
	at sun.reflect.NativeMethodAccessorImpl.invoke0(Native Method)
	at sun.reflect.NativeMethodAccessorImpl.invoke(NativeMethodAccessorImpl.java:62)
	at sun.reflect.DelegatingMethodAccessorImpl.invoke(DelegatingMethodAccessorImpl.java:43)
	at java.lang.reflect.Method.invoke(Method.java:498)
	at net.thucydides.core.steps.StepInterceptor.invokeMethod(StepInterceptor.java:471)
	at net.thucydides.core.steps.StepInterceptor.executeTestStepMethod(StepInterceptor.java:451)
	at net.thucydides.core.steps.StepInterceptor.runTestStep(StepInterceptor.java:424)
	at net.thucydides.core.steps.StepInterceptor.runOrSkipMethod(StepInterceptor.java:180)
	at net.thucydides.core.steps.StepInterceptor.testStepResult(StepInterceptor.java:167)
	at net.thucydides.core.steps.StepInterceptor.intercept(StepInterceptor.java:75)
	at com.naiofy.albums_shop.questions.login.LoginQuestions$ByteBuddy$LIlOUQNb.verifyInvalidEmail(Unknown Source)
	at com.naiofy.albums_shop.stepdefinitions.LoginStepdefs.theWebServiceWillRespondWithAValidationErrorOfInvalidEmail(LoginStepdefs.java:71)
	at ✽.the web service will respond with a validation error of invalid email(src/test/resources/features/registration.feature:12)
</failure>
  </testcase>
  <testcase name="Create a regular user with invalid email" classname="Sign in Naiofy album shop" time="4.503">
    <failure message="net.serenitybdd.core.exceptions.SerenityManagedException: expected:&lt;...ust be @wolox.com.ar[]&quot;&gt; but was:&lt;...ust be @wolox.com.ar[. Password format invalid]&quot;&gt;" type="net.serenitybdd.core.exceptions.SerenityManagedException">net.serenitybdd.core.exceptions.SerenityManagedException: expected:&lt;...ust be @wolox.com.ar[]&quot;&gt; but was:&lt;...ust be @wolox.com.ar[. Password format invalid]&quot;&gt;
	at sun.reflect.NativeConstructorAccessorImpl.newInstance0(Native Method)
	at sun.reflect.NativeConstructorAccessorImpl.newInstance(NativeConstructorAccessorImpl.java:62)
	at sun.reflect.DelegatingConstructorAccessorImpl.newInstance(DelegatingConstructorAccessorImpl.java:45)
	at com.naiofy.albums_shop.questions.login.LoginQuestions.verifyNonAcceptedEmail(LoginQuestions.java:31)
	at com.naiofy.albums_shop.questions.login.LoginQuestions$ByteBuddy$Q25XJYqJ.verifyNonAcceptedEmail$accessor$2cxfD7N8(Unknown Source)
	at sun.reflect.NativeMethodAccessorImpl.invoke0(Native Method)
	at sun.reflect.NativeMethodAccessorImpl.invoke(NativeMethodAccessorImpl.java:62)
	at sun.reflect.DelegatingMethodAccessorImpl.invoke(DelegatingMethodAccessorImpl.java:43)
	at java.lang.reflect.Method.invoke(Method.java:498)
	at net.thucydides.core.steps.BaseMethodRunner.invokeMethod(BaseMethodRunner.java:18)
	at net.thucydides.core.steps.NormalMethodRunner.invokeMethodAndNotifyFailures(NormalMethodRunner.java:18)
	at net.thucydides.core.steps.StepInterceptor.runNormalMethod(StepInterceptor.java:377)
	at net.thucydides.core.steps.StepInterceptor.testStepResult(StepInterceptor.java:162)
	at net.thucydides.core.steps.StepInterceptor.intercept(StepInterceptor.java:75)
	at com.naiofy.albums_shop.questions.login.LoginQuestions$ByteBuddy$Q25XJYqJ.verifyNonAcceptedEmail(Unknown Source)
	at com.naiofy.albums_shop.stepdefinitions.LoginStepdefs.theWebServiceWillRespondWithAValidationErrorOfIncorrectDomainEmail(LoginStepdefs.java:82)
	at sun.reflect.NativeMethodAccessorImpl.invoke0(Native Method)
	at sun.reflect.NativeMethodAccessorImpl.invoke(NativeMethodAccessorImpl.java:62)
	at sun.reflect.DelegatingMethodAccessorImpl.invoke(DelegatingMethodAccessorImpl.java:43)
	at java.lang.reflect.Method.invoke(Method.java:498)
	at cucumber.runtime.Utils$1.call(Utils.java:26)
	at cucumber.runtime.Timeout.timeout(Timeout.java:16)
	at cucumber.runtime.Utils.invoke(Utils.java:20)
	at cucumber.runtime.java.JavaStepDefinition.execute(JavaStepDefinition.java:49)
	at cucumber.runner.PickleStepDefinitionMatch.runStep(PickleStepDefinitionMatch.java:50)
	at cucumber.runner.TestStep.executeStep(TestStep.java:63)
	at cucumber.runner.TestStep.run(TestStep.java:49)
	at cucumber.runner.PickleStepTestStep.run(PickleStepTestStep.java:43)
	at cucumber.runner.TestCase.run(TestCase.java:44)
	at cucumber.runner.Runner.runPickle(Runner.java:40)
	at cucumber.runtime.junit.PickleRunners$NoStepDescriptions.run(PickleRunners.java:146)
	at cucumber.runtime.junit.FeatureRunner.runChild(FeatureRunner.java:68)
	at cucumber.runtime.junit.FeatureRunner.runChild(FeatureRunner.java:23)
	at org.junit.runners.ParentRunner$4.run(ParentRunner.java:331)
	at org.junit.runners.ParentRunner$1.schedule(ParentRunner.java:79)
	at org.junit.runners.ParentRunner.runChildren(ParentRunner.java:329)
	at org.junit.runners.ParentRunner.access$100(ParentRunner.java:66)
	at org.junit.runners.ParentRunner$2.evaluate(ParentRunner.java:293)
	at org.junit.runners.ParentRunner$3.evaluate(ParentRunner.java:306)
	at org.junit.runners.ParentRunner.run(ParentRunner.java:413)
	at cucumber.runtime.junit.FeatureRunner.run(FeatureRunner.java:73)
	at net.serenitybdd.cucumber.CucumberWithSerenity.runChild(CucumberWithSerenity.java:193)
	at net.serenitybdd.cucumber.CucumberWithSerenity.runChild(CucumberWithSerenity.java:64)
	at org.junit.runners.ParentRunner$4.run(ParentRunner.java:331)
	at org.junit.runners.ParentRunner$1.schedule(ParentRunner.java:79)
	at org.junit.runners.ParentRunner.runChildren(ParentRunner.java:329)
	at org.junit.runners.ParentRunner.access$100(ParentRunner.java:66)
	at org.junit.runners.ParentRunner$2.evaluate(ParentRunner.java:293)
	at net.serenitybdd.cucumber.CucumberWithSerenity$1.evaluate(CucumberWithSerenity.java:202)
	at org.junit.runners.ParentRunner$3.evaluate(ParentRunner.java:306)
	at org.junit.runners.ParentRunner.run(ParentRunner.java:413)
	at org.gradle.api.internal.tasks.testing.junit.JUnitTestClassExecutor.runTestClass(JUnitTestClassExecutor.java:110)
	at org.gradle.api.internal.tasks.testing.junit.JUnitTestClassExecutor.execute(JUnitTestClassExecutor.java:58)
	at org.gradle.api.internal.tasks.testing.junit.JUnitTestClassExecutor.execute(JUnitTestClassExecutor.java:38)
	at org.gradle.api.internal.tasks.testing.junit.AbstractJUnitTestClassProcessor.processTestClass(AbstractJUnitTestClassProcessor.java:62)
	at org.gradle.api.internal.tasks.testing.SuiteTestClassProcessor.processTestClass(SuiteTestClassProcessor.java:51)
	at sun.reflect.NativeMethodAccessorImpl.invoke0(Native Method)
	at sun.reflect.NativeMethodAccessorImpl.invoke(NativeMethodAccessorImpl.java:62)
	at sun.reflect.DelegatingMethodAccessorImpl.invoke(DelegatingMethodAccessorImpl.java:43)
	at java.lang.reflect.Method.invoke(Method.java:498)
	at org.gradle.internal.dispatch.ReflectionDispatch.dispatch(ReflectionDispatch.java:35)
	at org.gradle.internal.dispatch.ReflectionDispatch.dispatch(ReflectionDispatch.java:24)
	at org.gradle.internal.dispatch.ContextClassLoaderDispatch.dispatch(ContextClassLoaderDispatch.java:32)
	at org.gradle.internal.dispatch.ProxyDispatchAdapter$DispatchingInvocationHandler.invoke(ProxyDispatchAdapter.java:93)
	at com.sun.proxy.$Proxy2.processTestClass(Unknown Source)
	at org.gradle.api.internal.tasks.testing.worker.TestWorker.processTestClass(TestWorker.java:118)
	at sun.reflect.NativeMethodAccessorImpl.invoke0(Native Method)
	at sun.reflect.NativeMethodAccessorImpl.invoke(NativeMethodAccessorImpl.java:62)
	at sun.reflect.DelegatingMethodAccessorImpl.invoke(DelegatingMethodAccessorImpl.java:43)
	at java.lang.reflect.Method.invoke(Method.java:498)
	at org.gradle.internal.dispatch.ReflectionDispatch.dispatch(ReflectionDispatch.java:35)
	at org.gradle.internal.dispatch.ReflectionDispatch.dispatch(ReflectionDispatch.java:24)
	at org.gradle.internal.remote.internal.hub.MessageHubBackedObjectConnection$DispatchWrapper.dispatch(MessageHubBackedObjectConnection.java:175)
	at org.gradle.internal.remote.internal.hub.MessageHubBackedObjectConnection$DispatchWrapper.dispatch(MessageHubBackedObjectConnection.java:157)
	at org.gradle.internal.remote.internal.hub.MessageHub$Handler.run(MessageHub.java:404)
	at org.gradle.internal.concurrent.ExecutorPolicy$CatchAndRecordFailures.onExecute(ExecutorPolicy.java:63)
	at org.gradle.internal.concurrent.ManagedExecutorImpl$1.run(ManagedExecutorImpl.java:46)
	at java.util.concurrent.ThreadPoolExecutor.runWorker(ThreadPoolExecutor.java:1149)
	at java.util.concurrent.ThreadPoolExecutor$Worker.run(ThreadPoolExecutor.java:624)
	at org.gradle.internal.concurrent.ThreadFactoryImpl$ManagedThreadRunnable.run(ThreadFactoryImpl.java:55)
	at java.lang.Thread.run(Thread.java:748)
</failure>
  </testcase>
  <testcase name="Create a regular user with numbers in the firstName" classname="Sign in Naiofy album shop" time="2.7">
    <failure message="java.lang.AssertionError: &#13;&#10;Expecting:&#13;&#10;  201&#13;&#10;not to be equal to:&#13;&#10;  201&#13;&#10;" type="java.lang.AssertionError">java.lang.AssertionError: 
Expecting:
  201
not to be equal to:
  201

	at com.naiofy.albums_shop.questions.CommonQuestions.responseCodeNotIs(CommonQuestions.java:18)
	at com.naiofy.albums_shop.questions.CommonQuestions$ByteBuddy$U7A3mybG.responseCodeNotIs$accessor$eQDUVV7Z(Unknown Source)
	at sun.reflect.NativeMethodAccessorImpl.invoke0(Native Method)
	at sun.reflect.NativeMethodAccessorImpl.invoke(NativeMethodAccessorImpl.java:62)
	at sun.reflect.DelegatingMethodAccessorImpl.invoke(DelegatingMethodAccessorImpl.java:43)
	at java.lang.reflect.Method.invoke(Method.java:498)
	at net.thucydides.core.steps.StepInterceptor.invokeMethod(StepInterceptor.java:471)
	at net.thucydides.core.steps.StepInterceptor.executeTestStepMethod(StepInterceptor.java:451)
	at net.thucydides.core.steps.StepInterceptor.runTestStep(StepInterceptor.java:424)
	at net.thucydides.core.steps.StepInterceptor.runOrSkipMethod(StepInterceptor.java:180)
	at net.thucydides.core.steps.StepInterceptor.testStepResult(StepInterceptor.java:167)
	at net.thucydides.core.steps.StepInterceptor.intercept(StepInterceptor.java:75)
	at com.naiofy.albums_shop.questions.CommonQuestions$ByteBuddy$U7A3mybG.responseCodeNotIs(Unknown Source)
	at com.naiofy.albums_shop.stepdefinitions.RegistrationStepdefs.theWebServiceWillRespondWithAValidationErrorOfInvalidName(RegistrationStepdefs.java:111)
	at ✽.the web service will respond with a validation error(src/test/resources/features/registration.feature:22)
</failure>
  </testcase>
  <testcase name="Create a regular user with numbers in the lastName" classname="Sign in Naiofy album shop" time="2.508">
    <failure message="java.lang.AssertionError: &#13;&#10;Expecting:&#13;&#10;  201&#13;&#10;not to be equal to:&#13;&#10;  201&#13;&#10;" type="java.lang.AssertionError">java.lang.AssertionError: 
Expecting:
  201
not to be equal to:
  201

	at com.naiofy.albums_shop.questions.CommonQuestions.responseCodeNotIs(CommonQuestions.java:18)
	at com.naiofy.albums_shop.questions.CommonQuestions$ByteBuddy$E4fNWtQI.responseCodeNotIs$accessor$HWl54VmU(Unknown Source)
	at sun.reflect.NativeMethodAccessorImpl.invoke0(Native Method)
	at sun.reflect.NativeMethodAccessorImpl.invoke(NativeMethodAccessorImpl.java:62)
	at sun.reflect.DelegatingMethodAccessorImpl.invoke(DelegatingMethodAccessorImpl.java:43)
	at java.lang.reflect.Method.invoke(Method.java:498)
	at net.thucydides.core.steps.StepInterceptor.invokeMethod(StepInterceptor.java:471)
	at net.thucydides.core.steps.StepInterceptor.executeTestStepMethod(StepInterceptor.java:451)
	at net.thucydides.core.steps.StepInterceptor.runTestStep(StepInterceptor.java:424)
	at net.thucydides.core.steps.StepInterceptor.runOrSkipMethod(StepInterceptor.java:180)
	at net.thucydides.core.steps.StepInterceptor.testStepResult(StepInterceptor.java:167)
	at net.thucydides.core.steps.StepInterceptor.intercept(StepInterceptor.java:75)
	at com.naiofy.albums_shop.questions.CommonQuestions$ByteBuddy$E4fNWtQI.responseCodeNotIs(Unknown Source)
	at com.naiofy.albums_shop.stepdefinitions.RegistrationStepdefs.theWebServiceWillRespondWithAValidationErrorOfInvalidName(RegistrationStepdefs.java:111)
	at ✽.the web service will respond with a validation error(src/test/resources/features/registration.feature:27)
</failure>
  </testcase>
  <testcase name="Create a regular user with numbers in the firstName and lastName" classname="Sign in Naiofy album shop" time="4.804">
    <failure message="java.lang.AssertionError: &#13;&#10;Expecting:&#13;&#10;  201&#13;&#10;not to be equal to:&#13;&#10;  201&#13;&#10;" type="java.lang.AssertionError">java.lang.AssertionError: 
Expecting:
  201
not to be equal to:
  201

	at com.naiofy.albums_shop.questions.CommonQuestions.responseCodeNotIs(CommonQuestions.java:18)
	at com.naiofy.albums_shop.questions.CommonQuestions$ByteBuddy$jaofMycg.responseCodeNotIs$accessor$5r7DBM9H(Unknown Source)
	at sun.reflect.NativeMethodAccessorImpl.invoke0(Native Method)
	at sun.reflect.NativeMethodAccessorImpl.invoke(NativeMethodAccessorImpl.java:62)
	at sun.reflect.DelegatingMethodAccessorImpl.invoke(DelegatingMethodAccessorImpl.java:43)
	at java.lang.reflect.Method.invoke(Method.java:498)
	at net.thucydides.core.steps.StepInterceptor.invokeMethod(StepInterceptor.java:471)
	at net.thucydides.core.steps.StepInterceptor.executeTestStepMethod(StepInterceptor.java:451)
	at net.thucydides.core.steps.StepInterceptor.runTestStep(StepInterceptor.java:424)
	at net.thucydides.core.steps.StepInterceptor.runOrSkipMethod(StepInterceptor.java:180)
	at net.thucydides.core.steps.StepInterceptor.testStepResult(StepInterceptor.java:167)
	at net.thucydides.core.steps.StepInterceptor.intercept(StepInterceptor.java:75)
	at com.naiofy.albums_shop.questions.CommonQuestions$ByteBuddy$jaofMycg.responseCodeNotIs(Unknown Source)
	at com.naiofy.albums_shop.stepdefinitions.RegistrationStepdefs.theWebServiceWillRespondWithAValidationErrorOfInvalidName(RegistrationStepdefs.java:111)
	at ✽.the web service will respond with a validation error(src/test/resources/features/registration.feature:32)
</failure>
  </testcase>
  <testcase name="Create a regular user with incorrect minimum password length" classname="Sign in Naiofy album shop" time="12.855"/>
  <testcase name="Create a regular user with only numbers in the password" classname="Sign in Naiofy album shop" time="6.105"/>
  <testcase name="Create a regular user without numbers in the password" classname="Sign in Naiofy album shop" time="15.472"/>
  <system-out><![CDATA[22:54:09.740 [Test worker] WARN  n.t.core.steps.BaseStepListener - testStarted: Create a regular user/sign-in-naiofy-album-shop;create-a-regular-user
22:54:09.742 [Test worker] INFO  n.t.c.steps.ConsoleLoggingListener - 
 _____ _____ ____ _____   ____ _____  _    ____ _____ _____ ____  
|_   _| ____/ ___|_   _| / ___|_   _|/ \  |  _ \_   _| ____|  _ \ 
  | | |  _| \___ \ | |   \___ \ | | / _ \ | |_) || | |  _| | | | |
  | | | |___ ___) || |    ___) || |/ ___ \|  _ < | | | |___| |_| |
  |_| |_____|____/ |_|   |____/ |_/_/   \_\_| \_\|_| |_____|____/ 
                                                                  

TEST STARTED: Create a regular user
-------------------------------------------------------------------(sign-in-naiofy-album-shop;create-a-regular-user)
22:54:09.748 [Test worker] WARN  n.t.core.steps.BaseStepListener - stepStarted: net.thucydides.core.steps.ExecutedStepDescription@758fa5f4
22:54:09.974 [Test worker] WARN  n.t.core.steps.BaseStepListener - stepStarted: net.thucydides.core.steps.ExecutedStepDescription@2b059e98
22:54:14.908 [Test worker] WARN  n.t.core.steps.BaseStepListener - stepFinished: current outcome:Create a regular user:Given I have the data of an user to register on the platform [Generate data for new user]
22:54:14.919 [Test worker] WARN  n.t.core.steps.BaseStepListener - stepFinished: current outcome:Create a regular user:Given I have the data of an user to register on the platform [Generate data for new user]
22:54:14.920 [Test worker] WARN  n.t.core.steps.BaseStepListener - stepStarted: net.thucydides.core.steps.ExecutedStepDescription@63dafc78
22:54:14.922 [Test worker] WARN  n.t.core.steps.BaseStepListener - stepStarted: net.thucydides.core.steps.ExecutedStepDescription@409b9a6
22:54:15.634 [Test worker] WARN  n.t.core.steps.BaseStepListener - stepStarted: net.thucydides.core.steps.ExecutedStepDescription@3bafcd9
22:54:15.635 [Test worker] WARN  n.t.core.steps.BaseStepListener - stepFinished: current outcome:Create a regular user:Given I have the data of an user to register on the platform [Generate data for new user], When I consume the web service to register a regular user on the platform [Register a regular user into the platform [POST https://nodejs-qa-training.herokuapp.com/users]]
22:54:15.635 [Test worker] WARN  n.t.core.steps.BaseStepListener - stepFinished: current outcome:Create a regular user:Given I have the data of an user to register on the platform [Generate data for new user], When I consume the web service to register a regular user on the platform [Register a regular user into the platform [POST https://nodejs-qa-training.herokuapp.com/users]]
22:54:15.637 [Test worker] WARN  n.t.core.steps.BaseStepListener - stepFinished: current outcome:Create a regular user:Given I have the data of an user to register on the platform [Generate data for new user], When I consume the web service to register a regular user on the platform [Register a regular user into the platform [POST https://nodejs-qa-training.herokuapp.com/users]]
22:54:15.638 [Test worker] WARN  n.t.core.steps.BaseStepListener - stepStarted: net.thucydides.core.steps.ExecutedStepDescription@315d5b00
22:54:15.641 [Test worker] WARN  n.t.core.steps.BaseStepListener - stepStarted: net.thucydides.core.steps.ExecutedStepDescription@676f462e
22:54:15.642 [Test worker] WARN  n.t.core.steps.BaseStepListener - stepFinished: current outcome:Create a regular user:Given I have the data of an user to register on the platform [Generate data for new user], When I consume the web service to register a regular user on the platform [Register a regular user into the platform [POST https://nodejs-qa-training.herokuapp.com/users]], Then the web service to register a new user responses successfully [Verify that API response is 201]
22:54:15.687 [Test worker] WARN  n.t.core.steps.BaseStepListener - stepFinished: current outcome:Create a regular user:Given I have the data of an user to register on the platform [Generate data for new user], When I consume the web service to register a regular user on the platform [Register a regular user into the platform [POST https://nodejs-qa-training.herokuapp.com/users]], Then the web service to register a new user responses successfully [Verify that API response is 201]
22:54:15.688 [Test worker] WARN  n.t.core.steps.BaseStepListener - stepStarted: net.thucydides.core.steps.ExecutedStepDescription@299147a3
22:54:15.690 [Test worker] WARN  n.t.core.steps.BaseStepListener - stepStarted: net.thucydides.core.steps.ExecutedStepDescription@265fe338
22:54:15.694 [Test worker] WARN  n.t.core.steps.BaseStepListener - stepStarted: net.thucydides.core.steps.ExecutedStepDescription@550040f
22:54:16.336 [Test worker] WARN  n.t.core.steps.BaseStepListener - stepStarted: net.thucydides.core.steps.ExecutedStepDescription@15663376
22:54:16.338 [Test worker] WARN  n.t.core.steps.BaseStepListener - stepFinished: current outcome:Create a regular user:Given I have the data of an user to register on the platform [Generate data for new user], When I consume the web service to register a regular user on the platform [Register a regular user into the platform [POST https://nodejs-qa-training.herokuapp.com/users]], Then the web service to register a new user responses successfully [Verify that API response is 201], And the user will be created on the platform [Login an user into the platform [Login user [POST https://nodejs-qa-training.herokuapp.com/users/sessions]]]
22:54:16.338 [Test worker] WARN  n.t.core.steps.BaseStepListener - stepFinished: current outcome:Create a regular user:Given I have the data of an user to register on the platform [Generate data for new user], When I consume the web service to register a regular user on the platform [Register a regular user into the platform [POST https://nodejs-qa-training.herokuapp.com/users]], Then the web service to register a new user responses successfully [Verify that API response is 201], And the user will be created on the platform [Login an user into the platform [Login user [POST https://nodejs-qa-training.herokuapp.com/users/sessions]]]
22:54:16.354 [Test worker] WARN  n.t.core.steps.BaseStepListener - stepFinished: current outcome:Create a regular user:Given I have the data of an user to register on the platform [Generate data for new user], When I consume the web service to register a regular user on the platform [Register a regular user into the platform [POST https://nodejs-qa-training.herokuapp.com/users]], Then the web service to register a new user responses successfully [Verify that API response is 201], And the user will be created on the platform [Login an user into the platform [Login user [POST https://nodejs-qa-training.herokuapp.com/users/sessions]]]
22:54:16.355 [Test worker] WARN  n.t.core.steps.BaseStepListener - stepStarted: net.thucydides.core.steps.ExecutedStepDescription@16de0980
22:54:16.883 [Test worker] WARN  n.t.core.steps.BaseStepListener - stepStarted: net.thucydides.core.steps.ExecutedStepDescription@6e7801dd
22:54:16.884 [Test worker] WARN  n.t.core.steps.BaseStepListener - stepFinished: current outcome:Create a regular user:Given I have the data of an user to register on the platform [Generate data for new user], When I consume the web service to register a regular user on the platform [Register a regular user into the platform [POST https://nodejs-qa-training.herokuapp.com/users]], Then the web service to register a new user responses successfully [Verify that API response is 201], And the user will be created on the platform [Login an user into the platform [Login user [POST https://nodejs-qa-training.herokuapp.com/users/sessions]], Search a specific user into the platform [GET https://nodejs-qa-training.herokuapp.com/users/1213]]
22:54:16.885 [Test worker] WARN  n.t.core.steps.BaseStepListener - stepFinished: current outcome:Create a regular user:Given I have the data of an user to register on the platform [Generate data for new user], When I consume the web service to register a regular user on the platform [Register a regular user into the platform [POST https://nodejs-qa-training.herokuapp.com/users]], Then the web service to register a new user responses successfully [Verify that API response is 201], And the user will be created on the platform [Login an user into the platform [Login user [POST https://nodejs-qa-training.herokuapp.com/users/sessions]], Search a specific user into the platform [GET https://nodejs-qa-training.herokuapp.com/users/1213]]
22:54:16.885 [Test worker] WARN  n.t.core.steps.BaseStepListener - stepStarted: net.thucydides.core.steps.ExecutedStepDescription@a74b655
22:54:16.886 [Test worker] WARN  n.t.core.steps.BaseStepListener - stepFinished: current outcome:Create a regular user:Given I have the data of an user to register on the platform [Generate data for new user], When I consume the web service to register a regular user on the platform [Register a regular user into the platform [POST https://nodejs-qa-training.herokuapp.com/users]], Then the web service to register a new user responses successfully [Verify that API response is 201], And the user will be created on the platform [Login an user into the platform [Login user [POST https://nodejs-qa-training.herokuapp.com/users/sessions]], Search a specific user into the platform [GET https://nodejs-qa-training.herokuapp.com/users/1213], Verify that API response is 200]
22:54:16.888 [Test worker] WARN  n.t.core.steps.BaseStepListener - stepStarted: net.thucydides.core.steps.ExecutedStepDescription@27f7acd
22:54:22.589 [Test worker] WARN  n.t.core.steps.BaseStepListener - stepFinished: current outcome:Create a regular user:Given I have the data of an user to register on the platform [Generate data for new user], When I consume the web service to register a regular user on the platform [Register a regular user into the platform [POST https://nodejs-qa-training.herokuapp.com/users]], Then the web service to register a new user responses successfully [Verify that API response is 201], And the user will be created on the platform [Login an user into the platform [Login user [POST https://nodejs-qa-training.herokuapp.com/users/sessions]], Search a specific user into the platform [GET https://nodejs-qa-training.herokuapp.com/users/1213], Verify that API response is 200, Validate the result of search an user]
22:54:22.589 [Test worker] WARN  n.t.core.steps.BaseStepListener - stepFinished: current outcome:Create a regular user:Given I have the data of an user to register on the platform [Generate data for new user], When I consume the web service to register a regular user on the platform [Register a regular user into the platform [POST https://nodejs-qa-training.herokuapp.com/users]], Then the web service to register a new user responses successfully [Verify that API response is 201], And the user will be created on the platform [Login an user into the platform [Login user [POST https://nodejs-qa-training.herokuapp.com/users/sessions]], Search a specific user into the platform [GET https://nodejs-qa-training.herokuapp.com/users/1213], Verify that API response is 200, Validate the result of search an user]
22:54:22.599 [Test worker] WARN  n.t.core.steps.BaseStepListener - testStarted: Create a regular user with incorrect email format/sign-in-naiofy-album-shop;create-a-regular-user-with-incorrect-email-format
22:54:22.599 [Test worker] INFO  n.t.c.steps.ConsoleLoggingListener - 
 _____ _____ ____ _____   ____ _____  _    ____ _____ _____ ____  
|_   _| ____/ ___|_   _| / ___|_   _|/ \  |  _ \_   _| ____|  _ \ 
  | | |  _| \___ \ | |   \___ \ | | / _ \ | |_) || | |  _| | | | |
  | | | |___ ___) || |    ___) || |/ ___ \|  _ < | | | |___| |_| |
  |_| |_____|____/ |_|   |____/ |_/_/   \_\_| \_\|_| |_____|____/ 
                                                                  

TEST STARTED: Create a regular user with incorrect email format
-------------------------------------------------------------------(sign-in-naiofy-album-shop;create-a-regular-user-with-incorrect-email-format)
22:54:22.607 [Test worker] WARN  n.t.core.steps.BaseStepListener - stepStarted: net.thucydides.core.steps.ExecutedStepDescription@465718b1
22:54:22.853 [Test worker] WARN  n.t.core.steps.BaseStepListener - stepStarted: net.thucydides.core.steps.ExecutedStepDescription@159a8e82
22:54:26.186 [Test worker] WARN  n.t.core.steps.BaseStepListener - stepFinished: current outcome:Create a regular user with incorrect email format:Given I have the data of an user with an incorrectly formatted email to register on the platform [Generate data for new user with incorrect format email]
22:54:26.192 [Test worker] WARN  n.t.core.steps.BaseStepListener - stepFinished: current outcome:Create a regular user with incorrect email format:Given I have the data of an user with an incorrectly formatted email to register on the platform [Generate data for new user with incorrect format email]
22:54:26.194 [Test worker] WARN  n.t.core.steps.BaseStepListener - stepStarted: net.thucydides.core.steps.ExecutedStepDescription@a366d08
22:54:26.197 [Test worker] WARN  n.t.core.steps.BaseStepListener - stepStarted: net.thucydides.core.steps.ExecutedStepDescription@57aa8627
22:54:26.766 [Test worker] WARN  n.t.core.steps.BaseStepListener - stepStarted: net.thucydides.core.steps.ExecutedStepDescription@5b4dcc1f
22:54:26.766 [Test worker] WARN  n.t.core.steps.BaseStepListener - stepFinished: current outcome:Create a regular user with incorrect email format:Given I have the data of an user with an incorrectly formatted email to register on the platform [Generate data for new user with incorrect format email], When I consume the web service to register a regular user on the platform [Register a regular user into the platform [POST https://nodejs-qa-training.herokuapp.com/users]]
22:54:26.769 [Test worker] WARN  n.t.core.steps.BaseStepListener - stepFinished: current outcome:Create a regular user with incorrect email format:Given I have the data of an user with an incorrectly formatted email to register on the platform [Generate data for new user with incorrect format email], When I consume the web service to register a regular user on the platform [Register a regular user into the platform [POST https://nodejs-qa-training.herokuapp.com/users]]
22:54:26.769 [Test worker] WARN  n.t.core.steps.BaseStepListener - stepFinished: current outcome:Create a regular user with incorrect email format:Given I have the data of an user with an incorrectly formatted email to register on the platform [Generate data for new user with incorrect format email], When I consume the web service to register a regular user on the platform [Register a regular user into the platform [POST https://nodejs-qa-training.herokuapp.com/users]]
22:54:26.770 [Test worker] WARN  n.t.core.steps.BaseStepListener - stepStarted: net.thucydides.core.steps.ExecutedStepDescription@6a899ea2
22:54:26.799 [Test worker] WARN  n.t.core.steps.BaseStepListener - stepStarted: net.thucydides.core.steps.ExecutedStepDescription@2a063131
22:54:26.800 [Test worker] WARN  n.t.core.steps.BaseStepListener - stepFinished: current outcome:Create a regular user with incorrect email format:Given I have the data of an user with an incorrectly formatted email to register on the platform [Generate data for new user with incorrect format email], When I consume the web service to register a regular user on the platform [Register a regular user into the platform [POST https://nodejs-qa-training.herokuapp.com/users]], Then the web service will respond with a validation error of invalid email [Verify that API response not is 200]
22:54:26.802 [Test worker] WARN  n.t.core.steps.BaseStepListener - stepStarted: net.thucydides.core.steps.ExecutedStepDescription@5fe0299c
22:54:26.964 [Test worker] WARN  n.t.core.steps.BaseStepListener - testStarted: Create a regular user with invalid email/sign-in-naiofy-album-shop;create-a-regular-user-with-invalid-email
22:54:26.964 [Test worker] INFO  n.t.c.steps.ConsoleLoggingListener - 
 _____ _____ ____ _____   ____ _____  _    ____ _____ _____ ____  
|_   _| ____/ ___|_   _| / ___|_   _|/ \  |  _ \_   _| ____|  _ \ 
  | | |  _| \___ \ | |   \___ \ | | / _ \ | |_) || | |  _| | | | |
  | | | |___ ___) || |    ___) || |/ ___ \|  _ < | | | |___| |_| |
  |_| |_____|____/ |_|   |____/ |_/_/   \_\_| \_\|_| |_____|____/ 
                                                                  

TEST STARTED: Create a regular user with invalid email
-------------------------------------------------------------------(sign-in-naiofy-album-shop;create-a-regular-user-with-invalid-email)
22:54:27.028 [Test worker] WARN  n.t.core.steps.BaseStepListener - stepStarted: net.thucydides.core.steps.ExecutedStepDescription@3969eaed
22:54:27.134 [Test worker] WARN  n.t.core.steps.BaseStepListener - stepStarted: net.thucydides.core.steps.ExecutedStepDescription@55b1adb6
22:54:30.607 [Test worker] WARN  n.t.core.steps.BaseStepListener - stepFinished: current outcome:Create a regular user with invalid email:Given I have the data of an user with an invalid email to register on the platform [Generate data for new user with invalid format email]
22:54:30.612 [Test worker] WARN  n.t.core.steps.BaseStepListener - stepFinished: current outcome:Create a regular user with invalid email:Given I have the data of an user with an invalid email to register on the platform [Generate data for new user with invalid format email]
22:54:30.614 [Test worker] WARN  n.t.core.steps.BaseStepListener - stepStarted: net.thucydides.core.steps.ExecutedStepDescription@40419060
22:54:30.617 [Test worker] WARN  n.t.core.steps.BaseStepListener - stepStarted: net.thucydides.core.steps.ExecutedStepDescription@659347a7
22:54:31.279 [Test worker] WARN  n.t.core.steps.BaseStepListener - stepStarted: net.thucydides.core.steps.ExecutedStepDescription@59a62352
22:54:31.279 [Test worker] WARN  n.t.core.steps.BaseStepListener - stepFinished: current outcome:Create a regular user with invalid email:Given I have the data of an user with an invalid email to register on the platform [Generate data for new user with invalid format email], When I consume the web service to register a regular user on the platform [Register a regular user into the platform [POST https://nodejs-qa-training.herokuapp.com/users]]
22:54:31.280 [Test worker] WARN  n.t.core.steps.BaseStepListener - stepFinished: current outcome:Create a regular user with invalid email:Given I have the data of an user with an invalid email to register on the platform [Generate data for new user with invalid format email], When I consume the web service to register a regular user on the platform [Register a regular user into the platform [POST https://nodejs-qa-training.herokuapp.com/users]]
22:54:31.282 [Test worker] WARN  n.t.core.steps.BaseStepListener - stepFinished: current outcome:Create a regular user with invalid email:Given I have the data of an user with an invalid email to register on the platform [Generate data for new user with invalid format email], When I consume the web service to register a regular user on the platform [Register a regular user into the platform [POST https://nodejs-qa-training.herokuapp.com/users]]
22:54:31.283 [Test worker] WARN  n.t.core.steps.BaseStepListener - stepStarted: net.thucydides.core.steps.ExecutedStepDescription@1678e6f
22:54:31.321 [Test worker] WARN  n.t.core.steps.BaseStepListener - stepStarted: net.thucydides.core.steps.ExecutedStepDescription@f6b6fae
22:54:31.324 [Test worker] WARN  n.t.core.steps.BaseStepListener - stepFinished: current outcome:Create a regular user with invalid email:Given I have the data of an user with an invalid email to register on the platform [Generate data for new user with invalid format email], When I consume the web service to register a regular user on the platform [Register a regular user into the platform [POST https://nodejs-qa-training.herokuapp.com/users]], Then the web service will respond with a validation error of incorrect domain email [Verify that API response not is 200]
22:54:31.449 [Test worker] WARN  n.t.core.steps.BaseStepListener - stepStarted: net.thucydides.core.steps.ExecutedStepDescription@3c312751
22:54:31.481 [Test worker] WARN  n.t.core.steps.BaseStepListener - testStarted: Create a regular user with numbers in the firstName/sign-in-naiofy-album-shop;create-a-regular-user-with-numbers-in-the-firstname
22:54:31.482 [Test worker] INFO  n.t.c.steps.ConsoleLoggingListener - 
 _____ _____ ____ _____   ____ _____  _    ____ _____ _____ ____  
|_   _| ____/ ___|_   _| / ___|_   _|/ \  |  _ \_   _| ____|  _ \ 
  | | |  _| \___ \ | |   \___ \ | | / _ \ | |_) || | |  _| | | | |
  | | | |___ ___) || |    ___) || |/ ___ \|  _ < | | | |___| |_| |
  |_| |_____|____/ |_|   |____/ |_/_/   \_\_| \_\|_| |_____|____/ 
                                                                  

TEST STARTED: Create a regular user with numbers in the firstName
-------------------------------------------------------------------(sign-in-naiofy-album-shop;create-a-regular-user-with-numbers-in-the-firstname)
22:54:31.487 [Test worker] WARN  n.t.core.steps.BaseStepListener - stepStarted: net.thucydides.core.steps.ExecutedStepDescription@e8552d2
22:54:31.580 [Test worker] WARN  n.t.core.steps.BaseStepListener - stepStarted: net.thucydides.core.steps.ExecutedStepDescription@147ba725
22:54:33.517 [Test worker] WARN  n.t.core.steps.BaseStepListener - stepFinished: current outcome:Create a regular user with numbers in the firstName:Given I have the data of an user with numbers in the firstName to register on the platform [Generate data for new user with incorrect firstName]
22:54:33.522 [Test worker] WARN  n.t.core.steps.BaseStepListener - stepFinished: current outcome:Create a regular user with numbers in the firstName:Given I have the data of an user with numbers in the firstName to register on the platform [Generate data for new user with incorrect firstName]
22:54:33.524 [Test worker] WARN  n.t.core.steps.BaseStepListener - stepStarted: net.thucydides.core.steps.ExecutedStepDescription@2473d962
22:54:33.527 [Test worker] WARN  n.t.core.steps.BaseStepListener - stepStarted: net.thucydides.core.steps.ExecutedStepDescription@bb51aed
22:54:34.157 [Test worker] WARN  n.t.core.steps.BaseStepListener - stepStarted: net.thucydides.core.steps.ExecutedStepDescription@46c64bcf
22:54:34.157 [Test worker] WARN  n.t.core.steps.BaseStepListener - stepFinished: current outcome:Create a regular user with numbers in the firstName:Given I have the data of an user with numbers in the firstName to register on the platform [Generate data for new user with incorrect firstName], When I consume the web service to register a regular user on the platform [Register a regular user into the platform [POST https://nodejs-qa-training.herokuapp.com/users]]
22:54:34.158 [Test worker] WARN  n.t.core.steps.BaseStepListener - stepFinished: current outcome:Create a regular user with numbers in the firstName:Given I have the data of an user with numbers in the firstName to register on the platform [Generate data for new user with incorrect firstName], When I consume the web service to register a regular user on the platform [Register a regular user into the platform [POST https://nodejs-qa-training.herokuapp.com/users]]
22:54:34.159 [Test worker] WARN  n.t.core.steps.BaseStepListener - stepFinished: current outcome:Create a regular user with numbers in the firstName:Given I have the data of an user with numbers in the firstName to register on the platform [Generate data for new user with incorrect firstName], When I consume the web service to register a regular user on the platform [Register a regular user into the platform [POST https://nodejs-qa-training.herokuapp.com/users]]
22:54:34.160 [Test worker] WARN  n.t.core.steps.BaseStepListener - stepStarted: net.thucydides.core.steps.ExecutedStepDescription@105bb6e4
22:54:34.162 [Test worker] WARN  n.t.core.steps.BaseStepListener - stepStarted: net.thucydides.core.steps.ExecutedStepDescription@1f263982
22:54:34.189 [Test worker] WARN  n.t.core.steps.BaseStepListener - testStarted: Create a regular user with numbers in the lastName/sign-in-naiofy-album-shop;create-a-regular-user-with-numbers-in-the-lastname
22:54:34.191 [Test worker] INFO  n.t.c.steps.ConsoleLoggingListener - 
 _____ _____ ____ _____   ____ _____  _    ____ _____ _____ ____  
|_   _| ____/ ___|_   _| / ___|_   _|/ \  |  _ \_   _| ____|  _ \ 
  | | |  _| \___ \ | |   \___ \ | | / _ \ | |_) || | |  _| | | | |
  | | | |___ ___) || |    ___) || |/ ___ \|  _ < | | | |___| |_| |
  |_| |_____|____/ |_|   |____/ |_/_/   \_\_| \_\|_| |_____|____/ 
                                                                  

TEST STARTED: Create a regular user with numbers in the lastName
-------------------------------------------------------------------(sign-in-naiofy-album-shop;create-a-regular-user-with-numbers-in-the-lastname)
22:54:34.197 [Test worker] WARN  n.t.core.steps.BaseStepListener - stepStarted: net.thucydides.core.steps.ExecutedStepDescription@ee105a7
22:54:34.278 [Test worker] WARN  n.t.core.steps.BaseStepListener - stepStarted: net.thucydides.core.steps.ExecutedStepDescription@bc848f4
22:54:35.982 [Test worker] WARN  n.t.core.steps.BaseStepListener - stepFinished: current outcome:Create a regular user with numbers in the lastName:Given I have the data of an user with numbers in the lastName to register on the platform [Generate data for new user with incorrect lastName]
22:54:35.983 [Test worker] WARN  n.t.core.steps.BaseStepListener - stepFinished: current outcome:Create a regular user with numbers in the lastName:Given I have the data of an user with numbers in the lastName to register on the platform [Generate data for new user with incorrect lastName]
22:54:35.984 [Test worker] WARN  n.t.core.steps.BaseStepListener - stepStarted: net.thucydides.core.steps.ExecutedStepDescription@5e85141b
22:54:35.986 [Test worker] WARN  n.t.core.steps.BaseStepListener - stepStarted: net.thucydides.core.steps.ExecutedStepDescription@671f51d4
22:54:36.665 [Test worker] WARN  n.t.core.steps.BaseStepListener - stepStarted: net.thucydides.core.steps.ExecutedStepDescription@35d7bac6
22:54:36.666 [Test worker] WARN  n.t.core.steps.BaseStepListener - stepFinished: current outcome:Create a regular user with numbers in the lastName:Given I have the data of an user with numbers in the lastName to register on the platform [Generate data for new user with incorrect lastName], When I consume the web service to register a regular user on the platform [Register a regular user into the platform [POST https://nodejs-qa-training.herokuapp.com/users]]
22:54:36.668 [Test worker] WARN  n.t.core.steps.BaseStepListener - stepFinished: current outcome:Create a regular user with numbers in the lastName:Given I have the data of an user with numbers in the lastName to register on the platform [Generate data for new user with incorrect lastName], When I consume the web service to register a regular user on the platform [Register a regular user into the platform [POST https://nodejs-qa-training.herokuapp.com/users]]
22:54:36.670 [Test worker] WARN  n.t.core.steps.BaseStepListener - stepFinished: current outcome:Create a regular user with numbers in the lastName:Given I have the data of an user with numbers in the lastName to register on the platform [Generate data for new user with incorrect lastName], When I consume the web service to register a regular user on the platform [Register a regular user into the platform [POST https://nodejs-qa-training.herokuapp.com/users]]
22:54:36.672 [Test worker] WARN  n.t.core.steps.BaseStepListener - stepStarted: net.thucydides.core.steps.ExecutedStepDescription@2300cb93
22:54:36.675 [Test worker] WARN  n.t.core.steps.BaseStepListener - stepStarted: net.thucydides.core.steps.ExecutedStepDescription@12b1d610
22:54:36.703 [Test worker] WARN  n.t.core.steps.BaseStepListener - testStarted: Create a regular user with numbers in the firstName and lastName/sign-in-naiofy-album-shop;create-a-regular-user-with-numbers-in-the-firstname-and-lastname
22:54:36.704 [Test worker] INFO  n.t.c.steps.ConsoleLoggingListener - 
 _____ _____ ____ _____   ____ _____  _    ____ _____ _____ ____  
|_   _| ____/ ___|_   _| / ___|_   _|/ \  |  _ \_   _| ____|  _ \ 
  | | |  _| \___ \ | |   \___ \ | | / _ \ | |_) || | |  _| | | | |
  | | | |___ ___) || |    ___) || |/ ___ \|  _ < | | | |___| |_| |
  |_| |_____|____/ |_|   |____/ |_/_/   \_\_| \_\|_| |_____|____/ 
                                                                  

TEST STARTED: Create a regular user with numbers in the firstName and lastName
-------------------------------------------------------------------(sign-in-naiofy-album-shop;create-a-regular-user-with-numbers-in-the-firstname-and-lastname)
22:54:36.718 [Test worker] WARN  n.t.core.steps.BaseStepListener - stepStarted: net.thucydides.core.steps.ExecutedStepDescription@5229b23f
22:54:36.824 [Test worker] WARN  n.t.core.steps.BaseStepListener - stepStarted: net.thucydides.core.steps.ExecutedStepDescription@5fa56ef4
22:54:40.593 [Test worker] WARN  n.t.core.steps.BaseStepListener - stepFinished: current outcome:Create a regular user with numbers in the firstName and lastName:Given I have the data of an user with numbers in the firstName and lastName to register on the platform [Generate data for new user with incorrect firstName and lastName]
22:54:40.595 [Test worker] WARN  n.t.core.steps.BaseStepListener - stepFinished: current outcome:Create a regular user with numbers in the firstName and lastName:Given I have the data of an user with numbers in the firstName and lastName to register on the platform [Generate data for new user with incorrect firstName and lastName]
22:54:40.598 [Test worker] WARN  n.t.core.steps.BaseStepListener - stepStarted: net.thucydides.core.steps.ExecutedStepDescription@3ca03eb
22:54:40.600 [Test worker] WARN  n.t.core.steps.BaseStepListener - stepStarted: net.thucydides.core.steps.ExecutedStepDescription@78f16054
22:54:41.487 [Test worker] WARN  n.t.core.steps.BaseStepListener - stepStarted: net.thucydides.core.steps.ExecutedStepDescription@7561d672
22:54:41.487 [Test worker] WARN  n.t.core.steps.BaseStepListener - stepFinished: current outcome:Create a regular user with numbers in the firstName and lastName:Given I have the data of an user with numbers in the firstName and lastName to register on the platform [Generate data for new user with incorrect firstName and lastName], When I consume the web service to register a regular user on the platform [Register a regular user into the platform [POST https://nodejs-qa-training.herokuapp.com/users]]
22:54:41.488 [Test worker] WARN  n.t.core.steps.BaseStepListener - stepFinished: current outcome:Create a regular user with numbers in the firstName and lastName:Given I have the data of an user with numbers in the firstName and lastName to register on the platform [Generate data for new user with incorrect firstName and lastName], When I consume the web service to register a regular user on the platform [Register a regular user into the platform [POST https://nodejs-qa-training.herokuapp.com/users]]
22:54:41.489 [Test worker] WARN  n.t.core.steps.BaseStepListener - stepFinished: current outcome:Create a regular user with numbers in the firstName and lastName:Given I have the data of an user with numbers in the firstName and lastName to register on the platform [Generate data for new user with incorrect firstName and lastName], When I consume the web service to register a regular user on the platform [Register a regular user into the platform [POST https://nodejs-qa-training.herokuapp.com/users]]
22:54:41.490 [Test worker] WARN  n.t.core.steps.BaseStepListener - stepStarted: net.thucydides.core.steps.ExecutedStepDescription@2cd9edff
22:54:41.491 [Test worker] WARN  n.t.core.steps.BaseStepListener - stepStarted: net.thucydides.core.steps.ExecutedStepDescription@30dd452b
22:54:41.517 [Test worker] WARN  n.t.core.steps.BaseStepListener - testStarted: Create a regular user with incorrect minimum password length/sign-in-naiofy-album-shop;create-a-regular-user-with-incorrect-minimum-password-length
22:54:41.518 [Test worker] INFO  n.t.c.steps.ConsoleLoggingListener - 
 _____ _____ ____ _____   ____ _____  _    ____ _____ _____ ____  
|_   _| ____/ ___|_   _| / ___|_   _|/ \  |  _ \_   _| ____|  _ \ 
  | | |  _| \___ \ | |   \___ \ | | / _ \ | |_) || | |  _| | | | |
  | | | |___ ___) || |    ___) || |/ ___ \|  _ < | | | |___| |_| |
  |_| |_____|____/ |_|   |____/ |_/_/   \_\_| \_\|_| |_____|____/ 
                                                                  

TEST STARTED: Create a regular user with incorrect minimum password length
-------------------------------------------------------------------(sign-in-naiofy-album-shop;create-a-regular-user-with-incorrect-minimum-password-length)
22:54:43.232 [Test worker] WARN  n.t.core.steps.BaseStepListener - stepStarted: net.thucydides.core.steps.ExecutedStepDescription@7745a44f
22:54:44.914 [Test worker] WARN  n.t.core.steps.BaseStepListener - stepStarted: net.thucydides.core.steps.ExecutedStepDescription@14362eb
22:54:53.806 [Test worker] WARN  n.t.core.steps.BaseStepListener - stepFinished: current outcome:Create a regular user with incorrect minimum password length:Given I have the data of an user with incorrect minimum password length to register on the platform [Generate data for new user with incorrect minimum password length]
22:54:53.807 [Test worker] WARN  n.t.core.steps.BaseStepListener - stepFinished: current outcome:Create a regular user with incorrect minimum password length:Given I have the data of an user with incorrect minimum password length to register on the platform [Generate data for new user with incorrect minimum password length]
22:54:53.810 [Test worker] WARN  n.t.core.steps.BaseStepListener - stepStarted: net.thucydides.core.steps.ExecutedStepDescription@53992471
22:54:53.812 [Test worker] WARN  n.t.core.steps.BaseStepListener - stepStarted: net.thucydides.core.steps.ExecutedStepDescription@64edb10d
22:54:54.362 [Test worker] WARN  n.t.core.steps.BaseStepListener - stepStarted: net.thucydides.core.steps.ExecutedStepDescription@179bcc47
22:54:54.363 [Test worker] WARN  n.t.core.steps.BaseStepListener - stepFinished: current outcome:Create a regular user with incorrect minimum password length:Given I have the data of an user with incorrect minimum password length to register on the platform [Generate data for new user with incorrect minimum password length], When I consume the web service to register a regular user on the platform [Register a regular user into the platform [POST https://nodejs-qa-training.herokuapp.com/users]]
22:54:54.363 [Test worker] WARN  n.t.core.steps.BaseStepListener - stepFinished: current outcome:Create a regular user with incorrect minimum password length:Given I have the data of an user with incorrect minimum password length to register on the platform [Generate data for new user with incorrect minimum password length], When I consume the web service to register a regular user on the platform [Register a regular user into the platform [POST https://nodejs-qa-training.herokuapp.com/users]]
22:54:54.364 [Test worker] WARN  n.t.core.steps.BaseStepListener - stepFinished: current outcome:Create a regular user with incorrect minimum password length:Given I have the data of an user with incorrect minimum password length to register on the platform [Generate data for new user with incorrect minimum password length], When I consume the web service to register a regular user on the platform [Register a regular user into the platform [POST https://nodejs-qa-training.herokuapp.com/users]]
22:54:54.365 [Test worker] WARN  n.t.core.steps.BaseStepListener - stepStarted: net.thucydides.core.steps.ExecutedStepDescription@70358b66
22:54:54.367 [Test worker] WARN  n.t.core.steps.BaseStepListener - stepStarted: net.thucydides.core.steps.ExecutedStepDescription@554dd7be
22:54:54.368 [Test worker] WARN  n.t.core.steps.BaseStepListener - stepFinished: current outcome:Create a regular user with incorrect minimum password length:Given I have the data of an user with incorrect minimum password length to register on the platform [Generate data for new user with incorrect minimum password length], When I consume the web service to register a regular user on the platform [Register a regular user into the platform [POST https://nodejs-qa-training.herokuapp.com/users]], Then the web service will respond with a validation error [Verify that API response not is 201]
22:54:54.369 [Test worker] WARN  n.t.core.steps.BaseStepListener - stepFinished: current outcome:Create a regular user with incorrect minimum password length:Given I have the data of an user with incorrect minimum password length to register on the platform [Generate data for new user with incorrect minimum password length], When I consume the web service to register a regular user on the platform [Register a regular user into the platform [POST https://nodejs-qa-training.herokuapp.com/users]], Then the web service will respond with a validation error [Verify that API response not is 201]
22:54:54.376 [Test worker] WARN  n.t.core.steps.BaseStepListener - testStarted: Create a regular user with only numbers in the password/sign-in-naiofy-album-shop;create-a-regular-user-with-only-numbers-in-the-password
22:54:54.377 [Test worker] INFO  n.t.c.steps.ConsoleLoggingListener - 
 _____ _____ ____ _____   ____ _____  _    ____ _____ _____ ____  
|_   _| ____/ ___|_   _| / ___|_   _|/ \  |  _ \_   _| ____|  _ \ 
  | | |  _| \___ \ | |   \___ \ | | / _ \ | |_) || | |  _| | | | |
  | | | |___ ___) || |    ___) || |/ ___ \|  _ < | | | |___| |_| |
  |_| |_____|____/ |_|   |____/ |_/_/   \_\_| \_\|_| |_____|____/ 
                                                                  

TEST STARTED: Create a regular user with only numbers in the password
-------------------------------------------------------------------(sign-in-naiofy-album-shop;create-a-regular-user-with-only-numbers-in-the-password)
22:54:54.382 [Test worker] WARN  n.t.core.steps.BaseStepListener - stepStarted: net.thucydides.core.steps.ExecutedStepDescription@16b9881b
22:54:54.466 [Test worker] WARN  n.t.core.steps.BaseStepListener - stepStarted: net.thucydides.core.steps.ExecutedStepDescription@6be11a59
22:54:58.449 [Test worker] WARN  n.t.core.steps.BaseStepListener - stepFinished: current outcome:Create a regular user with only numbers in the password:Given I have the data of an user with only numbers in the password to register on the platform [Generate data for new user with only numbers in the password]
22:54:58.453 [Test worker] WARN  n.t.core.steps.BaseStepListener - stepFinished: current outcome:Create a regular user with only numbers in the password:Given I have the data of an user with only numbers in the password to register on the platform [Generate data for new user with only numbers in the password]
22:54:58.458 [Test worker] WARN  n.t.core.steps.BaseStepListener - stepStarted: net.thucydides.core.steps.ExecutedStepDescription@610c4bbe
22:54:58.461 [Test worker] WARN  n.t.core.steps.BaseStepListener - stepStarted: net.thucydides.core.steps.ExecutedStepDescription@2d8d3323
22:55:00.463 [Test worker] WARN  n.t.core.steps.BaseStepListener - stepStarted: net.thucydides.core.steps.ExecutedStepDescription@373543d5
22:55:00.464 [Test worker] WARN  n.t.core.steps.BaseStepListener - stepFinished: current outcome:Create a regular user with only numbers in the password:Given I have the data of an user with only numbers in the password to register on the platform [Generate data for new user with only numbers in the password], When I consume the web service to register a regular user on the platform [Register a regular user into the platform [POST https://nodejs-qa-training.herokuapp.com/users]]
22:55:00.464 [Test worker] WARN  n.t.core.steps.BaseStepListener - stepFinished: current outcome:Create a regular user with only numbers in the password:Given I have the data of an user with only numbers in the password to register on the platform [Generate data for new user with only numbers in the password], When I consume the web service to register a regular user on the platform [Register a regular user into the platform [POST https://nodejs-qa-training.herokuapp.com/users]]
22:55:00.465 [Test worker] WARN  n.t.core.steps.BaseStepListener - stepFinished: current outcome:Create a regular user with only numbers in the password:Given I have the data of an user with only numbers in the password to register on the platform [Generate data for new user with only numbers in the password], When I consume the web service to register a regular user on the platform [Register a regular user into the platform [POST https://nodejs-qa-training.herokuapp.com/users]]
22:55:00.466 [Test worker] WARN  n.t.core.steps.BaseStepListener - stepStarted: net.thucydides.core.steps.ExecutedStepDescription@3b9a3df4
22:55:00.467 [Test worker] WARN  n.t.core.steps.BaseStepListener - stepStarted: net.thucydides.core.steps.ExecutedStepDescription@4d9eb810
22:55:00.474 [Test worker] WARN  n.t.core.steps.BaseStepListener - stepFinished: current outcome:Create a regular user with only numbers in the password:Given I have the data of an user with only numbers in the password to register on the platform [Generate data for new user with only numbers in the password], When I consume the web service to register a regular user on the platform [Register a regular user into the platform [POST https://nodejs-qa-training.herokuapp.com/users]], Then the web service will respond with a validation error [Verify that API response not is 201]
22:55:00.476 [Test worker] WARN  n.t.core.steps.BaseStepListener - stepFinished: current outcome:Create a regular user with only numbers in the password:Given I have the data of an user with only numbers in the password to register on the platform [Generate data for new user with only numbers in the password], When I consume the web service to register a regular user on the platform [Register a regular user into the platform [POST https://nodejs-qa-training.herokuapp.com/users]], Then the web service will respond with a validation error [Verify that API response not is 201]
22:55:00.491 [Test worker] WARN  n.t.core.steps.BaseStepListener - testStarted: Create a regular user without numbers in the password/sign-in-naiofy-album-shop;create-a-regular-user-without-numbers-in-the-password
22:55:00.491 [Test worker] INFO  n.t.c.steps.ConsoleLoggingListener - 
 _____ _____ ____ _____   ____ _____  _    ____ _____ _____ ____  
|_   _| ____/ ___|_   _| / ___|_   _|/ \  |  _ \_   _| ____|  _ \ 
  | | |  _| \___ \ | |   \___ \ | | / _ \ | |_) || | |  _| | | | |
  | | | |___ ___) || |    ___) || |/ ___ \|  _ < | | | |___| |_| |
  |_| |_____|____/ |_|   |____/ |_/_/   \_\_| \_\|_| |_____|____/ 
                                                                  

TEST STARTED: Create a regular user without numbers in the password
-------------------------------------------------------------------(sign-in-naiofy-album-shop;create-a-regular-user-without-numbers-in-the-password)
22:55:00.498 [Test worker] WARN  n.t.core.steps.BaseStepListener - stepStarted: net.thucydides.core.steps.ExecutedStepDescription@6758364c
22:55:00.740 [Test worker] WARN  n.t.core.steps.BaseStepListener - stepStarted: net.thucydides.core.steps.ExecutedStepDescription@7534eb17
22:55:15.343 [Test worker] WARN  n.t.core.steps.BaseStepListener - stepFinished: current outcome:Create a regular user without numbers in the password:Given I have the data of an user without numbers in the password to register on the platform [Generate data for new user without numbers in the password]
22:55:15.344 [Test worker] WARN  n.t.core.steps.BaseStepListener - stepFinished: current outcome:Create a regular user without numbers in the password:Given I have the data of an user without numbers in the password to register on the platform [Generate data for new user without numbers in the password]
22:55:15.345 [Test worker] WARN  n.t.core.steps.BaseStepListener - stepStarted: net.thucydides.core.steps.ExecutedStepDescription@7646002a
22:55:15.347 [Test worker] WARN  n.t.core.steps.BaseStepListener - stepStarted: net.thucydides.core.steps.ExecutedStepDescription@edf07f3
22:55:15.950 [Test worker] WARN  n.t.core.steps.BaseStepListener - stepStarted: net.thucydides.core.steps.ExecutedStepDescription@679ea4b3
22:55:15.950 [Test worker] WARN  n.t.core.steps.BaseStepListener - stepFinished: current outcome:Create a regular user without numbers in the password:Given I have the data of an user without numbers in the password to register on the platform [Generate data for new user without numbers in the password], When I consume the web service to register a regular user on the platform [Register a regular user into the platform [POST https://nodejs-qa-training.herokuapp.com/users]]
22:55:15.950 [Test worker] WARN  n.t.core.steps.BaseStepListener - stepFinished: current outcome:Create a regular user without numbers in the password:Given I have the data of an user without numbers in the password to register on the platform [Generate data for new user without numbers in the password], When I consume the web service to register a regular user on the platform [Register a regular user into the platform [POST https://nodejs-qa-training.herokuapp.com/users]]
22:55:15.951 [Test worker] WARN  n.t.core.steps.BaseStepListener - stepFinished: current outcome:Create a regular user without numbers in the password:Given I have the data of an user without numbers in the password to register on the platform [Generate data for new user without numbers in the password], When I consume the web service to register a regular user on the platform [Register a regular user into the platform [POST https://nodejs-qa-training.herokuapp.com/users]]
22:55:15.952 [Test worker] WARN  n.t.core.steps.BaseStepListener - stepStarted: net.thucydides.core.steps.ExecutedStepDescription@2e58b235
22:55:15.953 [Test worker] WARN  n.t.core.steps.BaseStepListener - stepStarted: net.thucydides.core.steps.ExecutedStepDescription@3a1d6480
22:55:15.954 [Test worker] WARN  n.t.core.steps.BaseStepListener - stepFinished: current outcome:Create a regular user without numbers in the password:Given I have the data of an user without numbers in the password to register on the platform [Generate data for new user without numbers in the password], When I consume the web service to register a regular user on the platform [Register a regular user into the platform [POST https://nodejs-qa-training.herokuapp.com/users]], Then the web service will respond with a validation error [Verify that API response not is 201]
22:55:15.955 [Test worker] WARN  n.t.core.steps.BaseStepListener - stepFinished: current outcome:Create a regular user without numbers in the password:Given I have the data of an user without numbers in the password to register on the platform [Generate data for new user without numbers in the password], When I consume the web service to register a regular user on the platform [Register a regular user into the platform [POST https://nodejs-qa-training.herokuapp.com/users]], Then the web service will respond with a validation error [Verify that API response not is 201]
]]></system-out>
  <system-err><![CDATA[]]></system-err>
</testsuite>
