<!DOCTYPE html>
<html>
<head>
<meta http-equiv="Content-Type" content="text/html; charset=utf-8"/>
<meta http-equiv="x-ua-compatible" content="IE=edge"/>
<title>Test results - Class User list</title>
<link href="../css/base-style.css" rel="stylesheet" type="text/css"/>
<link href="../css/style.css" rel="stylesheet" type="text/css"/>
<script src="../js/report.js" type="text/javascript"></script>
</head>
<body>
<div id="content">
<h1>Class User list</h1>
<div class="breadcrumbs">
<a href="../index.html">all</a> &gt; 
<a href="../packages/default-package.html">default-package</a> &gt; User list</div>
<div id="summary">
<table>
<tr>
<td>
<div class="summaryGroup">
<table>
<tr>
<td>
<div class="infoBox" id="tests">
<div class="counter">7</div>
<p>tests</p>
</div>
</td>
<td>
<div class="infoBox" id="failures">
<div class="counter">3</div>
<p>failures</p>
</div>
</td>
<td>
<div class="infoBox" id="ignored">
<div class="counter">0</div>
<p>ignored</p>
</div>
</td>
<td>
<div class="infoBox" id="duration">
<div class="counter">12.070s</div>
<p>duration</p>
</div>
</td>
</tr>
</table>
</div>
</td>
<td>
<div class="infoBox failures" id="successRate">
<div class="percent">57%</div>
<p>successful</p>
</div>
</td>
</tr>
</table>
</div>
<div id="tabs">
<ul class="tabLinks">
<li>
<a href="#tab0">Failed tests</a>
</li>
<li>
<a href="#tab1">Tests</a>
</li>
<li>
<a href="#tab2">Standard output</a>
</li>
</ul>
<div id="tab0" class="tab">
<h2>Failed tests</h2>
<div class="test">
<a name="Consult the user list for a non existent page"></a>
<h3 class="failures">Consult the user list for a non existent page</h3>
<span class="code">
<pre>java.lang.AssertionError: 
Expecting:
  200
not to be equal to:
  200

	at com.naiofy.albums_shop.questions.CommonQuestions.responseCodeNotIs(CommonQuestions.java:18)
	at com.naiofy.albums_shop.questions.CommonQuestions$ByteBuddy$hcukxOjg.responseCodeNotIs$accessor$tUwxYOBF(Unknown Source)
	at sun.reflect.NativeMethodAccessorImpl.invoke0(Native Method)
	at sun.reflect.NativeMethodAccessorImpl.invoke(NativeMethodAccessorImpl.java:62)
	at sun.reflect.DelegatingMethodAccessorImpl.invoke(DelegatingMethodAccessorImpl.java:43)
	at java.lang.reflect.Method.invoke(Method.java:498)
	at net.thucydides.core.steps.StepInterceptor.invokeMethod(StepInterceptor.java:471)
	at net.thucydides.core.steps.StepInterceptor.executeTestStepMethod(StepInterceptor.java:451)
	at net.thucydides.core.steps.StepInterceptor.runTestStep(StepInterceptor.java:424)
	at net.thucydides.core.steps.StepInterceptor.runOrSkipMethod(StepInterceptor.java:180)
	at net.thucydides.core.steps.StepInterceptor.testStepResult(StepInterceptor.java:167)
	at net.thucydides.core.steps.StepInterceptor.intercept(StepInterceptor.java:75)
	at com.naiofy.albums_shop.questions.CommonQuestions$ByteBuddy$hcukxOjg.responseCodeNotIs(Unknown Source)
	at com.naiofy.albums_shop.stepdefinitions.CommonSteps.theWebServiceWillRespondWithAValidationErrorOfInvalidToken(CommonSteps.java:22)
	at ✽.the web service will respond with a validation error of invalid token(src/test/resources/features/user_list.feature:40)
</pre>
</span>
</div>
<div class="test">
<a name="Consult the user list with admin user access token"></a>
<h3 class="failures">Consult the user list with admin user access token</h3>
<span class="code">
<pre>java.lang.AssertionError: 1 expectation failed.
Response body doesn't match expectation.
Expected: The content to match the given JSON schema.
error: instance type (null) does not match any allowed primitive type (allowed: [&quot;integer&quot;,&quot;number&quot;])
    level: &quot;error&quot;
    schema: {&quot;loadingURI&quot;:&quot;file:/D:/Documentos/Personal/Wolox/restassured-serenitybdd-junit-cucumber/build/resources/test/schema/user_list.json#&quot;,&quot;pointer&quot;:&quot;/properties/previous_page&quot;}
    instance: {&quot;pointer&quot;:&quot;/previous_page&quot;}
    domain: &quot;validation&quot;
    keyword: &quot;type&quot;
    found: &quot;null&quot;
    expected: [&quot;integer&quot;,&quot;number&quot;]

  Actual: {&quot;total_count&quot;:548,&quot;count&quot;:10,&quot;total_pages&quot;:55,&quot;limit&quot;:10,&quot;offset&quot;:0,&quot;current_page&quot;:1,&quot;page&quot;:[{&quot;first_name&quot;:&quot;Hernan&quot;,&quot;last_name&quot;:&quot;Garcia98&quot;,&quot;email&quot;:&quot;hernan003@wolox.com.ar&quot;,&quot;role&quot;:&quot;regular&quot;},{&quot;first_name&quot;:&quot;Hernan&quot;,&quot;last_name&quot;:&quot;Garcia&quot;,&quot;email&quot;:&quot;hernan000@wolox.com.ar&quot;,&quot;role&quot;:&quot;regular&quot;},{&quot;first_name&quot;:&quot;Ricardo&quot;,&quot;last_name&quot;:&quot;Pantoja&quot;,&quot;email&quot;:&quot;emilia.nava@wolox.com.ar&quot;,&quot;role&quot;:&quot;regular&quot;},{&quot;first_name&quot;:&quot;Hernan&quot;,&quot;last_name&quot;:&quot;Garcia&quot;,&quot;email&quot;:&quot;h6@wolox.com.ar&quot;,&quot;role&quot;:&quot;regular&quot;},{&quot;first_name&quot;:&quot;5&quot;,&quot;last_name&quot;:&quot;4&quot;,&quot;email&quot;:&quot;alfredo.cedillo@wolox.com.ar&quot;,&quot;role&quot;:&quot;regular&quot;},{&quot;first_name&quot;:&quot;Tomás&quot;,&quot;last_name&quot;:&quot;Griego&quot;,&quot;email&quot;:&quot;mayte.aguilera@wolox.com.ar&quot;,&quot;role&quot;:&quot;regular&quot;},{&quot;first_name&quot;:&quot;Jose Antonio&quot;,&quot;last_name&quot;:&quot;Bermudez&quot;,&quot;email&quot;:&quot;jose.beruda@wolox.com.ar&quot;,&quot;role&quot;:&quot;regular&quot;},{&quot;first_name&quot;:&quot;Juan&quot;,&quot;last_name&quot;:&quot;Perez&quot;,&quot;email&quot;:&quot;jperez@wolox.com.ar&quot;,&quot;role&quot;:&quot;regular&quot;},{&quot;first_name&quot;:&quot;Hernan&quot;,&quot;last_name&quot;:&quot;Garcia&quot;,&quot;email&quot;:&quot;h7@wolox.com.ar&quot;,&quot;role&quot;:&quot;regular&quot;},{&quot;first_name&quot;:&quot;1&quot;,&quot;last_name&quot;:&quot;4&quot;,&quot;email&quot;:&quot;miguel.contreras@wolox.com.ar&quot;,&quot;role&quot;:&quot;regular&quot;}],&quot;previous_page&quot;:null,&quot;next_page&quot;:2}

	at sun.reflect.NativeConstructorAccessorImpl.newInstance0(Native Method)
	at sun.reflect.NativeConstructorAccessorImpl.newInstance(NativeConstructorAccessorImpl.java:62)
	at sun.reflect.DelegatingConstructorAccessorImpl.newInstance(DelegatingConstructorAccessorImpl.java:45)
	at java.lang.reflect.Constructor.newInstance(Constructor.java:423)
	at org.codehaus.groovy.reflection.CachedConstructor.invoke(CachedConstructor.java:83)
	at org.codehaus.groovy.reflection.CachedConstructor.doConstructorInvoke(CachedConstructor.java:77)
	at org.codehaus.groovy.runtime.callsite.ConstructorSite$ConstructorSiteNoUnwrap.callConstructor(ConstructorSite.java:84)
	at org.codehaus.groovy.runtime.callsite.AbstractCallSite.callConstructor(AbstractCallSite.java:249)
	at io.restassured.internal.ResponseSpecificationImpl$HamcrestAssertionClosure.validate(ResponseSpecificationImpl.groovy:494)
	at io.restassured.internal.ResponseSpecificationImpl$HamcrestAssertionClosure$validate$1.call(Unknown Source)
	at io.restassured.internal.ResponseSpecificationImpl.validateResponseIfRequired(ResponseSpecificationImpl.groovy:656)
	at sun.reflect.NativeMethodAccessorImpl.invoke0(Native Method)
	at sun.reflect.NativeMethodAccessorImpl.invoke(NativeMethodAccessorImpl.java:62)
	at sun.reflect.DelegatingMethodAccessorImpl.invoke(DelegatingMethodAccessorImpl.java:43)
	at java.lang.reflect.Method.invoke(Method.java:498)
	at org.codehaus.groovy.runtime.callsite.PlainObjectMetaMethodSite.doInvoke(PlainObjectMetaMethodSite.java:43)
	at org.codehaus.groovy.runtime.callsite.PogoMetaMethodSite$PogoCachedMethodSiteNoUnwrapNoCoerce.invoke(PogoMetaMethodSite.java:190)
	at org.codehaus.groovy.runtime.callsite.PogoMetaMethodSite.callCurrent(PogoMetaMethodSite.java:58)
	at org.codehaus.groovy.runtime.callsite.AbstractCallSite.callCurrent(AbstractCallSite.java:168)
	at io.restassured.internal.ResponseSpecificationImpl.content(ResponseSpecificationImpl.groovy:97)
	at io.restassured.specification.ResponseSpecification$content$0.callCurrent(Unknown Source)
	at io.restassured.internal.ResponseSpecificationImpl.body(ResponseSpecificationImpl.groovy:256)
	at io.restassured.internal.ValidatableResponseOptionsImpl.body(ValidatableResponseOptionsImpl.java:268)
	at com.naiofy.albums_shop.questions.CommonQuestions.verifyResponseSchema(CommonQuestions.java:23)
	at com.naiofy.albums_shop.questions.CommonQuestions$ByteBuddy$hK3JW4Jz.verifyResponseSchema$accessor$U8uax9Z4(Unknown Source)
	at sun.reflect.NativeMethodAccessorImpl.invoke0(Native Method)
	at sun.reflect.NativeMethodAccessorImpl.invoke(NativeMethodAccessorImpl.java:62)
	at sun.reflect.DelegatingMethodAccessorImpl.invoke(DelegatingMethodAccessorImpl.java:43)
	at java.lang.reflect.Method.invoke(Method.java:498)
	at net.thucydides.core.steps.StepInterceptor.invokeMethod(StepInterceptor.java:471)
	at net.thucydides.core.steps.StepInterceptor.executeTestStepMethod(StepInterceptor.java:451)
	at net.thucydides.core.steps.StepInterceptor.runTestStep(StepInterceptor.java:424)
	at net.thucydides.core.steps.StepInterceptor.runOrSkipMethod(StepInterceptor.java:180)
	at net.thucydides.core.steps.StepInterceptor.testStepResult(StepInterceptor.java:167)
	at net.thucydides.core.steps.StepInterceptor.intercept(StepInterceptor.java:75)
	at com.naiofy.albums_shop.questions.CommonQuestions$ByteBuddy$hK3JW4Jz.verifyResponseSchema(Unknown Source)
	at com.naiofy.albums_shop.stepdefinitions.CommonSteps.the_schema_should_match_with_the_specification(CommonSteps.java:17)
	at ✽.the schema should match with the specification defined in &quot;user_list.json&quot;(src/test/resources/features/user_list.feature:13)
</pre>
</span>
</div>
<div class="test">
<a name="Consult the user list with regular user access token"></a>
<h3 class="failures">Consult the user list with regular user access token</h3>
<span class="code">
<pre>java.lang.AssertionError: 1 expectation failed.
Response body doesn't match expectation.
Expected: The content to match the given JSON schema.
error: instance type (null) does not match any allowed primitive type (allowed: [&quot;integer&quot;,&quot;number&quot;])
    level: &quot;error&quot;
    schema: {&quot;loadingURI&quot;:&quot;file:/D:/Documentos/Personal/Wolox/restassured-serenitybdd-junit-cucumber/build/resources/test/schema/user_list.json#&quot;,&quot;pointer&quot;:&quot;/properties/previous_page&quot;}
    instance: {&quot;pointer&quot;:&quot;/previous_page&quot;}
    domain: &quot;validation&quot;
    keyword: &quot;type&quot;
    found: &quot;null&quot;
    expected: [&quot;integer&quot;,&quot;number&quot;]

  Actual: {&quot;total_count&quot;:546,&quot;count&quot;:10,&quot;total_pages&quot;:55,&quot;limit&quot;:10,&quot;offset&quot;:0,&quot;current_page&quot;:1,&quot;page&quot;:[{&quot;first_name&quot;:&quot;Hernan&quot;,&quot;last_name&quot;:&quot;Garcia98&quot;,&quot;email&quot;:&quot;hernan003@wolox.com.ar&quot;,&quot;role&quot;:&quot;regular&quot;},{&quot;first_name&quot;:&quot;Hernan&quot;,&quot;last_name&quot;:&quot;Garcia&quot;,&quot;email&quot;:&quot;hernan000@wolox.com.ar&quot;,&quot;role&quot;:&quot;regular&quot;},{&quot;first_name&quot;:&quot;Ricardo&quot;,&quot;last_name&quot;:&quot;Pantoja&quot;,&quot;email&quot;:&quot;emilia.nava@wolox.com.ar&quot;,&quot;role&quot;:&quot;regular&quot;},{&quot;first_name&quot;:&quot;Hernan&quot;,&quot;last_name&quot;:&quot;Garcia&quot;,&quot;email&quot;:&quot;h6@wolox.com.ar&quot;,&quot;role&quot;:&quot;regular&quot;},{&quot;first_name&quot;:&quot;5&quot;,&quot;last_name&quot;:&quot;4&quot;,&quot;email&quot;:&quot;alfredo.cedillo@wolox.com.ar&quot;,&quot;role&quot;:&quot;regular&quot;},{&quot;first_name&quot;:&quot;Tomás&quot;,&quot;last_name&quot;:&quot;Griego&quot;,&quot;email&quot;:&quot;mayte.aguilera@wolox.com.ar&quot;,&quot;role&quot;:&quot;regular&quot;},{&quot;first_name&quot;:&quot;Jose Antonio&quot;,&quot;last_name&quot;:&quot;Bermudez&quot;,&quot;email&quot;:&quot;jose.beruda@wolox.com.ar&quot;,&quot;role&quot;:&quot;regular&quot;},{&quot;first_name&quot;:&quot;Juan&quot;,&quot;last_name&quot;:&quot;Perez&quot;,&quot;email&quot;:&quot;jperez@wolox.com.ar&quot;,&quot;role&quot;:&quot;regular&quot;},{&quot;first_name&quot;:&quot;Hernan&quot;,&quot;last_name&quot;:&quot;Garcia&quot;,&quot;email&quot;:&quot;h7@wolox.com.ar&quot;,&quot;role&quot;:&quot;regular&quot;},{&quot;first_name&quot;:&quot;1&quot;,&quot;last_name&quot;:&quot;4&quot;,&quot;email&quot;:&quot;miguel.contreras@wolox.com.ar&quot;,&quot;role&quot;:&quot;regular&quot;}],&quot;previous_page&quot;:null,&quot;next_page&quot;:2}

	at sun.reflect.NativeConstructorAccessorImpl.newInstance0(Native Method)
	at sun.reflect.NativeConstructorAccessorImpl.newInstance(NativeConstructorAccessorImpl.java:62)
	at sun.reflect.DelegatingConstructorAccessorImpl.newInstance(DelegatingConstructorAccessorImpl.java:45)
	at java.lang.reflect.Constructor.newInstance(Constructor.java:423)
	at org.codehaus.groovy.reflection.CachedConstructor.invoke(CachedConstructor.java:83)
	at org.codehaus.groovy.reflection.CachedConstructor.doConstructorInvoke(CachedConstructor.java:77)
	at org.codehaus.groovy.runtime.callsite.ConstructorSite$ConstructorSiteNoUnwrap.callConstructor(ConstructorSite.java:84)
	at org.codehaus.groovy.runtime.callsite.CallSiteArray.defaultCallConstructor(CallSiteArray.java:59)
	at org.codehaus.groovy.runtime.callsite.AbstractCallSite.callConstructor(AbstractCallSite.java:237)
	at org.codehaus.groovy.runtime.callsite.AbstractCallSite.callConstructor(AbstractCallSite.java:249)
	at io.restassured.internal.ResponseSpecificationImpl$HamcrestAssertionClosure.validate(ResponseSpecificationImpl.groovy:494)
	at io.restassured.internal.ResponseSpecificationImpl$HamcrestAssertionClosure$validate$1.call(Unknown Source)
	at io.restassured.internal.ResponseSpecificationImpl.validateResponseIfRequired(ResponseSpecificationImpl.groovy:656)
	at sun.reflect.NativeMethodAccessorImpl.invoke0(Native Method)
	at sun.reflect.NativeMethodAccessorImpl.invoke(NativeMethodAccessorImpl.java:62)
	at sun.reflect.DelegatingMethodAccessorImpl.invoke(DelegatingMethodAccessorImpl.java:43)
	at java.lang.reflect.Method.invoke(Method.java:498)
	at org.codehaus.groovy.runtime.callsite.PlainObjectMetaMethodSite.doInvoke(PlainObjectMetaMethodSite.java:43)
	at org.codehaus.groovy.runtime.callsite.PogoMetaMethodSite$PogoCachedMethodSiteNoUnwrapNoCoerce.invoke(PogoMetaMethodSite.java:190)
	at org.codehaus.groovy.runtime.callsite.PogoMetaMethodSite.callCurrent(PogoMetaMethodSite.java:58)
	at org.codehaus.groovy.runtime.callsite.AbstractCallSite.callCurrent(AbstractCallSite.java:168)
	at io.restassured.internal.ResponseSpecificationImpl.content(ResponseSpecificationImpl.groovy:97)
	at io.restassured.specification.ResponseSpecification$content$0.callCurrent(Unknown Source)
	at io.restassured.internal.ResponseSpecificationImpl.body(ResponseSpecificationImpl.groovy:256)
	at io.restassured.internal.ValidatableResponseOptionsImpl.body(ValidatableResponseOptionsImpl.java:268)
	at com.naiofy.albums_shop.questions.CommonQuestions.verifyResponseSchema(CommonQuestions.java:23)
	at com.naiofy.albums_shop.questions.CommonQuestions$ByteBuddy$HeJWAXJH.verifyResponseSchema$accessor$gaSMgoFU(Unknown Source)
	at sun.reflect.NativeMethodAccessorImpl.invoke0(Native Method)
	at sun.reflect.NativeMethodAccessorImpl.invoke(NativeMethodAccessorImpl.java:62)
	at sun.reflect.DelegatingMethodAccessorImpl.invoke(DelegatingMethodAccessorImpl.java:43)
	at java.lang.reflect.Method.invoke(Method.java:498)
	at net.thucydides.core.steps.StepInterceptor.invokeMethod(StepInterceptor.java:471)
	at net.thucydides.core.steps.StepInterceptor.executeTestStepMethod(StepInterceptor.java:451)
	at net.thucydides.core.steps.StepInterceptor.runTestStep(StepInterceptor.java:424)
	at net.thucydides.core.steps.StepInterceptor.runOrSkipMethod(StepInterceptor.java:180)
	at net.thucydides.core.steps.StepInterceptor.testStepResult(StepInterceptor.java:167)
	at net.thucydides.core.steps.StepInterceptor.intercept(StepInterceptor.java:75)
	at com.naiofy.albums_shop.questions.CommonQuestions$ByteBuddy$HeJWAXJH.verifyResponseSchema(Unknown Source)
	at com.naiofy.albums_shop.stepdefinitions.CommonSteps.the_schema_should_match_with_the_specification(CommonSteps.java:17)
	at ✽.the schema should match with the specification defined in &quot;user_list.json&quot;(src/test/resources/features/user_list.feature:7)
</pre>
</span>
</div>
</div>
<div id="tab1" class="tab">
<h2>Tests</h2>
<table>
<thead>
<tr>
<th>Test</th>
<th>Duration</th>
<th>Result</th>
</tr>
</thead>
<tr>
<td class="failures">Consult the user list for a non existent page</td>
<td class="failures">1.406s</td>
<td class="failures">failed</td>
</tr>
<tr>
<td class="success">Consult the user list for a non existent user</td>
<td class="success">1.509s</td>
<td class="success">passed</td>
</tr>
<tr>
<td class="success">Consult the user list for a specific regular user</td>
<td class="success">3.542s</td>
<td class="success">passed</td>
</tr>
<tr>
<td class="failures">Consult the user list with admin user access token</td>
<td class="failures">1.832s</td>
<td class="failures">failed</td>
</tr>
<tr>
<td class="success">Consult the user list with invalid access token</td>
<td class="success">1.317s</td>
<td class="success">passed</td>
</tr>
<tr>
<td class="failures">Consult the user list with regular user access token</td>
<td class="failures">1.465s</td>
<td class="failures">failed</td>
</tr>
<tr>
<td class="success">Consult the user list without access token</td>
<td class="success">0.999s</td>
<td class="success">passed</td>
</tr>
</table>
</div>
<div id="tab2" class="tab">
<h2>Standard output</h2>
<span class="code">
<pre>22:54:13.873 [Test worker] WARN  n.t.core.steps.BaseStepListener - testStarted: Consult the user list with regular user access token/user-list;consult-the-user-list-with-regular-user-access-token
22:54:13.874 [Test worker] INFO  n.t.c.steps.ConsoleLoggingListener - 
 _____ _____ ____ _____   ____ _____  _    ____ _____ _____ ____  
|_   _| ____/ ___|_   _| / ___|_   _|/ \  |  _ \_   _| ____|  _ \ 
  | | |  _| \___ \ | |   \___ \ | | / _ \ | |_) || | |  _| | | | |
  | | | |___ ___) || |    ___) || |/ ___ \|  _ &lt; | | | |___| |_| |
  |_| |_____|____/ |_|   |____/ |_/_/   \_\_| \_\|_| |_____|____/ 
                                                                  

TEST STARTED: Consult the user list with regular user access token
-------------------------------------------------------------------(user-list;consult-the-user-list-with-regular-user-access-token)
22:54:13.879 [Test worker] WARN  n.t.core.steps.BaseStepListener - stepStarted: net.thucydides.core.steps.ExecutedStepDescription@77e362ab
22:54:13.953 [Test worker] WARN  n.t.core.steps.BaseStepListener - stepStarted: net.thucydides.core.steps.ExecutedStepDescription@40408cb9
22:54:13.957 [Test worker] WARN  n.t.core.steps.BaseStepListener - stepStarted: net.thucydides.core.steps.ExecutedStepDescription@5c90b7ae
22:54:14.591 [Test worker] WARN  n.t.core.steps.BaseStepListener - stepStarted: net.thucydides.core.steps.ExecutedStepDescription@22d2c7da
22:54:14.592 [Test worker] WARN  n.t.core.steps.BaseStepListener - stepFinished: current outcome:Consult the user list with regular user access token:Given I have an access Token of a regular user to search users [Login an user into the platform [Login user [POST https://nodejs-qa-training.herokuapp.com/users/sessions]]]
22:54:14.592 [Test worker] WARN  n.t.core.steps.BaseStepListener - stepFinished: current outcome:Consult the user list with regular user access token:Given I have an access Token of a regular user to search users [Login an user into the platform [Login user [POST https://nodejs-qa-training.herokuapp.com/users/sessions]]]
22:54:14.607 [Test worker] WARN  n.t.core.steps.BaseStepListener - stepFinished: current outcome:Consult the user list with regular user access token:Given I have an access Token of a regular user to search users [Login an user into the platform [Login user [POST https://nodejs-qa-training.herokuapp.com/users/sessions]]]
22:54:14.608 [Test worker] WARN  n.t.core.steps.BaseStepListener - stepFinished: current outcome:Consult the user list with regular user access token:Given I have an access Token of a regular user to search users [Login an user into the platform [Login user [POST https://nodejs-qa-training.herokuapp.com/users/sessions]]]
22:54:14.609 [Test worker] WARN  n.t.core.steps.BaseStepListener - stepStarted: net.thucydides.core.steps.ExecutedStepDescription@39f11109
22:54:14.611 [Test worker] WARN  n.t.core.steps.BaseStepListener - stepStarted: net.thucydides.core.steps.ExecutedStepDescription@3f4413ae
22:54:15.232 [Test worker] WARN  n.t.core.steps.BaseStepListener - stepStarted: net.thucydides.core.steps.ExecutedStepDescription@71710c5
22:54:15.232 [Test worker] WARN  n.t.core.steps.BaseStepListener - stepFinished: current outcome:Consult the user list with regular user access token:Given I have an access Token of a regular user to search users [Login an user into the platform [Login user [POST https://nodejs-qa-training.herokuapp.com/users/sessions]]], When I consume the web service to see the user list on the platform [See the users into the platform [GET https://nodejs-qa-training.herokuapp.com/users]]
22:54:15.233 [Test worker] WARN  n.t.core.steps.BaseStepListener - stepFinished: current outcome:Consult the user list with regular user access token:Given I have an access Token of a regular user to search users [Login an user into the platform [Login user [POST https://nodejs-qa-training.herokuapp.com/users/sessions]]], When I consume the web service to see the user list on the platform [See the users into the platform [GET https://nodejs-qa-training.herokuapp.com/users]]
22:54:15.234 [Test worker] WARN  n.t.core.steps.BaseStepListener - stepFinished: current outcome:Consult the user list with regular user access token:Given I have an access Token of a regular user to search users [Login an user into the platform [Login user [POST https://nodejs-qa-training.herokuapp.com/users/sessions]]], When I consume the web service to see the user list on the platform [See the users into the platform [GET https://nodejs-qa-training.herokuapp.com/users]]
22:54:15.235 [Test worker] WARN  n.t.core.steps.BaseStepListener - stepStarted: net.thucydides.core.steps.ExecutedStepDescription@4b99eea3
22:54:15.236 [Test worker] WARN  n.t.core.steps.BaseStepListener - stepStarted: net.thucydides.core.steps.ExecutedStepDescription@2065915e
22:54:15.238 [Test worker] WARN  n.t.core.steps.BaseStepListener - stepFinished: current outcome:Consult the user list with regular user access token:Given I have an access Token of a regular user to search users [Login an user into the platform [Login user [POST https://nodejs-qa-training.herokuapp.com/users/sessions]]], When I consume the web service to see the user list on the platform [See the users into the platform [GET https://nodejs-qa-training.herokuapp.com/users]], Then the web service responses with the list of users [Verify that API response is 200]
22:54:15.239 [Test worker] WARN  n.t.core.steps.BaseStepListener - stepFinished: current outcome:Consult the user list with regular user access token:Given I have an access Token of a regular user to search users [Login an user into the platform [Login user [POST https://nodejs-qa-training.herokuapp.com/users/sessions]]], When I consume the web service to see the user list on the platform [See the users into the platform [GET https://nodejs-qa-training.herokuapp.com/users]], Then the web service responses with the list of users [Verify that API response is 200]
22:54:15.240 [Test worker] WARN  n.t.core.steps.BaseStepListener - stepStarted: net.thucydides.core.steps.ExecutedStepDescription@66323e02
22:54:15.250 [Test worker] WARN  n.t.core.steps.BaseStepListener - stepStarted: net.thucydides.core.steps.ExecutedStepDescription@4213ce57
22:54:15.394 [Test worker] WARN  n.t.core.steps.BaseStepListener - testStarted: Consult the user list with admin user access token/user-list;consult-the-user-list-with-admin-user-access-token
22:54:15.394 [Test worker] INFO  n.t.c.steps.ConsoleLoggingListener - 
 _____ _____ ____ _____   ____ _____  _    ____ _____ _____ ____  
|_   _| ____/ ___|_   _| / ___|_   _|/ \  |  _ \_   _| ____|  _ \ 
  | | |  _| \___ \ | |   \___ \ | | / _ \ | |_) || | |  _| | | | |
  | | | |___ ___) || |    ___) || |/ ___ \|  _ &lt; | | | |___| |_| |
  |_| |_____|____/ |_|   |____/ |_/_/   \_\_| \_\|_| |_____|____/ 
                                                                  

TEST STARTED: Consult the user list with admin user access token
-------------------------------------------------------------------(user-list;consult-the-user-list-with-admin-user-access-token)
22:54:15.400 [Test worker] WARN  n.t.core.steps.BaseStepListener - stepStarted: net.thucydides.core.steps.ExecutedStepDescription@600c4082
22:54:15.576 [Test worker] WARN  n.t.core.steps.BaseStepListener - stepStarted: net.thucydides.core.steps.ExecutedStepDescription@366dd82f
22:54:15.582 [Test worker] WARN  n.t.core.steps.BaseStepListener - stepStarted: net.thucydides.core.steps.ExecutedStepDescription@3979549a
22:54:16.471 [Test worker] WARN  n.t.core.steps.BaseStepListener - stepStarted: net.thucydides.core.steps.ExecutedStepDescription@18fb02a
22:54:16.471 [Test worker] WARN  n.t.core.steps.BaseStepListener - stepFinished: current outcome:Consult the user list with admin user access token:Given I have an access Token of an admin user to search users [Login an user into the platform [Login user [POST https://nodejs-qa-training.herokuapp.com/users/sessions]]]
22:54:16.471 [Test worker] WARN  n.t.core.steps.BaseStepListener - stepFinished: current outcome:Consult the user list with admin user access token:Given I have an access Token of an admin user to search users [Login an user into the platform [Login user [POST https://nodejs-qa-training.herokuapp.com/users/sessions]]]
22:54:16.487 [Test worker] WARN  n.t.core.steps.BaseStepListener - stepFinished: current outcome:Consult the user list with admin user access token:Given I have an access Token of an admin user to search users [Login an user into the platform [Login user [POST https://nodejs-qa-training.herokuapp.com/users/sessions]]]
22:54:16.488 [Test worker] WARN  n.t.core.steps.BaseStepListener - stepFinished: current outcome:Consult the user list with admin user access token:Given I have an access Token of an admin user to search users [Login an user into the platform [Login user [POST https://nodejs-qa-training.herokuapp.com/users/sessions]]]
22:54:16.492 [Test worker] WARN  n.t.core.steps.BaseStepListener - stepStarted: net.thucydides.core.steps.ExecutedStepDescription@9e28966
22:54:16.497 [Test worker] WARN  n.t.core.steps.BaseStepListener - stepStarted: net.thucydides.core.steps.ExecutedStepDescription@7992c01
22:54:17.160 [Test worker] WARN  n.t.core.steps.BaseStepListener - stepStarted: net.thucydides.core.steps.ExecutedStepDescription@4d68bb9d
22:54:17.160 [Test worker] WARN  n.t.core.steps.BaseStepListener - stepFinished: current outcome:Consult the user list with admin user access token:Given I have an access Token of an admin user to search users [Login an user into the platform [Login user [POST https://nodejs-qa-training.herokuapp.com/users/sessions]]], When I consume the web service to see the user list on the platform [See the users into the platform [GET https://nodejs-qa-training.herokuapp.com/users]]
22:54:17.162 [Test worker] WARN  n.t.core.steps.BaseStepListener - stepFinished: current outcome:Consult the user list with admin user access token:Given I have an access Token of an admin user to search users [Login an user into the platform [Login user [POST https://nodejs-qa-training.herokuapp.com/users/sessions]]], When I consume the web service to see the user list on the platform [See the users into the platform [GET https://nodejs-qa-training.herokuapp.com/users]]
22:54:17.163 [Test worker] WARN  n.t.core.steps.BaseStepListener - stepFinished: current outcome:Consult the user list with admin user access token:Given I have an access Token of an admin user to search users [Login an user into the platform [Login user [POST https://nodejs-qa-training.herokuapp.com/users/sessions]]], When I consume the web service to see the user list on the platform [See the users into the platform [GET https://nodejs-qa-training.herokuapp.com/users]]
22:54:17.166 [Test worker] WARN  n.t.core.steps.BaseStepListener - stepStarted: net.thucydides.core.steps.ExecutedStepDescription@22f5e9d5
22:54:17.168 [Test worker] WARN  n.t.core.steps.BaseStepListener - stepStarted: net.thucydides.core.steps.ExecutedStepDescription@284b18e1
22:54:17.170 [Test worker] WARN  n.t.core.steps.BaseStepListener - stepFinished: current outcome:Consult the user list with admin user access token:Given I have an access Token of an admin user to search users [Login an user into the platform [Login user [POST https://nodejs-qa-training.herokuapp.com/users/sessions]]], When I consume the web service to see the user list on the platform [See the users into the platform [GET https://nodejs-qa-training.herokuapp.com/users]], Then the web service responses with the list of users [Verify that API response is 200]
22:54:17.172 [Test worker] WARN  n.t.core.steps.BaseStepListener - stepFinished: current outcome:Consult the user list with admin user access token:Given I have an access Token of an admin user to search users [Login an user into the platform [Login user [POST https://nodejs-qa-training.herokuapp.com/users/sessions]]], When I consume the web service to see the user list on the platform [See the users into the platform [GET https://nodejs-qa-training.herokuapp.com/users]], Then the web service responses with the list of users [Verify that API response is 200]
22:54:17.173 [Test worker] WARN  n.t.core.steps.BaseStepListener - stepStarted: net.thucydides.core.steps.ExecutedStepDescription@5c28e6be
22:54:17.182 [Test worker] WARN  n.t.core.steps.BaseStepListener - stepStarted: net.thucydides.core.steps.ExecutedStepDescription@7ffe6e7b
22:54:17.219 [Test worker] WARN  n.t.core.steps.BaseStepListener - stepStarted: net.thucydides.core.steps.ExecutedStepDescription@50785441
22:54:17.237 [Test worker] WARN  n.t.core.steps.BaseStepListener - testStarted: Consult the user list without access token/user-list;consult-the-user-list-without-access-token
22:54:17.237 [Test worker] INFO  n.t.c.steps.ConsoleLoggingListener - 
 _____ _____ ____ _____   ____ _____  _    ____ _____ _____ ____  
|_   _| ____/ ___|_   _| / ___|_   _|/ \  |  _ \_   _| ____|  _ \ 
  | | |  _| \___ \ | |   \___ \ | | / _ \ | |_) || | |  _| | | | |
  | | | |___ ___) || |    ___) || |/ ___ \|  _ &lt; | | | |___| |_| |
  |_| |_____|____/ |_|   |____/ |_/_/   \_\_| \_\|_| |_____|____/ 
                                                                  

TEST STARTED: Consult the user list without access token
-------------------------------------------------------------------(user-list;consult-the-user-list-without-access-token)
22:54:17.242 [Test worker] WARN  n.t.core.steps.BaseStepListener - stepStarted: net.thucydides.core.steps.ExecutedStepDescription@b8c1259
22:54:17.486 [Test worker] WARN  n.t.core.steps.BaseStepListener - stepStarted: net.thucydides.core.steps.ExecutedStepDescription@3e723218
22:54:18.155 [Test worker] WARN  n.t.core.steps.BaseStepListener - stepStarted: net.thucydides.core.steps.ExecutedStepDescription@67e8f9ff
22:54:18.155 [Test worker] WARN  n.t.core.steps.BaseStepListener - stepFinished: current outcome:Consult the user list without access token:When I consume the web service to see the user list on the platform without access token [See the users into the platform [GET https://nodejs-qa-training.herokuapp.com/users]]
22:54:18.156 [Test worker] WARN  n.t.core.steps.BaseStepListener - stepFinished: current outcome:Consult the user list without access token:When I consume the web service to see the user list on the platform without access token [See the users into the platform [GET https://nodejs-qa-training.herokuapp.com/users]]
22:54:18.158 [Test worker] WARN  n.t.core.steps.BaseStepListener - stepFinished: current outcome:Consult the user list without access token:When I consume the web service to see the user list on the platform without access token [See the users into the platform [GET https://nodejs-qa-training.herokuapp.com/users]]
22:54:18.159 [Test worker] WARN  n.t.core.steps.BaseStepListener - stepStarted: net.thucydides.core.steps.ExecutedStepDescription@6ec8ae6f
22:54:18.169 [Test worker] WARN  n.t.core.steps.BaseStepListener - stepStarted: net.thucydides.core.steps.ExecutedStepDescription@41f9c22d
22:54:18.170 [Test worker] WARN  n.t.core.steps.BaseStepListener - stepFinished: current outcome:Consult the user list without access token:When I consume the web service to see the user list on the platform without access token [See the users into the platform [GET https://nodejs-qa-training.herokuapp.com/users]], Then the web service will respond with a validation error of invalid token [Verify that API response not is 200]
22:54:18.196 [Test worker] WARN  n.t.core.steps.BaseStepListener - stepFinished: current outcome:Consult the user list without access token:When I consume the web service to see the user list on the platform without access token [See the users into the platform [GET https://nodejs-qa-training.herokuapp.com/users]], Then the web service will respond with a validation error of invalid token [Verify that API response not is 200]
22:54:18.197 [Test worker] WARN  n.t.core.steps.BaseStepListener - stepStarted: net.thucydides.core.steps.ExecutedStepDescription@4c5880f
22:54:18.220 [Test worker] WARN  n.t.core.steps.BaseStepListener - stepStarted: net.thucydides.core.steps.ExecutedStepDescription@35f58cd1
22:54:18.232 [Test worker] WARN  n.t.core.steps.BaseStepListener - stepFinished: current outcome:Consult the user list without access token:When I consume the web service to see the user list on the platform without access token [See the users into the platform [GET https://nodejs-qa-training.herokuapp.com/users]], Then the web service will respond with a validation error of invalid token [Verify that API response not is 200], And the schema should match with the specification defined in &quot;errors.json&quot; [Verify response schema with errors.json]
22:54:18.233 [Test worker] WARN  n.t.core.steps.BaseStepListener - stepFinished: current outcome:Consult the user list without access token:When I consume the web service to see the user list on the platform without access token [See the users into the platform [GET https://nodejs-qa-training.herokuapp.com/users]], Then the web service will respond with a validation error of invalid token [Verify that API response not is 200], And the schema should match with the specification defined in &quot;errors.json&quot; [Verify response schema with errors.json]
22:54:18.243 [Test worker] WARN  n.t.core.steps.BaseStepListener - testStarted: Consult the user list with invalid access token/user-list;consult-the-user-list-with-invalid-access-token
22:54:18.243 [Test worker] INFO  n.t.c.steps.ConsoleLoggingListener - 
 _____ _____ ____ _____   ____ _____  _    ____ _____ _____ ____  
|_   _| ____/ ___|_   _| / ___|_   _|/ \  |  _ \_   _| ____|  _ \ 
  | | |  _| \___ \ | |   \___ \ | | / _ \ | |_) || | |  _| | | | |
  | | | |___ ___) || |    ___) || |/ ___ \|  _ &lt; | | | |___| |_| |
  |_| |_____|____/ |_|   |____/ |_/_/   \_\_| \_\|_| |_____|____/ 
                                                                  

TEST STARTED: Consult the user list with invalid access token
-------------------------------------------------------------------(user-list;consult-the-user-list-with-invalid-access-token)
22:54:18.309 [Test worker] WARN  n.t.core.steps.BaseStepListener - stepStarted: net.thucydides.core.steps.ExecutedStepDescription@eba9a24
22:54:18.683 [Test worker] WARN  n.t.core.steps.BaseStepListener - stepStarted: net.thucydides.core.steps.ExecutedStepDescription@54c11adb
22:54:19.530 [Test worker] WARN  n.t.core.steps.BaseStepListener - stepStarted: net.thucydides.core.steps.ExecutedStepDescription@7fecbdb6
22:54:19.530 [Test worker] WARN  n.t.core.steps.BaseStepListener - stepFinished: current outcome:Consult the user list with invalid access token:When I consume the web service to see the user list on the platform with an invalid access Token [See the users into the platform [GET https://nodejs-qa-training.herokuapp.com/users]]
22:54:19.530 [Test worker] WARN  n.t.core.steps.BaseStepListener - stepFinished: current outcome:Consult the user list with invalid access token:When I consume the web service to see the user list on the platform with an invalid access Token [See the users into the platform [GET https://nodejs-qa-training.herokuapp.com/users]]
22:54:19.532 [Test worker] WARN  n.t.core.steps.BaseStepListener - stepFinished: current outcome:Consult the user list with invalid access token:When I consume the web service to see the user list on the platform with an invalid access Token [See the users into the platform [GET https://nodejs-qa-training.herokuapp.com/users]]
22:54:19.533 [Test worker] WARN  n.t.core.steps.BaseStepListener - stepStarted: net.thucydides.core.steps.ExecutedStepDescription@320a1d55
22:54:19.540 [Test worker] WARN  n.t.core.steps.BaseStepListener - stepStarted: net.thucydides.core.steps.ExecutedStepDescription@a85644a
22:54:19.541 [Test worker] WARN  n.t.core.steps.BaseStepListener - stepFinished: current outcome:Consult the user list with invalid access token:When I consume the web service to see the user list on the platform with an invalid access Token [See the users into the platform [GET https://nodejs-qa-training.herokuapp.com/users]], Then the web service will respond with a validation error of invalid token [Verify that API response not is 200]
22:54:19.542 [Test worker] WARN  n.t.core.steps.BaseStepListener - stepFinished: current outcome:Consult the user list with invalid access token:When I consume the web service to see the user list on the platform with an invalid access Token [See the users into the platform [GET https://nodejs-qa-training.herokuapp.com/users]], Then the web service will respond with a validation error of invalid token [Verify that API response not is 200]
22:54:19.543 [Test worker] WARN  n.t.core.steps.BaseStepListener - stepStarted: net.thucydides.core.steps.ExecutedStepDescription@5fbfdb7a
22:54:19.545 [Test worker] WARN  n.t.core.steps.BaseStepListener - stepStarted: net.thucydides.core.steps.ExecutedStepDescription@5250c31c
22:54:19.552 [Test worker] WARN  n.t.core.steps.BaseStepListener - stepFinished: current outcome:Consult the user list with invalid access token:When I consume the web service to see the user list on the platform with an invalid access Token [See the users into the platform [GET https://nodejs-qa-training.herokuapp.com/users]], Then the web service will respond with a validation error of invalid token [Verify that API response not is 200], And the schema should match with the specification defined in &quot;errors.json&quot; [Verify response schema with errors.json]
22:54:19.553 [Test worker] WARN  n.t.core.steps.BaseStepListener - stepFinished: current outcome:Consult the user list with invalid access token:When I consume the web service to see the user list on the platform with an invalid access Token [See the users into the platform [GET https://nodejs-qa-training.herokuapp.com/users]], Then the web service will respond with a validation error of invalid token [Verify that API response not is 200], And the schema should match with the specification defined in &quot;errors.json&quot; [Verify response schema with errors.json]
22:54:19.560 [Test worker] WARN  n.t.core.steps.BaseStepListener - testStarted: Consult the user list for a specific regular user/user-list;consult-the-user-list-for-a-specific-regular-user
22:54:19.561 [Test worker] INFO  n.t.c.steps.ConsoleLoggingListener - 
 _____ _____ ____ _____   ____ _____  _    ____ _____ _____ ____  
|_   _| ____/ ___|_   _| / ___|_   _|/ \  |  _ \_   _| ____|  _ \ 
  | | |  _| \___ \ | |   \___ \ | | / _ \ | |_) || | |  _| | | | |
  | | | |___ ___) || |    ___) || |/ ___ \|  _ &lt; | | | |___| |_| |
  |_| |_____|____/ |_|   |____/ |_/_/   \_\_| \_\|_| |_____|____/ 
                                                                  

TEST STARTED: Consult the user list for a specific regular user
-------------------------------------------------------------------(user-list;consult-the-user-list-for-a-specific-regular-user)
22:54:19.644 [Test worker] WARN  n.t.core.steps.BaseStepListener - stepStarted: net.thucydides.core.steps.ExecutedStepDescription@d5913fd
22:54:20.548 [Test worker] WARN  n.t.core.steps.BaseStepListener - stepStarted: net.thucydides.core.steps.ExecutedStepDescription@5f3db792
22:54:20.584 [Test worker] WARN  n.t.core.steps.BaseStepListener - stepStarted: net.thucydides.core.steps.ExecutedStepDescription@422690cd
22:54:21.742 [Test worker] WARN  n.t.core.steps.BaseStepListener - stepStarted: net.thucydides.core.steps.ExecutedStepDescription@37fe06d6
22:54:21.743 [Test worker] WARN  n.t.core.steps.BaseStepListener - stepFinished: current outcome:Consult the user list for a specific regular user:Given I have an access Token of a regular user to search users [Login an user into the platform [Login user [POST https://nodejs-qa-training.herokuapp.com/users/sessions]]]
22:54:21.743 [Test worker] WARN  n.t.core.steps.BaseStepListener - stepFinished: current outcome:Consult the user list for a specific regular user:Given I have an access Token of a regular user to search users [Login an user into the platform [Login user [POST https://nodejs-qa-training.herokuapp.com/users/sessions]]]
22:54:21.772 [Test worker] WARN  n.t.core.steps.BaseStepListener - stepFinished: current outcome:Consult the user list for a specific regular user:Given I have an access Token of a regular user to search users [Login an user into the platform [Login user [POST https://nodejs-qa-training.herokuapp.com/users/sessions]]]
22:54:21.776 [Test worker] WARN  n.t.core.steps.BaseStepListener - stepFinished: current outcome:Consult the user list for a specific regular user:Given I have an access Token of a regular user to search users [Login an user into the platform [Login user [POST https://nodejs-qa-training.herokuapp.com/users/sessions]]]
22:54:21.781 [Test worker] WARN  n.t.core.steps.BaseStepListener - stepStarted: net.thucydides.core.steps.ExecutedStepDescription@7f9ad29c
22:54:21.782 [Test worker] WARN  n.t.core.steps.BaseStepListener - stepStarted: net.thucydides.core.steps.ExecutedStepDescription@74487a92
22:54:22.434 [Test worker] WARN  n.t.core.steps.BaseStepListener - stepStarted: net.thucydides.core.steps.ExecutedStepDescription@4d8ffe50
22:54:22.434 [Test worker] WARN  n.t.core.steps.BaseStepListener - stepFinished: current outcome:Consult the user list for a specific regular user:Given I have an access Token of a regular user to search users [Login an user into the platform [Login user [POST https://nodejs-qa-training.herokuapp.com/users/sessions]]], When I consume the web service to search a specific user on the platform [Search a specific user into the platform [GET https://nodejs-qa-training.herokuapp.com/users/147]]
22:54:22.434 [Test worker] WARN  n.t.core.steps.BaseStepListener - stepFinished: current outcome:Consult the user list for a specific regular user:Given I have an access Token of a regular user to search users [Login an user into the platform [Login user [POST https://nodejs-qa-training.herokuapp.com/users/sessions]]], When I consume the web service to search a specific user on the platform [Search a specific user into the platform [GET https://nodejs-qa-training.herokuapp.com/users/147]]
22:54:22.435 [Test worker] WARN  n.t.core.steps.BaseStepListener - stepFinished: current outcome:Consult the user list for a specific regular user:Given I have an access Token of a regular user to search users [Login an user into the platform [Login user [POST https://nodejs-qa-training.herokuapp.com/users/sessions]]], When I consume the web service to search a specific user on the platform [Search a specific user into the platform [GET https://nodejs-qa-training.herokuapp.com/users/147]]
22:54:22.437 [Test worker] WARN  n.t.core.steps.BaseStepListener - stepStarted: net.thucydides.core.steps.ExecutedStepDescription@7dfe0485
22:54:22.445 [Test worker] WARN  n.t.core.steps.BaseStepListener - stepStarted: net.thucydides.core.steps.ExecutedStepDescription@6479c261
22:54:23.096 [Test worker] WARN  n.t.core.steps.BaseStepListener - stepFinished: current outcome:Consult the user list for a specific regular user:Given I have an access Token of a regular user to search users [Login an user into the platform [Login user [POST https://nodejs-qa-training.herokuapp.com/users/sessions]]], When I consume the web service to search a specific user on the platform [Search a specific user into the platform [GET https://nodejs-qa-training.herokuapp.com/users/147]], Then the web service responses with the information of the regular user [Validate the result of search an user]
22:54:23.098 [Test worker] WARN  n.t.core.steps.BaseStepListener - stepFinished: current outcome:Consult the user list for a specific regular user:Given I have an access Token of a regular user to search users [Login an user into the platform [Login user [POST https://nodejs-qa-training.herokuapp.com/users/sessions]]], When I consume the web service to search a specific user on the platform [Search a specific user into the platform [GET https://nodejs-qa-training.herokuapp.com/users/147]], Then the web service responses with the information of the regular user [Validate the result of search an user]
22:54:23.108 [Test worker] WARN  n.t.core.steps.BaseStepListener - testStarted: Consult the user list for a non existent user/user-list;consult-the-user-list-for-a-non-existent-user
22:54:23.108 [Test worker] INFO  n.t.c.steps.ConsoleLoggingListener - 
 _____ _____ ____ _____   ____ _____  _    ____ _____ _____ ____  
|_   _| ____/ ___|_   _| / ___|_   _|/ \  |  _ \_   _| ____|  _ \ 
  | | |  _| \___ \ | |   \___ \ | | / _ \ | |_) || | |  _| | | | |
  | | | |___ ___) || |    ___) || |/ ___ \|  _ &lt; | | | |___| |_| |
  |_| |_____|____/ |_|   |____/ |_/_/   \_\_| \_\|_| |_____|____/ 
                                                                  

TEST STARTED: Consult the user list for a non existent user
-------------------------------------------------------------------(user-list;consult-the-user-list-for-a-non-existent-user)
22:54:23.113 [Test worker] WARN  n.t.core.steps.BaseStepListener - stepStarted: net.thucydides.core.steps.ExecutedStepDescription@91e30ef
22:54:23.236 [Test worker] WARN  n.t.core.steps.BaseStepListener - stepStarted: net.thucydides.core.steps.ExecutedStepDescription@62144f4c
22:54:23.237 [Test worker] WARN  n.t.core.steps.BaseStepListener - stepStarted: net.thucydides.core.steps.ExecutedStepDescription@6a77b226
22:54:23.987 [Test worker] WARN  n.t.core.steps.BaseStepListener - stepStarted: net.thucydides.core.steps.ExecutedStepDescription@3524265e
22:54:23.989 [Test worker] WARN  n.t.core.steps.BaseStepListener - stepFinished: current outcome:Consult the user list for a non existent user:Given I have an access Token of a regular user to search users [Login an user into the platform [Login user [POST https://nodejs-qa-training.herokuapp.com/users/sessions]]]
22:54:23.989 [Test worker] WARN  n.t.core.steps.BaseStepListener - stepFinished: current outcome:Consult the user list for a non existent user:Given I have an access Token of a regular user to search users [Login an user into the platform [Login user [POST https://nodejs-qa-training.herokuapp.com/users/sessions]]]
22:54:24.004 [Test worker] WARN  n.t.core.steps.BaseStepListener - stepFinished: current outcome:Consult the user list for a non existent user:Given I have an access Token of a regular user to search users [Login an user into the platform [Login user [POST https://nodejs-qa-training.herokuapp.com/users/sessions]]]
22:54:24.005 [Test worker] WARN  n.t.core.steps.BaseStepListener - stepFinished: current outcome:Consult the user list for a non existent user:Given I have an access Token of a regular user to search users [Login an user into the platform [Login user [POST https://nodejs-qa-training.herokuapp.com/users/sessions]]]
22:54:24.006 [Test worker] WARN  n.t.core.steps.BaseStepListener - stepStarted: net.thucydides.core.steps.ExecutedStepDescription@218687a4
22:54:24.008 [Test worker] WARN  n.t.core.steps.BaseStepListener - stepStarted: net.thucydides.core.steps.ExecutedStepDescription@78c53342
22:54:24.594 [Test worker] WARN  n.t.core.steps.BaseStepListener - stepStarted: net.thucydides.core.steps.ExecutedStepDescription@18769b3f
22:54:24.596 [Test worker] WARN  n.t.core.steps.BaseStepListener - stepFinished: current outcome:Consult the user list for a non existent user:Given I have an access Token of a regular user to search users [Login an user into the platform [Login user [POST https://nodejs-qa-training.herokuapp.com/users/sessions]]], When I consume the web service to search an non-existent user on the platform [Search a specific user into the platform [GET https://nodejs-qa-training.herokuapp.com/users/123456789456123]]
22:54:24.596 [Test worker] WARN  n.t.core.steps.BaseStepListener - stepFinished: current outcome:Consult the user list for a non existent user:Given I have an access Token of a regular user to search users [Login an user into the platform [Login user [POST https://nodejs-qa-training.herokuapp.com/users/sessions]]], When I consume the web service to search an non-existent user on the platform [Search a specific user into the platform [GET https://nodejs-qa-training.herokuapp.com/users/123456789456123]]
22:54:24.597 [Test worker] WARN  n.t.core.steps.BaseStepListener - stepFinished: current outcome:Consult the user list for a non existent user:Given I have an access Token of a regular user to search users [Login an user into the platform [Login user [POST https://nodejs-qa-training.herokuapp.com/users/sessions]]], When I consume the web service to search an non-existent user on the platform [Search a specific user into the platform [GET https://nodejs-qa-training.herokuapp.com/users/123456789456123]]
22:54:24.597 [Test worker] WARN  n.t.core.steps.BaseStepListener - stepStarted: net.thucydides.core.steps.ExecutedStepDescription@78ed9edd
22:54:24.599 [Test worker] WARN  n.t.core.steps.BaseStepListener - stepStarted: net.thucydides.core.steps.ExecutedStepDescription@a9e6930
22:54:24.599 [Test worker] WARN  n.t.core.steps.BaseStepListener - stepFinished: current outcome:Consult the user list for a non existent user:Given I have an access Token of a regular user to search users [Login an user into the platform [Login user [POST https://nodejs-qa-training.herokuapp.com/users/sessions]]], When I consume the web service to search an non-existent user on the platform [Search a specific user into the platform [GET https://nodejs-qa-training.herokuapp.com/users/123456789456123]], Then the web service will respond with an error of not found user [Verify that API response not is 200]
22:54:24.600 [Test worker] WARN  n.t.core.steps.BaseStepListener - stepFinished: current outcome:Consult the user list for a non existent user:Given I have an access Token of a regular user to search users [Login an user into the platform [Login user [POST https://nodejs-qa-training.herokuapp.com/users/sessions]]], When I consume the web service to search an non-existent user on the platform [Search a specific user into the platform [GET https://nodejs-qa-training.herokuapp.com/users/123456789456123]], Then the web service will respond with an error of not found user [Verify that API response not is 200]
22:54:24.601 [Test worker] WARN  n.t.core.steps.BaseStepListener - stepStarted: net.thucydides.core.steps.ExecutedStepDescription@8197bf9
22:54:24.610 [Test worker] WARN  n.t.core.steps.BaseStepListener - stepStarted: net.thucydides.core.steps.ExecutedStepDescription@586148a7
22:54:24.615 [Test worker] WARN  n.t.core.steps.BaseStepListener - stepFinished: current outcome:Consult the user list for a non existent user:Given I have an access Token of a regular user to search users [Login an user into the platform [Login user [POST https://nodejs-qa-training.herokuapp.com/users/sessions]]], When I consume the web service to search an non-existent user on the platform [Search a specific user into the platform [GET https://nodejs-qa-training.herokuapp.com/users/123456789456123]], Then the web service will respond with an error of not found user [Verify that API response not is 200], And the schema should match with the specification defined in &quot;errors.json&quot; [Verify response schema with errors.json]
22:54:24.616 [Test worker] WARN  n.t.core.steps.BaseStepListener - stepFinished: current outcome:Consult the user list for a non existent user:Given I have an access Token of a regular user to search users [Login an user into the platform [Login user [POST https://nodejs-qa-training.herokuapp.com/users/sessions]]], When I consume the web service to search an non-existent user on the platform [Search a specific user into the platform [GET https://nodejs-qa-training.herokuapp.com/users/123456789456123]], Then the web service will respond with an error of not found user [Verify that API response not is 200], And the schema should match with the specification defined in &quot;errors.json&quot; [Verify response schema with errors.json]
22:54:24.624 [Test worker] WARN  n.t.core.steps.BaseStepListener - testStarted: Consult the user list for a non existent page/user-list;consult-the-user-list-for-a-non-existent-page
22:54:24.624 [Test worker] INFO  n.t.c.steps.ConsoleLoggingListener - 
 _____ _____ ____ _____   ____ _____  _    ____ _____ _____ ____  
|_   _| ____/ ___|_   _| / ___|_   _|/ \  |  _ \_   _| ____|  _ \ 
  | | |  _| \___ \ | |   \___ \ | | / _ \ | |_) || | |  _| | | | |
  | | | |___ ___) || |    ___) || |/ ___ \|  _ &lt; | | | |___| |_| |
  |_| |_____|____/ |_|   |____/ |_/_/   \_\_| \_\|_| |_____|____/ 
                                                                  

TEST STARTED: Consult the user list for a non existent page
-------------------------------------------------------------------(user-list;consult-the-user-list-for-a-non-existent-page)
22:54:24.632 [Test worker] WARN  n.t.core.steps.BaseStepListener - stepStarted: net.thucydides.core.steps.ExecutedStepDescription@1c9d9366
22:54:24.731 [Test worker] WARN  n.t.core.steps.BaseStepListener - stepStarted: net.thucydides.core.steps.ExecutedStepDescription@274dfcd3
22:54:24.732 [Test worker] WARN  n.t.core.steps.BaseStepListener - stepStarted: net.thucydides.core.steps.ExecutedStepDescription@245d2104
22:54:25.379 [Test worker] WARN  n.t.core.steps.BaseStepListener - stepStarted: net.thucydides.core.steps.ExecutedStepDescription@5ad8cc2a
22:54:25.381 [Test worker] WARN  n.t.core.steps.BaseStepListener - stepFinished: current outcome:Consult the user list for a non existent page:Given I have an access Token of a regular user to search users [Login an user into the platform [Login user [POST https://nodejs-qa-training.herokuapp.com/users/sessions]]]
22:54:25.381 [Test worker] WARN  n.t.core.steps.BaseStepListener - stepFinished: current outcome:Consult the user list for a non existent page:Given I have an access Token of a regular user to search users [Login an user into the platform [Login user [POST https://nodejs-qa-training.herokuapp.com/users/sessions]]]
22:54:25.393 [Test worker] WARN  n.t.core.steps.BaseStepListener - stepFinished: current outcome:Consult the user list for a non existent page:Given I have an access Token of a regular user to search users [Login an user into the platform [Login user [POST https://nodejs-qa-training.herokuapp.com/users/sessions]]]
22:54:25.394 [Test worker] WARN  n.t.core.steps.BaseStepListener - stepFinished: current outcome:Consult the user list for a non existent page:Given I have an access Token of a regular user to search users [Login an user into the platform [Login user [POST https://nodejs-qa-training.herokuapp.com/users/sessions]]]
22:54:25.394 [Test worker] WARN  n.t.core.steps.BaseStepListener - stepStarted: net.thucydides.core.steps.ExecutedStepDescription@301beb7c
22:54:25.396 [Test worker] WARN  n.t.core.steps.BaseStepListener - stepStarted: net.thucydides.core.steps.ExecutedStepDescription@5f50e2d4
22:54:25.936 [Test worker] WARN  n.t.core.steps.BaseStepListener - stepStarted: net.thucydides.core.steps.ExecutedStepDescription@4a29494d
22:54:25.938 [Test worker] WARN  n.t.core.steps.BaseStepListener - stepFinished: current outcome:Consult the user list for a non existent page:Given I have an access Token of a regular user to search users [Login an user into the platform [Login user [POST https://nodejs-qa-training.herokuapp.com/users/sessions]]], When I consume the web service to see the user list in an non-existent page on the platform [See the users into the platform in specific page [GET https://nodejs-qa-training.herokuapp.com/users?page%3D%25s=123456789]]
22:54:25.938 [Test worker] WARN  n.t.core.steps.BaseStepListener - stepFinished: current outcome:Consult the user list for a non existent page:Given I have an access Token of a regular user to search users [Login an user into the platform [Login user [POST https://nodejs-qa-training.herokuapp.com/users/sessions]]], When I consume the web service to see the user list in an non-existent page on the platform [See the users into the platform in specific page [GET https://nodejs-qa-training.herokuapp.com/users?page%3D%25s=123456789]]
22:54:25.939 [Test worker] WARN  n.t.core.steps.BaseStepListener - stepFinished: current outcome:Consult the user list for a non existent page:Given I have an access Token of a regular user to search users [Login an user into the platform [Login user [POST https://nodejs-qa-training.herokuapp.com/users/sessions]]], When I consume the web service to see the user list in an non-existent page on the platform [See the users into the platform in specific page [GET https://nodejs-qa-training.herokuapp.com/users?page%3D%25s=123456789]]
22:54:25.940 [Test worker] WARN  n.t.core.steps.BaseStepListener - stepStarted: net.thucydides.core.steps.ExecutedStepDescription@175374b2
22:54:26.003 [Test worker] WARN  n.t.core.steps.BaseStepListener - stepStarted: net.thucydides.core.steps.ExecutedStepDescription@22353b0
22:54:26.023 [Test worker] WARN  n.t.core.steps.BaseStepListener - stepStarted: net.thucydides.core.steps.ExecutedStepDescription@72d865e5
</pre>
</span>
</div>
</div>
<div id="footer">
<p>
<div>
<label class="hidden" id="label-for-line-wrapping-toggle" for="line-wrapping-toggle">Wrap lines
<input id="line-wrapping-toggle" type="checkbox" autocomplete="off"/>
</label>
</div>Generated by 
<a href="http://www.gradle.org">Gradle 5.4.1</a> at 7/06/2021 10:55:16 PM</p>
</div>
</div>
</body>
</html>
